{"/Users/aliarsalan/throttle.ai/packages/core/src/config.ts": {"path":"/Users/aliarsalan/throttle.ai/packages/core/src/config.ts","all":false,"statementMap":{"7":{"start":{"line":8,"column":0},"end":{"line":8,"column":41}},"8":{"start":{"line":9,"column":0},"end":{"line":9,"column":11}},"9":{"start":{"line":10,"column":0},"end":{"line":10,"column":17}},"10":{"start":{"line":11,"column":0},"end":{"line":11,"column":20}},"11":{"start":{"line":12,"column":0},"end":{"line":12,"column":17}},"12":{"start":{"line":13,"column":0},"end":{"line":13,"column":17}},"13":{"start":{"line":14,"column":0},"end":{"line":14,"column":17}},"14":{"start":{"line":15,"column":0},"end":{"line":15,"column":18}},"15":{"start":{"line":16,"column":0},"end":{"line":16,"column":4}},"16":{"start":{"line":17,"column":0},"end":{"line":17,"column":23}},"17":{"start":{"line":18,"column":0},"end":{"line":18,"column":14}},"18":{"start":{"line":19,"column":0},"end":{"line":19,"column":2}},"20":{"start":{"line":21,"column":0},"end":{"line":21,"column":72}},"21":{"start":{"line":22,"column":0},"end":{"line":22,"column":10}},"22":{"start":{"line":23,"column":0},"end":{"line":23,"column":21}},"23":{"start":{"line":24,"column":0},"end":{"line":24,"column":15}},"24":{"start":{"line":25,"column":0},"end":{"line":25,"column":60}},"25":{"start":{"line":26,"column":0},"end":{"line":26,"column":4}},"26":{"start":{"line":27,"column":0},"end":{"line":27,"column":1}}},"s":{"7":1,"8":1,"9":1,"10":1,"11":1,"12":1,"13":1,"14":1,"15":1,"16":1,"17":1,"18":1,"20":1,"21":13,"22":13,"23":13,"24":13,"25":13,"26":13},"branchMap":{"0":{"type":"branch","line":21,"loc":{"start":{"line":21,"column":7},"end":{"line":27,"column":1}},"locations":[{"start":{"line":21,"column":7},"end":{"line":27,"column":1}}]},"1":{"type":"branch","line":25,"loc":{"start":{"line":25,"column":42},"end":{"line":25,"column":58}},"locations":[{"start":{"line":25,"column":42},"end":{"line":25,"column":58}}]}},"b":{"0":[13],"1":[7]},"fnMap":{"0":{"name":"resolveConfig","decl":{"start":{"line":21,"column":7},"end":{"line":27,"column":1}},"loc":{"start":{"line":21,"column":7},"end":{"line":27,"column":1}},"line":21}},"f":{"0":13}}
,"/Users/aliarsalan/throttle.ai/packages/core/src/history.ts": {"path":"/Users/aliarsalan/throttle.ai/packages/core/src/history.ts","all":false,"statementMap":{"84":{"start":{"line":85,"column":0},"end":{"line":85,"column":66}},"85":{"start":{"line":86,"column":0},"end":{"line":86,"column":62}},"88":{"start":{"line":89,"column":0},"end":{"line":89,"column":50}},"90":{"start":{"line":91,"column":0},"end":{"line":91,"column":53}},"91":{"start":{"line":92,"column":0},"end":{"line":92,"column":41}},"92":{"start":{"line":93,"column":0},"end":{"line":93,"column":13}},"93":{"start":{"line":94,"column":0},"end":{"line":94,"column":11}},"94":{"start":{"line":95,"column":0},"end":{"line":95,"column":18}},"95":{"start":{"line":96,"column":0},"end":{"line":96,"column":26}},"96":{"start":{"line":97,"column":0},"end":{"line":97,"column":21}},"97":{"start":{"line":98,"column":0},"end":{"line":98,"column":21}},"98":{"start":{"line":99,"column":0},"end":{"line":99,"column":27}},"99":{"start":{"line":100,"column":0},"end":{"line":100,"column":28}},"100":{"start":{"line":101,"column":0},"end":{"line":101,"column":23}},"101":{"start":{"line":102,"column":0},"end":{"line":102,"column":8}},"102":{"start":{"line":103,"column":0},"end":{"line":103,"column":38}},"103":{"start":{"line":104,"column":0},"end":{"line":104,"column":5}},"104":{"start":{"line":105,"column":0},"end":{"line":105,"column":103}},"105":{"start":{"line":106,"column":0},"end":{"line":106,"column":71}},"106":{"start":{"line":107,"column":0},"end":{"line":107,"column":65}},"107":{"start":{"line":108,"column":0},"end":{"line":108,"column":5}},"109":{"start":{"line":110,"column":0},"end":{"line":110,"column":31}},"110":{"start":{"line":111,"column":0},"end":{"line":111,"column":25}},"111":{"start":{"line":112,"column":0},"end":{"line":112,"column":27}},"112":{"start":{"line":113,"column":0},"end":{"line":113,"column":33}},"113":{"start":{"line":114,"column":0},"end":{"line":114,"column":3}},"115":{"start":{"line":116,"column":0},"end":{"line":116,"column":60}},"116":{"start":{"line":117,"column":0},"end":{"line":117,"column":43}},"117":{"start":{"line":118,"column":0},"end":{"line":118,"column":29}},"118":{"start":{"line":119,"column":0},"end":{"line":119,"column":12}},"119":{"start":{"line":120,"column":0},"end":{"line":120,"column":29}},"120":{"start":{"line":121,"column":0},"end":{"line":121,"column":21}},"121":{"start":{"line":122,"column":0},"end":{"line":122,"column":27}},"122":{"start":{"line":123,"column":0},"end":{"line":123,"column":32}},"123":{"start":{"line":124,"column":0},"end":{"line":124,"column":31}},"124":{"start":{"line":125,"column":0},"end":{"line":125,"column":29}},"125":{"start":{"line":126,"column":0},"end":{"line":126,"column":31}},"126":{"start":{"line":127,"column":0},"end":{"line":127,"column":33}},"127":{"start":{"line":128,"column":0},"end":{"line":128,"column":6}},"128":{"start":{"line":129,"column":0},"end":{"line":129,"column":3}},"130":{"start":{"line":131,"column":0},"end":{"line":131,"column":28}},"131":{"start":{"line":132,"column":0},"end":{"line":132,"column":38}},"132":{"start":{"line":133,"column":0},"end":{"line":133,"column":20}},"133":{"start":{"line":134,"column":0},"end":{"line":134,"column":31}},"134":{"start":{"line":135,"column":0},"end":{"line":135,"column":23}},"135":{"start":{"line":136,"column":0},"end":{"line":136,"column":33}},"136":{"start":{"line":137,"column":0},"end":{"line":137,"column":33}},"137":{"start":{"line":138,"column":0},"end":{"line":138,"column":35}},"138":{"start":{"line":139,"column":0},"end":{"line":139,"column":9}},"139":{"start":{"line":140,"column":0},"end":{"line":140,"column":51}},"140":{"start":{"line":141,"column":0},"end":{"line":141,"column":3}},"142":{"start":{"line":143,"column":0},"end":{"line":143,"column":35}},"143":{"start":{"line":144,"column":0},"end":{"line":144,"column":55}},"144":{"start":{"line":145,"column":0},"end":{"line":145,"column":41}},"145":{"start":{"line":146,"column":0},"end":{"line":146,"column":3}},"146":{"start":{"line":147,"column":0},"end":{"line":147,"column":1}}},"s":{"84":1,"85":8,"88":8,"90":8,"91":14,"92":14,"93":10,"94":10,"95":10,"96":10,"97":10,"98":10,"99":10,"100":10,"101":10,"102":10,"103":10,"104":14,"105":14,"106":2,"107":2,"109":14,"110":14,"111":14,"112":14,"113":14,"115":8,"116":10,"117":10,"118":8,"119":8,"120":8,"121":8,"122":8,"123":8,"124":8,"125":8,"126":8,"127":8,"128":10,"130":8,"131":2,"132":2,"133":2,"134":2,"135":2,"136":2,"137":2,"138":2,"139":2,"140":2,"142":8,"143":2,"144":1,"145":2,"146":8},"branchMap":{"0":{"type":"branch","line":85,"loc":{"start":{"line":85,"column":65},"end":{"line":147,"column":1}},"locations":[{"start":{"line":85,"column":65},"end":{"line":147,"column":1}}]},"1":{"type":"branch","line":89,"loc":{"start":{"line":89,"column":2},"end":{"line":89,"column":50}},"locations":[{"start":{"line":89,"column":2},"end":{"line":89,"column":50}}]},"2":{"type":"branch","line":91,"loc":{"start":{"line":91,"column":2},"end":{"line":114,"column":3}},"locations":[{"start":{"line":91,"column":2},"end":{"line":114,"column":3}}]},"3":{"type":"branch","line":93,"loc":{"start":{"line":93,"column":12},"end":{"line":104,"column":5}},"locations":[{"start":{"line":93,"column":12},"end":{"line":104,"column":5}}]},"4":{"type":"branch","line":106,"loc":{"start":{"line":106,"column":27},"end":{"line":106,"column":70}},"locations":[{"start":{"line":106,"column":27},"end":{"line":106,"column":70}}]},"5":{"type":"branch","line":106,"loc":{"start":{"line":106,"column":70},"end":{"line":108,"column":5}},"locations":[{"start":{"line":106,"column":70},"end":{"line":108,"column":5}}]},"6":{"type":"branch","line":116,"loc":{"start":{"line":116,"column":2},"end":{"line":129,"column":3}},"locations":[{"start":{"line":116,"column":2},"end":{"line":129,"column":3}}]},"7":{"type":"branch","line":118,"loc":{"start":{"line":118,"column":12},"end":{"line":118,"column":29}},"locations":[{"start":{"line":118,"column":12},"end":{"line":118,"column":29}}]},"8":{"type":"branch","line":118,"loc":{"start":{"line":118,"column":19},"end":{"line":128,"column":6}},"locations":[{"start":{"line":118,"column":19},"end":{"line":128,"column":6}}]},"9":{"type":"branch","line":131,"loc":{"start":{"line":131,"column":2},"end":{"line":141,"column":3}},"locations":[{"start":{"line":131,"column":2},"end":{"line":141,"column":3}}]},"10":{"type":"branch","line":133,"loc":{"start":{"line":133,"column":11},"end":{"line":139,"column":8}},"locations":[{"start":{"line":133,"column":11},"end":{"line":139,"column":8}}]},"11":{"type":"branch","line":140,"loc":{"start":{"line":140,"column":12},"end":{"line":140,"column":49}},"locations":[{"start":{"line":140,"column":12},"end":{"line":140,"column":49}}]},"12":{"type":"branch","line":143,"loc":{"start":{"line":143,"column":2},"end":{"line":146,"column":3}},"locations":[{"start":{"line":143,"column":2},"end":{"line":146,"column":3}}]},"13":{"type":"branch","line":144,"loc":{"start":{"line":144,"column":33},"end":{"line":145,"column":41}},"locations":[{"start":{"line":144,"column":33},"end":{"line":145,"column":41}}]}},"b":{"0":[8],"1":[8],"2":[14],"3":[10],"4":[4],"5":[2],"6":[10],"7":[2],"8":[8],"9":[2],"10":[2],"11":[1],"12":[2],"13":[1]},"fnMap":{"0":{"name":"<instance_members_initializer>","decl":{"start":{"line":85,"column":65},"end":{"line":147,"column":1}},"loc":{"start":{"line":85,"column":65},"end":{"line":147,"column":1}},"line":85},"1":{"name":"InMemoryHistoryStore","decl":{"start":{"line":89,"column":2},"end":{"line":89,"column":50}},"loc":{"start":{"line":89,"column":2},"end":{"line":89,"column":50}},"line":89},"2":{"name":"append","decl":{"start":{"line":91,"column":2},"end":{"line":114,"column":3}},"loc":{"start":{"line":91,"column":2},"end":{"line":114,"column":3}},"line":91},"3":{"name":"resume","decl":{"start":{"line":116,"column":2},"end":{"line":129,"column":3}},"loc":{"start":{"line":116,"column":2},"end":{"line":129,"column":3}},"line":116},"4":{"name":"list","decl":{"start":{"line":131,"column":2},"end":{"line":141,"column":3}},"loc":{"start":{"line":131,"column":2},"end":{"line":141,"column":3}},"line":131},"5":{"name":"clear","decl":{"start":{"line":143,"column":2},"end":{"line":146,"column":3}},"loc":{"start":{"line":143,"column":2},"end":{"line":146,"column":3}},"line":143}},"f":{"0":8,"1":8,"2":14,"3":10,"4":2,"5":2}}
,"/Users/aliarsalan/throttle.ai/packages/core/src/memory.ts": {"path":"/Users/aliarsalan/throttle.ai/packages/core/src/memory.ts","all":false,"statementMap":{"12":{"start":{"line":13,"column":0},"end":{"line":13,"column":65}},"13":{"start":{"line":14,"column":0},"end":{"line":14,"column":70}},"14":{"start":{"line":15,"column":0},"end":{"line":15,"column":18}},"16":{"start":{"line":17,"column":0},"end":{"line":17,"column":63}},"17":{"start":{"line":18,"column":0},"end":{"line":18,"column":52}},"18":{"start":{"line":19,"column":0},"end":{"line":19,"column":3}},"20":{"start":{"line":21,"column":0},"end":{"line":21,"column":69}},"21":{"start":{"line":22,"column":0},"end":{"line":22,"column":48}},"22":{"start":{"line":23,"column":0},"end":{"line":23,"column":19}},"23":{"start":{"line":24,"column":0},"end":{"line":24,"column":26}},"24":{"start":{"line":25,"column":0},"end":{"line":25,"column":45}},"25":{"start":{"line":26,"column":0},"end":{"line":26,"column":5}},"26":{"start":{"line":27,"column":0},"end":{"line":27,"column":39}},"27":{"start":{"line":28,"column":0},"end":{"line":28,"column":34}},"28":{"start":{"line":29,"column":0},"end":{"line":29,"column":50}},"29":{"start":{"line":30,"column":0},"end":{"line":30,"column":26}},"30":{"start":{"line":31,"column":0},"end":{"line":31,"column":14}},"31":{"start":{"line":32,"column":0},"end":{"line":32,"column":3}},"34":{"start":{"line":35,"column":0},"end":{"line":35,"column":17}},"35":{"start":{"line":36,"column":0},"end":{"line":36,"column":27}},"36":{"start":{"line":37,"column":0},"end":{"line":37,"column":17}},"37":{"start":{"line":38,"column":0},"end":{"line":38,"column":3}},"38":{"start":{"line":39,"column":0},"end":{"line":39,"column":1}}},"s":{"12":1,"13":14,"14":14,"16":14,"17":4,"18":4,"20":14,"21":6,"22":6,"23":4,"24":4,"25":4,"26":6,"27":6,"28":5,"29":5,"30":5,"31":6,"34":14,"35":1,"36":1,"37":1,"38":14},"branchMap":{"0":{"type":"branch","line":13,"loc":{"start":{"line":13,"column":64},"end":{"line":39,"column":1}},"locations":[{"start":{"line":13,"column":64},"end":{"line":39,"column":1}}]},"1":{"type":"branch","line":17,"loc":{"start":{"line":17,"column":2},"end":{"line":19,"column":3}},"locations":[{"start":{"line":17,"column":2},"end":{"line":19,"column":3}}]},"2":{"type":"branch","line":18,"loc":{"start":{"line":18,"column":39},"end":{"line":18,"column":46}},"locations":[{"start":{"line":18,"column":39},"end":{"line":18,"column":46}}]},"3":{"type":"branch","line":21,"loc":{"start":{"line":21,"column":2},"end":{"line":32,"column":3}},"locations":[{"start":{"line":21,"column":2},"end":{"line":32,"column":3}}]},"4":{"type":"branch","line":23,"loc":{"start":{"line":23,"column":18},"end":{"line":26,"column":5}},"locations":[{"start":{"line":23,"column":18},"end":{"line":26,"column":5}}]},"5":{"type":"branch","line":28,"loc":{"start":{"line":28,"column":18},"end":{"line":28,"column":34}},"locations":[{"start":{"line":28,"column":18},"end":{"line":28,"column":34}}]},"6":{"type":"branch","line":28,"loc":{"start":{"line":28,"column":25},"end":{"line":31,"column":14}},"locations":[{"start":{"line":28,"column":25},"end":{"line":31,"column":14}}]},"7":{"type":"branch","line":35,"loc":{"start":{"line":35,"column":2},"end":{"line":38,"column":3}},"locations":[{"start":{"line":35,"column":2},"end":{"line":38,"column":3}}]}},"b":{"0":[14],"1":[4],"2":[1],"3":[6],"4":[4],"5":[1],"6":[5],"7":[1]},"fnMap":{"0":{"name":"<instance_members_initializer>","decl":{"start":{"line":13,"column":64},"end":{"line":39,"column":1}},"loc":{"start":{"line":13,"column":64},"end":{"line":39,"column":1}},"line":13},"1":{"name":"lookup","decl":{"start":{"line":17,"column":2},"end":{"line":19,"column":3}},"loc":{"start":{"line":17,"column":2},"end":{"line":19,"column":3}},"line":17},"2":{"name":"register","decl":{"start":{"line":21,"column":2},"end":{"line":32,"column":3}},"loc":{"start":{"line":21,"column":2},"end":{"line":32,"column":3}},"line":21},"3":{"name":"clear","decl":{"start":{"line":35,"column":2},"end":{"line":38,"column":3}},"loc":{"start":{"line":35,"column":2},"end":{"line":38,"column":3}},"line":35}},"f":{"0":14,"1":4,"2":6,"3":1}}
,"/Users/aliarsalan/throttle.ai/packages/core/src/metrics.ts": {"path":"/Users/aliarsalan/throttle.ai/packages/core/src/metrics.ts","all":false,"statementMap":{"20":{"start":{"line":21,"column":0},"end":{"line":21,"column":69}},"21":{"start":{"line":22,"column":0},"end":{"line":22,"column":18}},"22":{"start":{"line":23,"column":0},"end":{"line":23,"column":80}},"23":{"start":{"line":24,"column":0},"end":{"line":24,"column":10}},"24":{"start":{"line":25,"column":0},"end":{"line":25,"column":39}},"25":{"start":{"line":26,"column":0},"end":{"line":26,"column":37}},"26":{"start":{"line":27,"column":0},"end":{"line":27,"column":25}},"27":{"start":{"line":28,"column":0},"end":{"line":28,"column":45}},"28":{"start":{"line":29,"column":0},"end":{"line":29,"column":59}},"29":{"start":{"line":30,"column":0},"end":{"line":30,"column":42}},"30":{"start":{"line":31,"column":0},"end":{"line":31,"column":19}},"31":{"start":{"line":32,"column":0},"end":{"line":32,"column":21}},"32":{"start":{"line":33,"column":0},"end":{"line":33,"column":31}},"33":{"start":{"line":34,"column":0},"end":{"line":34,"column":8}},"34":{"start":{"line":35,"column":0},"end":{"line":35,"column":4}},"35":{"start":{"line":36,"column":0},"end":{"line":36,"column":1}},"38":{"start":{"line":39,"column":0},"end":{"line":39,"column":74}},"39":{"start":{"line":40,"column":0},"end":{"line":40,"column":13}},"40":{"start":{"line":41,"column":0},"end":{"line":41,"column":79}},"41":{"start":{"line":42,"column":0},"end":{"line":42,"column":136}},"42":{"start":{"line":43,"column":0},"end":{"line":43,"column":1}}},"s":{"20":1,"21":4,"22":4,"23":4,"24":4,"25":4,"26":4,"27":4,"28":4,"29":4,"30":4,"31":4,"32":4,"33":4,"34":4,"35":4,"38":1,"39":2,"40":2,"41":2,"42":2},"branchMap":{"0":{"type":"branch","line":21,"loc":{"start":{"line":21,"column":7},"end":{"line":36,"column":1}},"locations":[{"start":{"line":21,"column":7},"end":{"line":36,"column":1}}]},"1":{"type":"branch","line":23,"loc":{"start":{"line":23,"column":27},"end":{"line":23,"column":78}},"locations":[{"start":{"line":23,"column":27},"end":{"line":23,"column":78}}]},"2":{"type":"branch","line":23,"loc":{"start":{"line":23,"column":72},"end":{"line":23,"column":80}},"locations":[{"start":{"line":23,"column":72},"end":{"line":23,"column":80}}]},"3":{"type":"branch","line":30,"loc":{"start":{"line":30,"column":33},"end":{"line":34,"column":6}},"locations":[{"start":{"line":30,"column":33},"end":{"line":34,"column":6}}]},"4":{"type":"branch","line":39,"loc":{"start":{"line":39,"column":7},"end":{"line":43,"column":1}},"locations":[{"start":{"line":39,"column":7},"end":{"line":43,"column":1}}]},"5":{"type":"branch","line":41,"loc":{"start":{"line":41,"column":21},"end":{"line":41,"column":73}},"locations":[{"start":{"line":41,"column":21},"end":{"line":41,"column":73}}]},"6":{"type":"branch","line":41,"loc":{"start":{"line":41,"column":69},"end":{"line":41,"column":79}},"locations":[{"start":{"line":41,"column":69},"end":{"line":41,"column":79}}]}},"b":{"0":[4],"1":[3],"2":[1],"3":[4],"4":[2],"5":[1],"6":[1]},"fnMap":{"0":{"name":"summarize","decl":{"start":{"line":21,"column":7},"end":{"line":36,"column":1}},"loc":{"start":{"line":21,"column":7},"end":{"line":36,"column":1}},"line":21},"1":{"name":"formatLogLine","decl":{"start":{"line":39,"column":7},"end":{"line":43,"column":1}},"loc":{"start":{"line":39,"column":7},"end":{"line":43,"column":1}},"line":39}},"f":{"0":4,"1":2}}
,"/Users/aliarsalan/throttle.ai/packages/core/src/pipeline.ts": {"path":"/Users/aliarsalan/throttle.ai/packages/core/src/pipeline.ts","all":false,"statementMap":{"0":{"start":{"line":1,"column":0},"end":{"line":1,"column":13}},"29":{"start":{"line":30,"column":0},"end":{"line":30,"column":34}},"30":{"start":{"line":31,"column":0},"end":{"line":31,"column":27}},"31":{"start":{"line":32,"column":0},"end":{"line":32,"column":22}},"32":{"start":{"line":33,"column":0},"end":{"line":33,"column":32}},"33":{"start":{"line":34,"column":0},"end":{"line":34,"column":28}},"34":{"start":{"line":35,"column":0},"end":{"line":35,"column":46}},"35":{"start":{"line":36,"column":0},"end":{"line":36,"column":54}},"36":{"start":{"line":37,"column":0},"end":{"line":37,"column":24}},"38":{"start":{"line":39,"column":0},"end":{"line":39,"column":57}},"39":{"start":{"line":40,"column":0},"end":{"line":40,"column":22}},"40":{"start":{"line":41,"column":0},"end":{"line":41,"column":35}},"41":{"start":{"line":42,"column":0},"end":{"line":42,"column":61}},"43":{"start":{"line":44,"column":0},"end":{"line":44,"column":31}},"44":{"start":{"line":45,"column":0},"end":{"line":45,"column":47}},"45":{"start":{"line":46,"column":0},"end":{"line":46,"column":77}},"46":{"start":{"line":47,"column":0},"end":{"line":47,"column":27}},"48":{"start":{"line":49,"column":0},"end":{"line":49,"column":33}},"49":{"start":{"line":50,"column":0},"end":{"line":50,"column":49}},"50":{"start":{"line":51,"column":0},"end":{"line":51,"column":57}},"51":{"start":{"line":52,"column":0},"end":{"line":52,"column":41}},"54":{"start":{"line":55,"column":0},"end":{"line":55,"column":87}},"55":{"start":{"line":56,"column":0},"end":{"line":56,"column":19}},"56":{"start":{"line":57,"column":0},"end":{"line":57,"column":21}},"57":{"start":{"line":58,"column":0},"end":{"line":58,"column":25}},"58":{"start":{"line":59,"column":0},"end":{"line":59,"column":17}},"59":{"start":{"line":60,"column":0},"end":{"line":60,"column":38}},"60":{"start":{"line":61,"column":0},"end":{"line":61,"column":87}},"61":{"start":{"line":62,"column":0},"end":{"line":62,"column":9}},"62":{"start":{"line":63,"column":0},"end":{"line":63,"column":15}},"63":{"start":{"line":64,"column":0},"end":{"line":64,"column":5}},"65":{"start":{"line":66,"column":0},"end":{"line":66,"column":25}},"66":{"start":{"line":67,"column":0},"end":{"line":67,"column":26}},"67":{"start":{"line":68,"column":0},"end":{"line":68,"column":19}},"68":{"start":{"line":69,"column":0},"end":{"line":69,"column":23}},"69":{"start":{"line":70,"column":0},"end":{"line":70,"column":27}},"70":{"start":{"line":71,"column":0},"end":{"line":71,"column":36}},"71":{"start":{"line":72,"column":0},"end":{"line":72,"column":26}},"72":{"start":{"line":73,"column":0},"end":{"line":73,"column":7}},"73":{"start":{"line":74,"column":0},"end":{"line":74,"column":3}},"75":{"start":{"line":76,"column":0},"end":{"line":76,"column":36}},"76":{"start":{"line":77,"column":0},"end":{"line":77,"column":10}},"77":{"start":{"line":78,"column":0},"end":{"line":78,"column":17}},"78":{"start":{"line":79,"column":0},"end":{"line":79,"column":14}},"79":{"start":{"line":80,"column":0},"end":{"line":80,"column":19}},"80":{"start":{"line":81,"column":0},"end":{"line":81,"column":18}},"81":{"start":{"line":82,"column":0},"end":{"line":82,"column":40}},"82":{"start":{"line":83,"column":0},"end":{"line":83,"column":15}},"83":{"start":{"line":84,"column":0},"end":{"line":84,"column":34}},"84":{"start":{"line":85,"column":0},"end":{"line":85,"column":6}},"85":{"start":{"line":86,"column":0},"end":{"line":86,"column":4}},"86":{"start":{"line":87,"column":0},"end":{"line":87,"column":1}},"89":{"start":{"line":90,"column":0},"end":{"line":90,"column":37}},"90":{"start":{"line":91,"column":0},"end":{"line":91,"column":81}},"91":{"start":{"line":92,"column":0},"end":{"line":92,"column":19}},"92":{"start":{"line":93,"column":0},"end":{"line":93,"column":15}},"93":{"start":{"line":94,"column":0},"end":{"line":94,"column":1}}},"s":{"0":1,"29":8,"30":8,"31":8,"32":8,"33":8,"34":8,"35":8,"36":8,"38":8,"39":8,"40":8,"41":8,"43":8,"44":24,"45":24,"46":24,"48":5,"49":5,"50":5,"51":5,"54":24,"55":24,"56":1,"57":1,"58":1,"59":1,"60":1,"61":1,"62":1,"63":1,"65":4,"66":4,"67":4,"68":4,"69":4,"70":4,"71":4,"72":4,"73":4,"75":8,"76":8,"77":8,"78":8,"79":8,"80":8,"81":8,"82":8,"83":8,"84":8,"85":8,"86":8,"89":1,"90":8,"91":8,"92":8,"93":8},"branchMap":{"0":{"type":"branch","line":30,"loc":{"start":{"line":30,"column":0},"end":{"line":87,"column":1}},"locations":[{"start":{"line":30,"column":0},"end":{"line":87,"column":1}}]},"1":{"type":"branch","line":35,"loc":{"start":{"line":35,"column":22},"end":{"line":35,"column":46}},"locations":[{"start":{"line":35,"column":22},"end":{"line":35,"column":46}}]},"2":{"type":"branch","line":36,"loc":{"start":{"line":36,"column":21},"end":{"line":36,"column":54}},"locations":[{"start":{"line":36,"column":21},"end":{"line":36,"column":54}}]},"3":{"type":"branch","line":44,"loc":{"start":{"line":44,"column":30},"end":{"line":74,"column":3}},"locations":[{"start":{"line":44,"column":30},"end":{"line":74,"column":3}}]},"4":{"type":"branch","line":46,"loc":{"start":{"line":46,"column":59},"end":{"line":46,"column":77}},"locations":[{"start":{"line":46,"column":59},"end":{"line":46,"column":77}}]},"5":{"type":"branch","line":47,"loc":{"start":{"line":47,"column":18},"end":{"line":47,"column":27}},"locations":[{"start":{"line":47,"column":18},"end":{"line":47,"column":27}}]},"6":{"type":"branch","line":47,"loc":{"start":{"line":47,"column":18},"end":{"line":55,"column":43}},"locations":[{"start":{"line":47,"column":18},"end":{"line":55,"column":43}}]},"7":{"type":"branch","line":55,"loc":{"start":{"line":55,"column":29},"end":{"line":55,"column":87}},"locations":[{"start":{"line":55,"column":29},"end":{"line":55,"column":87}}]},"8":{"type":"branch","line":56,"loc":{"start":{"line":56,"column":18},"end":{"line":64,"column":5}},"locations":[{"start":{"line":56,"column":18},"end":{"line":64,"column":5}}]},"9":{"type":"branch","line":64,"loc":{"start":{"line":64,"column":4},"end":{"line":74,"column":3}},"locations":[{"start":{"line":64,"column":4},"end":{"line":74,"column":3}}]},"10":{"type":"branch","line":36,"loc":{"start":{"line":36,"column":29},"end":{"line":36,"column":54}},"locations":[{"start":{"line":36,"column":29},"end":{"line":36,"column":54}}]},"11":{"type":"branch","line":90,"loc":{"start":{"line":90,"column":7},"end":{"line":94,"column":1}},"locations":[{"start":{"line":90,"column":7},"end":{"line":94,"column":1}}]}},"b":{"0":[8],"1":[3],"2":[7],"3":[24],"4":[0],"5":[19],"6":[5],"7":[1],"8":[1],"9":[4],"10":[14],"11":[8]},"fnMap":{"0":{"name":"runPipeline","decl":{"start":{"line":30,"column":0},"end":{"line":87,"column":1}},"loc":{"start":{"line":30,"column":0},"end":{"line":87,"column":1}},"line":30},"1":{"name":"clock","decl":{"start":{"line":36,"column":29},"end":{"line":36,"column":54}},"loc":{"start":{"line":36,"column":29},"end":{"line":36,"column":54}},"line":36},"2":{"name":"createSessionContext","decl":{"start":{"line":90,"column":7},"end":{"line":94,"column":1}},"loc":{"start":{"line":90,"column":7},"end":{"line":94,"column":1}},"line":90}},"f":{"0":8,"1":14,"2":8}}
,"/Users/aliarsalan/throttle.ai/packages/core/src/tokenizer.ts": {"path":"/Users/aliarsalan/throttle.ai/packages/core/src/tokenizer.ts","all":false,"statementMap":{"16":{"start":{"line":17,"column":0},"end":{"line":17,"column":33}},"18":{"start":{"line":19,"column":0},"end":{"line":19,"column":44}},"19":{"start":{"line":20,"column":0},"end":{"line":20,"column":34}},"20":{"start":{"line":21,"column":0},"end":{"line":21,"column":57}},"21":{"start":{"line":22,"column":0},"end":{"line":22,"column":1}},"23":{"start":{"line":24,"column":0},"end":{"line":24,"column":49}},"24":{"start":{"line":25,"column":0},"end":{"line":25,"column":23}},"25":{"start":{"line":26,"column":0},"end":{"line":26,"column":16}},"26":{"start":{"line":27,"column":0},"end":{"line":27,"column":24}},"27":{"start":{"line":28,"column":0},"end":{"line":28,"column":20}},"28":{"start":{"line":29,"column":0},"end":{"line":29,"column":62}},"29":{"start":{"line":30,"column":0},"end":{"line":30,"column":23}},"30":{"start":{"line":31,"column":0},"end":{"line":31,"column":46}},"31":{"start":{"line":32,"column":0},"end":{"line":32,"column":23}},"32":{"start":{"line":33,"column":0},"end":{"line":33,"column":48}},"33":{"start":{"line":34,"column":0},"end":{"line":34,"column":15}},"34":{"start":{"line":35,"column":0},"end":{"line":35,"column":47}},"35":{"start":{"line":36,"column":0},"end":{"line":36,"column":14}},"36":{"start":{"line":37,"column":0},"end":{"line":37,"column":39}},"37":{"start":{"line":38,"column":0},"end":{"line":38,"column":33}},"38":{"start":{"line":39,"column":0},"end":{"line":39,"column":5}},"39":{"start":{"line":40,"column":0},"end":{"line":40,"column":3}},"40":{"start":{"line":41,"column":0},"end":{"line":41,"column":1}},"46":{"start":{"line":47,"column":0},"end":{"line":47,"column":51}},"47":{"start":{"line":48,"column":0},"end":{"line":48,"column":25}},"49":{"start":{"line":50,"column":0},"end":{"line":50,"column":47}},"50":{"start":{"line":51,"column":0},"end":{"line":51,"column":29}},"51":{"start":{"line":52,"column":0},"end":{"line":52,"column":3}},"53":{"start":{"line":54,"column":0},"end":{"line":54,"column":48}},"54":{"start":{"line":55,"column":0},"end":{"line":55,"column":18}},"55":{"start":{"line":56,"column":0},"end":{"line":56,"column":65}},"56":{"start":{"line":57,"column":0},"end":{"line":57,"column":37}},"57":{"start":{"line":58,"column":0},"end":{"line":58,"column":78}},"58":{"start":{"line":59,"column":0},"end":{"line":59,"column":5}},"59":{"start":{"line":60,"column":0},"end":{"line":60,"column":35}},"60":{"start":{"line":61,"column":0},"end":{"line":61,"column":103}},"61":{"start":{"line":62,"column":0},"end":{"line":62,"column":5}},"62":{"start":{"line":63,"column":0},"end":{"line":63,"column":17}},"63":{"start":{"line":64,"column":0},"end":{"line":64,"column":3}},"64":{"start":{"line":65,"column":0},"end":{"line":65,"column":1}},"66":{"start":{"line":67,"column":0},"end":{"line":67,"column":53}}},"s":{"16":1,"18":38,"19":38,"20":36,"21":36,"23":19,"24":19,"25":19,"26":15,"27":19,"28":1,"29":19,"30":2,"31":1,"32":1,"33":19,"34":1,"35":19,"36":0,"37":0,"38":0,"39":19,"40":19,"46":1,"47":4,"49":4,"50":5,"51":5,"53":4,"54":15,"55":15,"56":15,"57":15,"58":15,"59":15,"60":1,"61":1,"62":15,"63":15,"64":4,"66":1},"branchMap":{"0":{"type":"branch","line":19,"loc":{"start":{"line":19,"column":0},"end":{"line":22,"column":1}},"locations":[{"start":{"line":19,"column":0},"end":{"line":22,"column":1}}]},"1":{"type":"branch","line":20,"loc":{"start":{"line":20,"column":25},"end":{"line":20,"column":34}},"locations":[{"start":{"line":20,"column":25},"end":{"line":20,"column":34}}]},"2":{"type":"branch","line":20,"loc":{"start":{"line":20,"column":32},"end":{"line":22,"column":1}},"locations":[{"start":{"line":20,"column":32},"end":{"line":22,"column":1}}]},"3":{"type":"branch","line":24,"loc":{"start":{"line":24,"column":0},"end":{"line":41,"column":1}},"locations":[{"start":{"line":24,"column":0},"end":{"line":41,"column":1}}]},"4":{"type":"branch","line":26,"loc":{"start":{"line":26,"column":4},"end":{"line":27,"column":24}},"locations":[{"start":{"line":26,"column":4},"end":{"line":27,"column":24}}]},"5":{"type":"branch","line":28,"loc":{"start":{"line":28,"column":4},"end":{"line":29,"column":62}},"locations":[{"start":{"line":28,"column":4},"end":{"line":29,"column":62}}]},"6":{"type":"branch","line":29,"loc":{"start":{"line":29,"column":47},"end":{"line":29,"column":60}},"locations":[{"start":{"line":29,"column":47},"end":{"line":29,"column":60}}]},"7":{"type":"branch","line":30,"loc":{"start":{"line":30,"column":4},"end":{"line":33,"column":48}},"locations":[{"start":{"line":30,"column":4},"end":{"line":33,"column":48}}]},"8":{"type":"branch","line":31,"loc":{"start":{"line":31,"column":38},"end":{"line":32,"column":23}},"locations":[{"start":{"line":31,"column":38},"end":{"line":32,"column":23}}]},"9":{"type":"branch","line":32,"loc":{"start":{"line":32,"column":16},"end":{"line":33,"column":48}},"locations":[{"start":{"line":32,"column":16},"end":{"line":33,"column":48}}]},"10":{"type":"branch","line":34,"loc":{"start":{"line":34,"column":4},"end":{"line":35,"column":47}},"locations":[{"start":{"line":34,"column":4},"end":{"line":35,"column":47}}]},"11":{"type":"branch","line":35,"loc":{"start":{"line":35,"column":34},"end":{"line":35,"column":45}},"locations":[{"start":{"line":35,"column":34},"end":{"line":35,"column":45}}]},"12":{"type":"branch","line":36,"loc":{"start":{"line":36,"column":4},"end":{"line":39,"column":5}},"locations":[{"start":{"line":36,"column":4},"end":{"line":39,"column":5}}]},"13":{"type":"branch","line":47,"loc":{"start":{"line":47,"column":50},"end":{"line":65,"column":1}},"locations":[{"start":{"line":47,"column":50},"end":{"line":65,"column":1}}]},"14":{"type":"branch","line":50,"loc":{"start":{"line":50,"column":2},"end":{"line":52,"column":3}},"locations":[{"start":{"line":50,"column":2},"end":{"line":52,"column":3}}]},"15":{"type":"branch","line":54,"loc":{"start":{"line":54,"column":2},"end":{"line":64,"column":3}},"locations":[{"start":{"line":54,"column":2},"end":{"line":64,"column":3}}]},"16":{"type":"branch","line":56,"loc":{"start":{"line":56,"column":34},"end":{"line":56,"column":65}},"locations":[{"start":{"line":56,"column":34},"end":{"line":56,"column":65}}]},"17":{"type":"branch","line":58,"loc":{"start":{"line":58,"column":39},"end":{"line":58,"column":78}},"locations":[{"start":{"line":58,"column":39},"end":{"line":58,"column":78}}]},"18":{"type":"branch","line":60,"loc":{"start":{"line":60,"column":34},"end":{"line":62,"column":5}},"locations":[{"start":{"line":60,"column":34},"end":{"line":62,"column":5}}]},"19":{"type":"branch","line":61,"loc":{"start":{"line":61,"column":45},"end":{"line":61,"column":66}},"locations":[{"start":{"line":61,"column":45},"end":{"line":61,"column":66}}]},"20":{"type":"branch","line":61,"loc":{"start":{"line":61,"column":86},"end":{"line":61,"column":100}},"locations":[{"start":{"line":61,"column":86},"end":{"line":61,"column":100}}]}},"b":{"0":[38],"1":[2],"2":[36],"3":[19],"4":[15],"5":[1],"6":[0],"7":[2],"8":[1],"9":[1],"10":[1],"11":[0],"12":[0],"13":[4],"14":[5],"15":[15],"16":[14],"17":[18],"18":[1],"19":[0],"20":[0]},"fnMap":{"0":{"name":"approxCount","decl":{"start":{"line":19,"column":0},"end":{"line":22,"column":1}},"loc":{"start":{"line":19,"column":0},"end":{"line":22,"column":1}},"line":19},"1":{"name":"blockText","decl":{"start":{"line":24,"column":0},"end":{"line":41,"column":1}},"loc":{"start":{"line":24,"column":0},"end":{"line":41,"column":1}},"line":24},"2":{"name":"<instance_members_initializer>","decl":{"start":{"line":47,"column":50},"end":{"line":65,"column":1}},"loc":{"start":{"line":47,"column":50},"end":{"line":65,"column":1}},"line":47},"3":{"name":"count","decl":{"start":{"line":50,"column":2},"end":{"line":52,"column":3}},"loc":{"start":{"line":50,"column":2},"end":{"line":52,"column":3}},"line":50},"4":{"name":"countRequest","decl":{"start":{"line":54,"column":2},"end":{"line":64,"column":3}},"loc":{"start":{"line":54,"column":2},"end":{"line":64,"column":3}},"line":54}},"f":{"0":38,"1":19,"2":4,"3":5,"4":15}}
,"/Users/aliarsalan/throttle.ai/packages/core/src/stages/cache.ts": {"path":"/Users/aliarsalan/throttle.ai/packages/core/src/stages/cache.ts","all":false,"statementMap":{"13":{"start":{"line":14,"column":0},"end":{"line":14,"column":34}},"14":{"start":{"line":15,"column":0},"end":{"line":15,"column":16}},"15":{"start":{"line":16,"column":0},"end":{"line":16,"column":17}},"16":{"start":{"line":17,"column":0},"end":{"line":17,"column":66}},"17":{"start":{"line":18,"column":0},"end":{"line":18,"column":83}},"18":{"start":{"line":19,"column":0},"end":{"line":19,"column":4}},"19":{"start":{"line":20,"column":0},"end":{"line":20,"column":2}}},"s":{"13":1,"14":1,"15":1,"16":1,"17":2,"18":2,"19":1},"branchMap":{"0":{"type":"branch","line":17,"loc":{"start":{"line":17,"column":2},"end":{"line":19,"column":4}},"locations":[{"start":{"line":17,"column":2},"end":{"line":19,"column":4}}]}},"b":{"0":[2]},"fnMap":{"0":{"name":"run","decl":{"start":{"line":17,"column":2},"end":{"line":19,"column":4}},"loc":{"start":{"line":17,"column":2},"end":{"line":19,"column":4}},"line":17}},"f":{"0":2}}
,"/Users/aliarsalan/throttle.ai/packages/core/src/stages/dedup.ts": {"path":"/Users/aliarsalan/throttle.ai/packages/core/src/stages/dedup.ts","all":false,"statementMap":{"15":{"start":{"line":16,"column":0},"end":{"line":16,"column":34}},"16":{"start":{"line":17,"column":0},"end":{"line":17,"column":16}},"17":{"start":{"line":18,"column":0},"end":{"line":18,"column":17}},"18":{"start":{"line":19,"column":0},"end":{"line":19,"column":66}},"19":{"start":{"line":20,"column":0},"end":{"line":20,"column":81}},"20":{"start":{"line":21,"column":0},"end":{"line":21,"column":4}},"21":{"start":{"line":22,"column":0},"end":{"line":22,"column":2}}},"s":{"15":1,"16":1,"17":1,"18":1,"19":2,"20":2,"21":1},"branchMap":{"0":{"type":"branch","line":19,"loc":{"start":{"line":19,"column":2},"end":{"line":21,"column":4}},"locations":[{"start":{"line":19,"column":2},"end":{"line":21,"column":4}}]}},"b":{"0":[2]},"fnMap":{"0":{"name":"run","decl":{"start":{"line":19,"column":2},"end":{"line":21,"column":4}},"loc":{"start":{"line":19,"column":2},"end":{"line":21,"column":4}},"line":19}},"f":{"0":2}}
,"/Users/aliarsalan/throttle.ai/packages/core/src/stages/filediff.ts": {"path":"/Users/aliarsalan/throttle.ai/packages/core/src/stages/filediff.ts","all":false,"statementMap":{"14":{"start":{"line":15,"column":0},"end":{"line":15,"column":37}},"15":{"start":{"line":16,"column":0},"end":{"line":16,"column":19}},"16":{"start":{"line":17,"column":0},"end":{"line":17,"column":17}},"17":{"start":{"line":18,"column":0},"end":{"line":18,"column":66}},"18":{"start":{"line":19,"column":0},"end":{"line":19,"column":80}},"19":{"start":{"line":20,"column":0},"end":{"line":20,"column":4}},"20":{"start":{"line":21,"column":0},"end":{"line":21,"column":2}}},"s":{"14":1,"15":1,"16":1,"17":1,"18":2,"19":2,"20":1},"branchMap":{"0":{"type":"branch","line":18,"loc":{"start":{"line":18,"column":2},"end":{"line":20,"column":4}},"locations":[{"start":{"line":18,"column":2},"end":{"line":20,"column":4}}]}},"b":{"0":[2]},"fnMap":{"0":{"name":"run","decl":{"start":{"line":18,"column":2},"end":{"line":20,"column":4}},"loc":{"start":{"line":18,"column":2},"end":{"line":20,"column":4}},"line":18}},"f":{"0":2}}
,"/Users/aliarsalan/throttle.ai/packages/core/src/stages/index.ts": {"path":"/Users/aliarsalan/throttle.ai/packages/core/src/stages/index.ts","all":false,"statementMap":{"0":{"start":{"line":1,"column":0},"end":{"line":1,"column":55}},"16":{"start":{"line":17,"column":0},"end":{"line":17,"column":39}},"17":{"start":{"line":18,"column":0},"end":{"line":18,"column":13}},"18":{"start":{"line":19,"column":0},"end":{"line":19,"column":13}},"19":{"start":{"line":20,"column":0},"end":{"line":20,"column":13}},"20":{"start":{"line":21,"column":0},"end":{"line":21,"column":16}},"21":{"start":{"line":22,"column":0},"end":{"line":22,"column":13}},"22":{"start":{"line":23,"column":0},"end":{"line":23,"column":14}},"23":{"start":{"line":24,"column":0},"end":{"line":24,"column":2}},"26":{"start":{"line":27,"column":0},"end":{"line":27,"column":76}},"27":{"start":{"line":28,"column":0},"end":{"line":28,"column":52}},"28":{"start":{"line":29,"column":0},"end":{"line":29,"column":19}},"29":{"start":{"line":30,"column":0},"end":{"line":30,"column":19}},"30":{"start":{"line":31,"column":0},"end":{"line":31,"column":19}},"31":{"start":{"line":32,"column":0},"end":{"line":32,"column":25}},"32":{"start":{"line":33,"column":0},"end":{"line":33,"column":19}},"33":{"start":{"line":34,"column":0},"end":{"line":34,"column":21}},"34":{"start":{"line":35,"column":0},"end":{"line":35,"column":4}},"35":{"start":{"line":36,"column":0},"end":{"line":36,"column":20}},"36":{"start":{"line":37,"column":0},"end":{"line":37,"column":1}}},"s":{"0":1,"16":1,"17":1,"18":1,"19":1,"20":1,"21":1,"22":1,"23":1,"26":1,"27":31,"28":31,"29":31,"30":31,"31":31,"32":31,"33":31,"34":31,"35":31,"36":31},"branchMap":{"0":{"type":"branch","line":27,"loc":{"start":{"line":27,"column":7},"end":{"line":37,"column":1}},"locations":[{"start":{"line":27,"column":7},"end":{"line":37,"column":1}}]}},"b":{"0":[31]},"fnMap":{"0":{"name":"toggleKeyFor","decl":{"start":{"line":27,"column":7},"end":{"line":37,"column":1}},"loc":{"start":{"line":27,"column":7},"end":{"line":37,"column":1}},"line":27}},"f":{"0":31}}
,"/Users/aliarsalan/throttle.ai/packages/core/src/stages/intent.ts": {"path":"/Users/aliarsalan/throttle.ai/packages/core/src/stages/intent.ts","all":false,"statementMap":{"15":{"start":{"line":16,"column":0},"end":{"line":16,"column":35}},"16":{"start":{"line":17,"column":0},"end":{"line":17,"column":17}},"17":{"start":{"line":18,"column":0},"end":{"line":18,"column":17}},"18":{"start":{"line":19,"column":0},"end":{"line":19,"column":66}},"19":{"start":{"line":20,"column":0},"end":{"line":20,"column":86}},"20":{"start":{"line":21,"column":0},"end":{"line":21,"column":4}},"21":{"start":{"line":22,"column":0},"end":{"line":22,"column":2}}},"s":{"15":1,"16":1,"17":1,"18":1,"19":2,"20":2,"21":1},"branchMap":{"0":{"type":"branch","line":19,"loc":{"start":{"line":19,"column":2},"end":{"line":21,"column":4}},"locations":[{"start":{"line":19,"column":2},"end":{"line":21,"column":4}}]}},"b":{"0":[2]},"fnMap":{"0":{"name":"run","decl":{"start":{"line":19,"column":2},"end":{"line":21,"column":4}},"loc":{"start":{"line":19,"column":2},"end":{"line":21,"column":4}},"line":19}},"f":{"0":2}}
,"/Users/aliarsalan/throttle.ai/packages/core/src/stages/slice.ts": {"path":"/Users/aliarsalan/throttle.ai/packages/core/src/stages/slice.ts","all":false,"statementMap":{"14":{"start":{"line":15,"column":0},"end":{"line":15,"column":34}},"15":{"start":{"line":16,"column":0},"end":{"line":16,"column":16}},"16":{"start":{"line":17,"column":0},"end":{"line":17,"column":17}},"17":{"start":{"line":18,"column":0},"end":{"line":18,"column":66}},"18":{"start":{"line":19,"column":0},"end":{"line":19,"column":80}},"19":{"start":{"line":20,"column":0},"end":{"line":20,"column":4}},"20":{"start":{"line":21,"column":0},"end":{"line":21,"column":2}}},"s":{"14":1,"15":1,"16":1,"17":1,"18":2,"19":2,"20":1},"branchMap":{"0":{"type":"branch","line":18,"loc":{"start":{"line":18,"column":2},"end":{"line":20,"column":4}},"locations":[{"start":{"line":18,"column":2},"end":{"line":20,"column":4}}]}},"b":{"0":[2]},"fnMap":{"0":{"name":"run","decl":{"start":{"line":18,"column":2},"end":{"line":20,"column":4}},"loc":{"start":{"line":18,"column":2},"end":{"line":20,"column":4}},"line":18}},"f":{"0":2}}
,"/Users/aliarsalan/throttle.ai/packages/core/src/stages/strip.ts": {"path":"/Users/aliarsalan/throttle.ai/packages/core/src/stages/strip.ts","all":false,"statementMap":{"11":{"start":{"line":12,"column":0},"end":{"line":12,"column":34}},"12":{"start":{"line":13,"column":0},"end":{"line":13,"column":16}},"13":{"start":{"line":14,"column":0},"end":{"line":14,"column":17}},"14":{"start":{"line":15,"column":0},"end":{"line":15,"column":66}},"15":{"start":{"line":16,"column":0},"end":{"line":16,"column":81}},"16":{"start":{"line":17,"column":0},"end":{"line":17,"column":4}},"17":{"start":{"line":18,"column":0},"end":{"line":18,"column":2}}},"s":{"11":1,"12":1,"13":1,"14":1,"15":2,"16":2,"17":1},"branchMap":{"0":{"type":"branch","line":15,"loc":{"start":{"line":15,"column":2},"end":{"line":17,"column":4}},"locations":[{"start":{"line":15,"column":2},"end":{"line":17,"column":4}}]}},"b":{"0":[2]},"fnMap":{"0":{"name":"run","decl":{"start":{"line":15,"column":2},"end":{"line":17,"column":4}},"loc":{"start":{"line":15,"column":2},"end":{"line":17,"column":4}},"line":15}},"f":{"0":2}}
}
