{"/Users/aliarsalan/throttle.ai/packages/core/src/config.ts": {"path":"/Users/aliarsalan/throttle.ai/packages/core/src/config.ts","all":false,"statementMap":{"9":{"start":{"line":10,"column":0},"end":{"line":10,"column":41}},"10":{"start":{"line":11,"column":0},"end":{"line":11,"column":11}},"11":{"start":{"line":12,"column":0},"end":{"line":12,"column":83}},"12":{"start":{"line":13,"column":0},"end":{"line":13,"column":78}},"13":{"start":{"line":14,"column":0},"end":{"line":14,"column":63}},"14":{"start":{"line":15,"column":0},"end":{"line":15,"column":51}},"15":{"start":{"line":16,"column":0},"end":{"line":16,"column":39}},"16":{"start":{"line":17,"column":0},"end":{"line":17,"column":34}},"17":{"start":{"line":18,"column":0},"end":{"line":18,"column":4}},"18":{"start":{"line":19,"column":0},"end":{"line":19,"column":23}},"19":{"start":{"line":20,"column":0},"end":{"line":20,"column":14}},"20":{"start":{"line":21,"column":0},"end":{"line":21,"column":2}},"22":{"start":{"line":23,"column":0},"end":{"line":23,"column":72}},"23":{"start":{"line":24,"column":0},"end":{"line":24,"column":10}},"24":{"start":{"line":25,"column":0},"end":{"line":25,"column":21}},"25":{"start":{"line":26,"column":0},"end":{"line":26,"column":15}},"26":{"start":{"line":27,"column":0},"end":{"line":27,"column":60}},"27":{"start":{"line":28,"column":0},"end":{"line":28,"column":4}},"28":{"start":{"line":29,"column":0},"end":{"line":29,"column":1}}},"s":{"9":1,"10":1,"11":1,"12":1,"13":1,"14":1,"15":1,"16":1,"17":1,"18":1,"19":1,"20":1,"22":1,"23":26,"24":26,"25":26,"26":26,"27":26,"28":26},"branchMap":{"0":{"type":"branch","line":23,"loc":{"start":{"line":23,"column":7},"end":{"line":29,"column":1}},"locations":[{"start":{"line":23,"column":7},"end":{"line":29,"column":1}}]},"1":{"type":"branch","line":27,"loc":{"start":{"line":27,"column":42},"end":{"line":27,"column":58}},"locations":[{"start":{"line":27,"column":42},"end":{"line":27,"column":58}}]}},"b":{"0":[26],"1":[9]},"fnMap":{"0":{"name":"resolveConfig","decl":{"start":{"line":23,"column":7},"end":{"line":29,"column":1}},"loc":{"start":{"line":23,"column":7},"end":{"line":29,"column":1}},"line":23}},"f":{"0":26}}
,"/Users/aliarsalan/throttle.ai/packages/core/src/fileStore.ts": {"path":"/Users/aliarsalan/throttle.ai/packages/core/src/fileStore.ts","all":false,"statementMap":{"16":{"start":{"line":17,"column":0},"end":{"line":17,"column":67}},"17":{"start":{"line":18,"column":0},"end":{"line":18,"column":70}},"19":{"start":{"line":20,"column":0},"end":{"line":20,"column":60}},"20":{"start":{"line":21,"column":0},"end":{"line":21,"column":52}},"21":{"start":{"line":22,"column":0},"end":{"line":22,"column":3}},"23":{"start":{"line":24,"column":0},"end":{"line":24,"column":63}},"24":{"start":{"line":25,"column":0},"end":{"line":25,"column":42}},"25":{"start":{"line":26,"column":0},"end":{"line":26,"column":13}},"26":{"start":{"line":27,"column":0},"end":{"line":27,"column":20}},"27":{"start":{"line":28,"column":0},"end":{"line":28,"column":39}},"28":{"start":{"line":29,"column":0},"end":{"line":29,"column":5}},"29":{"start":{"line":30,"column":0},"end":{"line":30,"column":25}},"30":{"start":{"line":31,"column":0},"end":{"line":31,"column":3}},"32":{"start":{"line":33,"column":0},"end":{"line":33,"column":35}},"33":{"start":{"line":34,"column":0},"end":{"line":34,"column":56}},"34":{"start":{"line":35,"column":0},"end":{"line":35,"column":42}},"35":{"start":{"line":36,"column":0},"end":{"line":36,"column":3}},"36":{"start":{"line":37,"column":0},"end":{"line":37,"column":1}}},"s":{"16":1,"17":5,"19":5,"20":12,"21":12,"23":5,"24":9,"25":9,"26":6,"27":6,"28":6,"29":9,"30":9,"32":5,"33":2,"34":1,"35":2,"36":5},"branchMap":{"0":{"type":"branch","line":17,"loc":{"start":{"line":17,"column":66},"end":{"line":37,"column":1}},"locations":[{"start":{"line":17,"column":66},"end":{"line":37,"column":1}}]},"1":{"type":"branch","line":20,"loc":{"start":{"line":20,"column":2},"end":{"line":22,"column":3}},"locations":[{"start":{"line":20,"column":2},"end":{"line":22,"column":3}}]},"2":{"type":"branch","line":21,"loc":{"start":{"line":21,"column":39},"end":{"line":21,"column":46}},"locations":[{"start":{"line":21,"column":39},"end":{"line":21,"column":46}}]},"3":{"type":"branch","line":24,"loc":{"start":{"line":24,"column":2},"end":{"line":31,"column":3}},"locations":[{"start":{"line":24,"column":2},"end":{"line":31,"column":3}}]},"4":{"type":"branch","line":26,"loc":{"start":{"line":26,"column":12},"end":{"line":29,"column":5}},"locations":[{"start":{"line":26,"column":12},"end":{"line":29,"column":5}}]},"5":{"type":"branch","line":33,"loc":{"start":{"line":33,"column":2},"end":{"line":36,"column":3}},"locations":[{"start":{"line":33,"column":2},"end":{"line":36,"column":3}}]},"6":{"type":"branch","line":34,"loc":{"start":{"line":34,"column":33},"end":{"line":35,"column":42}},"locations":[{"start":{"line":34,"column":33},"end":{"line":35,"column":42}}]}},"b":{"0":[5],"1":[12],"2":[6],"3":[9],"4":[6],"5":[2],"6":[1]},"fnMap":{"0":{"name":"<instance_members_initializer>","decl":{"start":{"line":17,"column":66},"end":{"line":37,"column":1}},"loc":{"start":{"line":17,"column":66},"end":{"line":37,"column":1}},"line":17},"1":{"name":"get","decl":{"start":{"line":20,"column":2},"end":{"line":22,"column":3}},"loc":{"start":{"line":20,"column":2},"end":{"line":22,"column":3}},"line":20},"2":{"name":"put","decl":{"start":{"line":24,"column":2},"end":{"line":31,"column":3}},"loc":{"start":{"line":24,"column":2},"end":{"line":31,"column":3}},"line":24},"3":{"name":"clear","decl":{"start":{"line":33,"column":2},"end":{"line":36,"column":3}},"loc":{"start":{"line":33,"column":2},"end":{"line":36,"column":3}},"line":33}},"f":{"0":5,"1":12,"2":9,"3":2}}
,"/Users/aliarsalan/throttle.ai/packages/core/src/history.ts": {"path":"/Users/aliarsalan/throttle.ai/packages/core/src/history.ts","all":false,"statementMap":{"84":{"start":{"line":85,"column":0},"end":{"line":85,"column":66}},"85":{"start":{"line":86,"column":0},"end":{"line":86,"column":62}},"88":{"start":{"line":89,"column":0},"end":{"line":89,"column":50}},"90":{"start":{"line":91,"column":0},"end":{"line":91,"column":53}},"91":{"start":{"line":92,"column":0},"end":{"line":92,"column":41}},"92":{"start":{"line":93,"column":0},"end":{"line":93,"column":13}},"93":{"start":{"line":94,"column":0},"end":{"line":94,"column":11}},"94":{"start":{"line":95,"column":0},"end":{"line":95,"column":18}},"95":{"start":{"line":96,"column":0},"end":{"line":96,"column":26}},"96":{"start":{"line":97,"column":0},"end":{"line":97,"column":21}},"97":{"start":{"line":98,"column":0},"end":{"line":98,"column":21}},"98":{"start":{"line":99,"column":0},"end":{"line":99,"column":27}},"99":{"start":{"line":100,"column":0},"end":{"line":100,"column":28}},"100":{"start":{"line":101,"column":0},"end":{"line":101,"column":23}},"101":{"start":{"line":102,"column":0},"end":{"line":102,"column":8}},"102":{"start":{"line":103,"column":0},"end":{"line":103,"column":38}},"103":{"start":{"line":104,"column":0},"end":{"line":104,"column":5}},"104":{"start":{"line":105,"column":0},"end":{"line":105,"column":103}},"105":{"start":{"line":106,"column":0},"end":{"line":106,"column":71}},"106":{"start":{"line":107,"column":0},"end":{"line":107,"column":65}},"107":{"start":{"line":108,"column":0},"end":{"line":108,"column":5}},"109":{"start":{"line":110,"column":0},"end":{"line":110,"column":31}},"110":{"start":{"line":111,"column":0},"end":{"line":111,"column":25}},"111":{"start":{"line":112,"column":0},"end":{"line":112,"column":27}},"112":{"start":{"line":113,"column":0},"end":{"line":113,"column":33}},"113":{"start":{"line":114,"column":0},"end":{"line":114,"column":3}},"115":{"start":{"line":116,"column":0},"end":{"line":116,"column":60}},"116":{"start":{"line":117,"column":0},"end":{"line":117,"column":43}},"117":{"start":{"line":118,"column":0},"end":{"line":118,"column":29}},"118":{"start":{"line":119,"column":0},"end":{"line":119,"column":12}},"119":{"start":{"line":120,"column":0},"end":{"line":120,"column":29}},"120":{"start":{"line":121,"column":0},"end":{"line":121,"column":21}},"121":{"start":{"line":122,"column":0},"end":{"line":122,"column":27}},"122":{"start":{"line":123,"column":0},"end":{"line":123,"column":32}},"123":{"start":{"line":124,"column":0},"end":{"line":124,"column":31}},"124":{"start":{"line":125,"column":0},"end":{"line":125,"column":29}},"125":{"start":{"line":126,"column":0},"end":{"line":126,"column":31}},"126":{"start":{"line":127,"column":0},"end":{"line":127,"column":33}},"127":{"start":{"line":128,"column":0},"end":{"line":128,"column":6}},"128":{"start":{"line":129,"column":0},"end":{"line":129,"column":3}},"130":{"start":{"line":131,"column":0},"end":{"line":131,"column":28}},"131":{"start":{"line":132,"column":0},"end":{"line":132,"column":38}},"132":{"start":{"line":133,"column":0},"end":{"line":133,"column":20}},"133":{"start":{"line":134,"column":0},"end":{"line":134,"column":31}},"134":{"start":{"line":135,"column":0},"end":{"line":135,"column":23}},"135":{"start":{"line":136,"column":0},"end":{"line":136,"column":33}},"136":{"start":{"line":137,"column":0},"end":{"line":137,"column":33}},"137":{"start":{"line":138,"column":0},"end":{"line":138,"column":35}},"138":{"start":{"line":139,"column":0},"end":{"line":139,"column":9}},"139":{"start":{"line":140,"column":0},"end":{"line":140,"column":51}},"140":{"start":{"line":141,"column":0},"end":{"line":141,"column":3}},"142":{"start":{"line":143,"column":0},"end":{"line":143,"column":35}},"143":{"start":{"line":144,"column":0},"end":{"line":144,"column":55}},"144":{"start":{"line":145,"column":0},"end":{"line":145,"column":41}},"145":{"start":{"line":146,"column":0},"end":{"line":146,"column":3}},"148":{"start":{"line":149,"column":0},"end":{"line":149,"column":30}},"149":{"start":{"line":150,"column":0},"end":{"line":150,"column":39}},"150":{"start":{"line":151,"column":0},"end":{"line":151,"column":3}},"153":{"start":{"line":154,"column":0},"end":{"line":154,"column":41}},"154":{"start":{"line":155,"column":0},"end":{"line":155,"column":26}},"155":{"start":{"line":156,"column":0},"end":{"line":156,"column":62}},"156":{"start":{"line":157,"column":0},"end":{"line":157,"column":3}},"157":{"start":{"line":158,"column":0},"end":{"line":158,"column":1}}},"s":{"84":1,"85":8,"88":8,"90":8,"91":14,"92":14,"93":10,"94":10,"95":10,"96":10,"97":10,"98":10,"99":10,"100":10,"101":10,"102":10,"103":10,"104":14,"105":14,"106":2,"107":2,"109":14,"110":14,"111":14,"112":14,"113":14,"115":8,"116":10,"117":10,"118":8,"119":8,"120":8,"121":8,"122":8,"123":8,"124":8,"125":8,"126":8,"127":8,"128":10,"130":8,"131":2,"132":2,"133":2,"134":2,"135":2,"136":2,"137":2,"138":2,"139":2,"140":2,"142":8,"143":2,"144":1,"145":2,"148":8,"149":0,"150":0,"153":8,"154":0,"155":0,"156":0,"157":8},"branchMap":{"0":{"type":"branch","line":85,"loc":{"start":{"line":85,"column":65},"end":{"line":158,"column":1}},"locations":[{"start":{"line":85,"column":65},"end":{"line":158,"column":1}}]},"1":{"type":"branch","line":89,"loc":{"start":{"line":89,"column":2},"end":{"line":89,"column":50}},"locations":[{"start":{"line":89,"column":2},"end":{"line":89,"column":50}}]},"2":{"type":"branch","line":91,"loc":{"start":{"line":91,"column":2},"end":{"line":114,"column":3}},"locations":[{"start":{"line":91,"column":2},"end":{"line":114,"column":3}}]},"3":{"type":"branch","line":93,"loc":{"start":{"line":93,"column":12},"end":{"line":104,"column":5}},"locations":[{"start":{"line":93,"column":12},"end":{"line":104,"column":5}}]},"4":{"type":"branch","line":106,"loc":{"start":{"line":106,"column":27},"end":{"line":106,"column":70}},"locations":[{"start":{"line":106,"column":27},"end":{"line":106,"column":70}}]},"5":{"type":"branch","line":106,"loc":{"start":{"line":106,"column":70},"end":{"line":108,"column":5}},"locations":[{"start":{"line":106,"column":70},"end":{"line":108,"column":5}}]},"6":{"type":"branch","line":116,"loc":{"start":{"line":116,"column":2},"end":{"line":129,"column":3}},"locations":[{"start":{"line":116,"column":2},"end":{"line":129,"column":3}}]},"7":{"type":"branch","line":118,"loc":{"start":{"line":118,"column":12},"end":{"line":118,"column":29}},"locations":[{"start":{"line":118,"column":12},"end":{"line":118,"column":29}}]},"8":{"type":"branch","line":118,"loc":{"start":{"line":118,"column":19},"end":{"line":128,"column":6}},"locations":[{"start":{"line":118,"column":19},"end":{"line":128,"column":6}}]},"9":{"type":"branch","line":131,"loc":{"start":{"line":131,"column":2},"end":{"line":141,"column":3}},"locations":[{"start":{"line":131,"column":2},"end":{"line":141,"column":3}}]},"10":{"type":"branch","line":133,"loc":{"start":{"line":133,"column":11},"end":{"line":139,"column":8}},"locations":[{"start":{"line":133,"column":11},"end":{"line":139,"column":8}}]},"11":{"type":"branch","line":140,"loc":{"start":{"line":140,"column":12},"end":{"line":140,"column":49}},"locations":[{"start":{"line":140,"column":12},"end":{"line":140,"column":49}}]},"12":{"type":"branch","line":143,"loc":{"start":{"line":143,"column":2},"end":{"line":146,"column":3}},"locations":[{"start":{"line":143,"column":2},"end":{"line":146,"column":3}}]},"13":{"type":"branch","line":144,"loc":{"start":{"line":144,"column":33},"end":{"line":145,"column":41}},"locations":[{"start":{"line":144,"column":33},"end":{"line":145,"column":41}}]}},"b":{"0":[8],"1":[8],"2":[14],"3":[10],"4":[4],"5":[2],"6":[10],"7":[2],"8":[8],"9":[2],"10":[2],"11":[1],"12":[2],"13":[1]},"fnMap":{"0":{"name":"<instance_members_initializer>","decl":{"start":{"line":85,"column":65},"end":{"line":158,"column":1}},"loc":{"start":{"line":85,"column":65},"end":{"line":158,"column":1}},"line":85},"1":{"name":"InMemoryHistoryStore","decl":{"start":{"line":89,"column":2},"end":{"line":89,"column":50}},"loc":{"start":{"line":89,"column":2},"end":{"line":89,"column":50}},"line":89},"2":{"name":"append","decl":{"start":{"line":91,"column":2},"end":{"line":114,"column":3}},"loc":{"start":{"line":91,"column":2},"end":{"line":114,"column":3}},"line":91},"3":{"name":"resume","decl":{"start":{"line":116,"column":2},"end":{"line":129,"column":3}},"loc":{"start":{"line":116,"column":2},"end":{"line":129,"column":3}},"line":116},"4":{"name":"list","decl":{"start":{"line":131,"column":2},"end":{"line":141,"column":3}},"loc":{"start":{"line":131,"column":2},"end":{"line":141,"column":3}},"line":131},"5":{"name":"clear","decl":{"start":{"line":143,"column":2},"end":{"line":146,"column":3}},"loc":{"start":{"line":143,"column":2},"end":{"line":146,"column":3}},"line":143},"6":{"name":"snapshot","decl":{"start":{"line":149,"column":2},"end":{"line":151,"column":3}},"loc":{"start":{"line":149,"column":2},"end":{"line":151,"column":3}},"line":149},"7":{"name":"restore","decl":{"start":{"line":154,"column":2},"end":{"line":157,"column":3}},"loc":{"start":{"line":154,"column":2},"end":{"line":157,"column":3}},"line":154}},"f":{"0":8,"1":8,"2":14,"3":10,"4":2,"5":2,"6":0,"7":0}}
,"/Users/aliarsalan/throttle.ai/packages/core/src/memory.ts": {"path":"/Users/aliarsalan/throttle.ai/packages/core/src/memory.ts","all":false,"statementMap":{"12":{"start":{"line":13,"column":0},"end":{"line":13,"column":65}},"13":{"start":{"line":14,"column":0},"end":{"line":14,"column":70}},"14":{"start":{"line":15,"column":0},"end":{"line":15,"column":18}},"16":{"start":{"line":17,"column":0},"end":{"line":17,"column":63}},"17":{"start":{"line":18,"column":0},"end":{"line":18,"column":52}},"18":{"start":{"line":19,"column":0},"end":{"line":19,"column":3}},"20":{"start":{"line":21,"column":0},"end":{"line":21,"column":69}},"21":{"start":{"line":22,"column":0},"end":{"line":22,"column":48}},"22":{"start":{"line":23,"column":0},"end":{"line":23,"column":19}},"23":{"start":{"line":24,"column":0},"end":{"line":24,"column":26}},"24":{"start":{"line":25,"column":0},"end":{"line":25,"column":45}},"25":{"start":{"line":26,"column":0},"end":{"line":26,"column":5}},"26":{"start":{"line":27,"column":0},"end":{"line":27,"column":39}},"27":{"start":{"line":28,"column":0},"end":{"line":28,"column":34}},"28":{"start":{"line":29,"column":0},"end":{"line":29,"column":50}},"29":{"start":{"line":30,"column":0},"end":{"line":30,"column":26}},"30":{"start":{"line":31,"column":0},"end":{"line":31,"column":14}},"31":{"start":{"line":32,"column":0},"end":{"line":32,"column":3}},"34":{"start":{"line":35,"column":0},"end":{"line":35,"column":17}},"35":{"start":{"line":36,"column":0},"end":{"line":36,"column":27}},"36":{"start":{"line":37,"column":0},"end":{"line":37,"column":17}},"37":{"start":{"line":38,"column":0},"end":{"line":38,"column":3}},"38":{"start":{"line":39,"column":0},"end":{"line":39,"column":1}}},"s":{"12":1,"13":27,"14":27,"16":27,"17":4,"18":4,"20":27,"21":6,"22":6,"23":4,"24":4,"25":4,"26":6,"27":6,"28":5,"29":5,"30":5,"31":6,"34":27,"35":1,"36":1,"37":1,"38":27},"branchMap":{"0":{"type":"branch","line":13,"loc":{"start":{"line":13,"column":64},"end":{"line":39,"column":1}},"locations":[{"start":{"line":13,"column":64},"end":{"line":39,"column":1}}]},"1":{"type":"branch","line":17,"loc":{"start":{"line":17,"column":2},"end":{"line":19,"column":3}},"locations":[{"start":{"line":17,"column":2},"end":{"line":19,"column":3}}]},"2":{"type":"branch","line":18,"loc":{"start":{"line":18,"column":39},"end":{"line":18,"column":46}},"locations":[{"start":{"line":18,"column":39},"end":{"line":18,"column":46}}]},"3":{"type":"branch","line":21,"loc":{"start":{"line":21,"column":2},"end":{"line":32,"column":3}},"locations":[{"start":{"line":21,"column":2},"end":{"line":32,"column":3}}]},"4":{"type":"branch","line":23,"loc":{"start":{"line":23,"column":18},"end":{"line":26,"column":5}},"locations":[{"start":{"line":23,"column":18},"end":{"line":26,"column":5}}]},"5":{"type":"branch","line":28,"loc":{"start":{"line":28,"column":18},"end":{"line":28,"column":34}},"locations":[{"start":{"line":28,"column":18},"end":{"line":28,"column":34}}]},"6":{"type":"branch","line":28,"loc":{"start":{"line":28,"column":25},"end":{"line":31,"column":14}},"locations":[{"start":{"line":28,"column":25},"end":{"line":31,"column":14}}]},"7":{"type":"branch","line":35,"loc":{"start":{"line":35,"column":2},"end":{"line":38,"column":3}},"locations":[{"start":{"line":35,"column":2},"end":{"line":38,"column":3}}]}},"b":{"0":[27],"1":[4],"2":[1],"3":[6],"4":[4],"5":[1],"6":[5],"7":[1]},"fnMap":{"0":{"name":"<instance_members_initializer>","decl":{"start":{"line":13,"column":64},"end":{"line":39,"column":1}},"loc":{"start":{"line":13,"column":64},"end":{"line":39,"column":1}},"line":13},"1":{"name":"lookup","decl":{"start":{"line":17,"column":2},"end":{"line":19,"column":3}},"loc":{"start":{"line":17,"column":2},"end":{"line":19,"column":3}},"line":17},"2":{"name":"register","decl":{"start":{"line":21,"column":2},"end":{"line":32,"column":3}},"loc":{"start":{"line":21,"column":2},"end":{"line":32,"column":3}},"line":21},"3":{"name":"clear","decl":{"start":{"line":35,"column":2},"end":{"line":38,"column":3}},"loc":{"start":{"line":35,"column":2},"end":{"line":38,"column":3}},"line":35}},"f":{"0":27,"1":4,"2":6,"3":1}}
,"/Users/aliarsalan/throttle.ai/packages/core/src/metrics.ts": {"path":"/Users/aliarsalan/throttle.ai/packages/core/src/metrics.ts","all":false,"statementMap":{"20":{"start":{"line":21,"column":0},"end":{"line":21,"column":69}},"21":{"start":{"line":22,"column":0},"end":{"line":22,"column":18}},"22":{"start":{"line":23,"column":0},"end":{"line":23,"column":80}},"23":{"start":{"line":24,"column":0},"end":{"line":24,"column":10}},"24":{"start":{"line":25,"column":0},"end":{"line":25,"column":39}},"25":{"start":{"line":26,"column":0},"end":{"line":26,"column":37}},"26":{"start":{"line":27,"column":0},"end":{"line":27,"column":25}},"27":{"start":{"line":28,"column":0},"end":{"line":28,"column":45}},"28":{"start":{"line":29,"column":0},"end":{"line":29,"column":59}},"29":{"start":{"line":30,"column":0},"end":{"line":30,"column":42}},"30":{"start":{"line":31,"column":0},"end":{"line":31,"column":19}},"31":{"start":{"line":32,"column":0},"end":{"line":32,"column":21}},"32":{"start":{"line":33,"column":0},"end":{"line":33,"column":31}},"33":{"start":{"line":34,"column":0},"end":{"line":34,"column":8}},"34":{"start":{"line":35,"column":0},"end":{"line":35,"column":4}},"35":{"start":{"line":36,"column":0},"end":{"line":36,"column":1}},"38":{"start":{"line":39,"column":0},"end":{"line":39,"column":74}},"39":{"start":{"line":40,"column":0},"end":{"line":40,"column":13}},"40":{"start":{"line":41,"column":0},"end":{"line":41,"column":79}},"41":{"start":{"line":42,"column":0},"end":{"line":42,"column":136}},"42":{"start":{"line":43,"column":0},"end":{"line":43,"column":1}}},"s":{"20":1,"21":4,"22":4,"23":4,"24":4,"25":4,"26":4,"27":4,"28":4,"29":4,"30":4,"31":4,"32":4,"33":4,"34":4,"35":4,"38":1,"39":2,"40":2,"41":2,"42":2},"branchMap":{"0":{"type":"branch","line":21,"loc":{"start":{"line":21,"column":7},"end":{"line":36,"column":1}},"locations":[{"start":{"line":21,"column":7},"end":{"line":36,"column":1}}]},"1":{"type":"branch","line":23,"loc":{"start":{"line":23,"column":27},"end":{"line":23,"column":78}},"locations":[{"start":{"line":23,"column":27},"end":{"line":23,"column":78}}]},"2":{"type":"branch","line":23,"loc":{"start":{"line":23,"column":72},"end":{"line":23,"column":80}},"locations":[{"start":{"line":23,"column":72},"end":{"line":23,"column":80}}]},"3":{"type":"branch","line":30,"loc":{"start":{"line":30,"column":33},"end":{"line":34,"column":6}},"locations":[{"start":{"line":30,"column":33},"end":{"line":34,"column":6}}]},"4":{"type":"branch","line":39,"loc":{"start":{"line":39,"column":7},"end":{"line":43,"column":1}},"locations":[{"start":{"line":39,"column":7},"end":{"line":43,"column":1}}]},"5":{"type":"branch","line":41,"loc":{"start":{"line":41,"column":21},"end":{"line":41,"column":73}},"locations":[{"start":{"line":41,"column":21},"end":{"line":41,"column":73}}]},"6":{"type":"branch","line":41,"loc":{"start":{"line":41,"column":69},"end":{"line":41,"column":79}},"locations":[{"start":{"line":41,"column":69},"end":{"line":41,"column":79}}]}},"b":{"0":[4],"1":[3],"2":[1],"3":[4],"4":[2],"5":[1],"6":[1]},"fnMap":{"0":{"name":"summarize","decl":{"start":{"line":21,"column":7},"end":{"line":36,"column":1}},"loc":{"start":{"line":21,"column":7},"end":{"line":36,"column":1}},"line":21},"1":{"name":"formatLogLine","decl":{"start":{"line":39,"column":7},"end":{"line":43,"column":1}},"loc":{"start":{"line":39,"column":7},"end":{"line":43,"column":1}},"line":39}},"f":{"0":4,"1":2}}
,"/Users/aliarsalan/throttle.ai/packages/core/src/metricsStore.ts": {"path":"/Users/aliarsalan/throttle.ai/packages/core/src/metricsStore.ts","all":false,"statementMap":{"48":{"start":{"line":49,"column":0},"end":{"line":49,"column":54}},"50":{"start":{"line":51,"column":0},"end":{"line":51,"column":59}},"51":{"start":{"line":52,"column":0},"end":{"line":52,"column":48}},"52":{"start":{"line":53,"column":0},"end":{"line":53,"column":18}},"55":{"start":{"line":56,"column":0},"end":{"line":56,"column":50}},"57":{"start":{"line":58,"column":0},"end":{"line":58,"column":60}},"58":{"start":{"line":59,"column":0},"end":{"line":59,"column":62}},"59":{"start":{"line":60,"column":0},"end":{"line":60,"column":27}},"60":{"start":{"line":61,"column":0},"end":{"line":61,"column":64}},"61":{"start":{"line":62,"column":0},"end":{"line":62,"column":16}},"62":{"start":{"line":63,"column":0},"end":{"line":63,"column":3}},"64":{"start":{"line":65,"column":0},"end":{"line":65,"column":33}},"65":{"start":{"line":66,"column":0},"end":{"line":66,"column":25}},"66":{"start":{"line":67,"column":0},"end":{"line":67,"column":24}},"67":{"start":{"line":68,"column":0},"end":{"line":68,"column":18}},"68":{"start":{"line":69,"column":0},"end":{"line":69,"column":21}},"69":{"start":{"line":70,"column":0},"end":{"line":70,"column":54}},"71":{"start":{"line":72,"column":0},"end":{"line":72,"column":34}},"72":{"start":{"line":73,"column":0},"end":{"line":73,"column":37}},"73":{"start":{"line":74,"column":0},"end":{"line":74,"column":35}},"74":{"start":{"line":75,"column":0},"end":{"line":75,"column":23}},"75":{"start":{"line":76,"column":0},"end":{"line":76,"column":31}},"76":{"start":{"line":77,"column":0},"end":{"line":77,"column":35}},"77":{"start":{"line":78,"column":0},"end":{"line":78,"column":15}},"78":{"start":{"line":79,"column":0},"end":{"line":79,"column":71}},"79":{"start":{"line":80,"column":0},"end":{"line":80,"column":32}},"80":{"start":{"line":81,"column":0},"end":{"line":81,"column":7}},"81":{"start":{"line":82,"column":0},"end":{"line":82,"column":22}},"82":{"start":{"line":83,"column":0},"end":{"line":83,"column":39}},"83":{"start":{"line":84,"column":0},"end":{"line":84,"column":25}},"84":{"start":{"line":85,"column":0},"end":{"line":85,"column":5}},"86":{"start":{"line":87,"column":0},"end":{"line":87,"column":40}},"87":{"start":{"line":88,"column":0},"end":{"line":88,"column":12}},"88":{"start":{"line":89,"column":0},"end":{"line":89,"column":15}},"89":{"start":{"line":90,"column":0},"end":{"line":90,"column":19}},"90":{"start":{"line":91,"column":0},"end":{"line":91,"column":18}},"91":{"start":{"line":92,"column":0},"end":{"line":92,"column":12}},"92":{"start":{"line":93,"column":0},"end":{"line":93,"column":76}},"93":{"start":{"line":94,"column":0},"end":{"line":94,"column":68}},"94":{"start":{"line":95,"column":0},"end":{"line":95,"column":85}},"95":{"start":{"line":96,"column":0},"end":{"line":96,"column":6}},"96":{"start":{"line":97,"column":0},"end":{"line":97,"column":3}},"98":{"start":{"line":99,"column":0},"end":{"line":99,"column":39}},"99":{"start":{"line":100,"column":0},"end":{"line":100,"column":47}},"100":{"start":{"line":101,"column":0},"end":{"line":101,"column":3}},"102":{"start":{"line":103,"column":0},"end":{"line":103,"column":17}},"103":{"start":{"line":104,"column":0},"end":{"line":104,"column":27}},"104":{"start":{"line":105,"column":0},"end":{"line":105,"column":17}},"105":{"start":{"line":106,"column":0},"end":{"line":106,"column":3}},"108":{"start":{"line":109,"column":0},"end":{"line":109,"column":57}},"109":{"start":{"line":110,"column":0},"end":{"line":110,"column":56}},"110":{"start":{"line":111,"column":0},"end":{"line":111,"column":3}},"113":{"start":{"line":114,"column":0},"end":{"line":114,"column":66}},"114":{"start":{"line":115,"column":0},"end":{"line":115,"column":27}},"115":{"start":{"line":116,"column":0},"end":{"line":116,"column":60}},"116":{"start":{"line":117,"column":0},"end":{"line":117,"column":24}},"117":{"start":{"line":118,"column":0},"end":{"line":118,"column":3}},"118":{"start":{"line":119,"column":0},"end":{"line":119,"column":1}}},"s":{"48":1,"50":1,"51":7,"52":7,"55":7,"57":7,"58":18,"59":18,"60":18,"61":18,"62":18,"64":7,"65":5,"66":5,"67":5,"68":5,"69":5,"71":5,"72":7,"73":7,"74":7,"75":7,"76":7,"77":7,"78":4,"79":4,"80":4,"81":7,"82":7,"83":7,"84":7,"86":5,"87":5,"88":5,"89":5,"90":5,"91":5,"92":5,"93":5,"94":5,"95":5,"96":5,"98":7,"99":2,"100":2,"102":7,"103":1,"104":1,"105":1,"108":7,"109":0,"110":0,"113":7,"114":0,"115":0,"116":0,"117":0,"118":7},"branchMap":{"0":{"type":"branch","line":49,"loc":{"start":{"line":49,"column":15},"end":{"line":49,"column":54}},"locations":[{"start":{"line":49,"column":15},"end":{"line":49,"column":54}}]},"1":{"type":"branch","line":51,"loc":{"start":{"line":51,"column":58},"end":{"line":119,"column":1}},"locations":[{"start":{"line":51,"column":58},"end":{"line":119,"column":1}}]},"2":{"type":"branch","line":56,"loc":{"start":{"line":56,"column":2},"end":{"line":56,"column":50}},"locations":[{"start":{"line":56,"column":2},"end":{"line":56,"column":50}}]},"3":{"type":"branch","line":58,"loc":{"start":{"line":58,"column":2},"end":{"line":63,"column":3}},"locations":[{"start":{"line":58,"column":2},"end":{"line":63,"column":3}}]},"4":{"type":"branch","line":61,"loc":{"start":{"line":61,"column":44},"end":{"line":61,"column":64}},"locations":[{"start":{"line":61,"column":44},"end":{"line":61,"column":64}}]},"5":{"type":"branch","line":65,"loc":{"start":{"line":65,"column":2},"end":{"line":97,"column":3}},"locations":[{"start":{"line":65,"column":2},"end":{"line":97,"column":3}}]},"6":{"type":"branch","line":72,"loc":{"start":{"line":72,"column":33},"end":{"line":85,"column":5}},"locations":[{"start":{"line":72,"column":33},"end":{"line":85,"column":5}}]},"7":{"type":"branch","line":78,"loc":{"start":{"line":78,"column":14},"end":{"line":81,"column":7}},"locations":[{"start":{"line":78,"column":14},"end":{"line":81,"column":7}}]},"8":{"type":"branch","line":93,"loc":{"start":{"line":93,"column":31},"end":{"line":93,"column":74}},"locations":[{"start":{"line":93,"column":31},"end":{"line":93,"column":74}}]},"9":{"type":"branch","line":93,"loc":{"start":{"line":93,"column":70},"end":{"line":93,"column":76}},"locations":[{"start":{"line":93,"column":70},"end":{"line":93,"column":76}}]},"10":{"type":"branch","line":94,"loc":{"start":{"line":94,"column":32},"end":{"line":94,"column":66}},"locations":[{"start":{"line":94,"column":32},"end":{"line":94,"column":66}}]},"11":{"type":"branch","line":94,"loc":{"start":{"line":94,"column":62},"end":{"line":94,"column":68}},"locations":[{"start":{"line":94,"column":62},"end":{"line":94,"column":68}}]},"12":{"type":"branch","line":95,"loc":{"start":{"line":95,"column":42},"end":{"line":95,"column":83}},"locations":[{"start":{"line":95,"column":42},"end":{"line":95,"column":83}}]},"13":{"type":"branch","line":99,"loc":{"start":{"line":99,"column":2},"end":{"line":101,"column":3}},"locations":[{"start":{"line":99,"column":2},"end":{"line":101,"column":3}}]},"14":{"type":"branch","line":103,"loc":{"start":{"line":103,"column":2},"end":{"line":106,"column":3}},"locations":[{"start":{"line":103,"column":2},"end":{"line":106,"column":3}}]}},"b":{"0":[6],"1":[7],"2":[7],"3":[18],"4":[2],"5":[5],"6":[7],"7":[4],"8":[3],"9":[2],"10":[3],"11":[2],"12":[1],"13":[2],"14":[1]},"fnMap":{"0":{"name":"round1","decl":{"start":{"line":49,"column":15},"end":{"line":49,"column":54}},"loc":{"start":{"line":49,"column":15},"end":{"line":49,"column":54}},"line":49},"1":{"name":"<instance_members_initializer>","decl":{"start":{"line":51,"column":58},"end":{"line":119,"column":1}},"loc":{"start":{"line":51,"column":58},"end":{"line":119,"column":1}},"line":51},"2":{"name":"InMemoryMetricsStore","decl":{"start":{"line":56,"column":2},"end":{"line":56,"column":50}},"loc":{"start":{"line":56,"column":2},"end":{"line":56,"column":50}},"line":56},"3":{"name":"record","decl":{"start":{"line":58,"column":2},"end":{"line":63,"column":3}},"loc":{"start":{"line":58,"column":2},"end":{"line":63,"column":3}},"line":58},"4":{"name":"aggregate","decl":{"start":{"line":65,"column":2},"end":{"line":97,"column":3}},"loc":{"start":{"line":65,"column":2},"end":{"line":97,"column":3}},"line":65},"5":{"name":"recent","decl":{"start":{"line":99,"column":2},"end":{"line":101,"column":3}},"loc":{"start":{"line":99,"column":2},"end":{"line":101,"column":3}},"line":99},"6":{"name":"clear","decl":{"start":{"line":103,"column":2},"end":{"line":106,"column":3}},"loc":{"start":{"line":103,"column":2},"end":{"line":106,"column":3}},"line":103},"7":{"name":"snapshot","decl":{"start":{"line":109,"column":2},"end":{"line":111,"column":3}},"loc":{"start":{"line":109,"column":2},"end":{"line":111,"column":3}},"line":109},"8":{"name":"restore","decl":{"start":{"line":114,"column":2},"end":{"line":118,"column":3}},"loc":{"start":{"line":114,"column":2},"end":{"line":118,"column":3}},"line":114}},"f":{"0":6,"1":7,"2":7,"3":18,"4":5,"5":2,"6":1,"7":0,"8":0}}
,"/Users/aliarsalan/throttle.ai/packages/core/src/pipeline.ts": {"path":"/Users/aliarsalan/throttle.ai/packages/core/src/pipeline.ts","all":false,"statementMap":{"0":{"start":{"line":1,"column":0},"end":{"line":1,"column":13}},"29":{"start":{"line":30,"column":0},"end":{"line":30,"column":34}},"30":{"start":{"line":31,"column":0},"end":{"line":31,"column":27}},"31":{"start":{"line":32,"column":0},"end":{"line":32,"column":22}},"32":{"start":{"line":33,"column":0},"end":{"line":33,"column":32}},"33":{"start":{"line":34,"column":0},"end":{"line":34,"column":28}},"34":{"start":{"line":35,"column":0},"end":{"line":35,"column":46}},"35":{"start":{"line":36,"column":0},"end":{"line":36,"column":54}},"36":{"start":{"line":37,"column":0},"end":{"line":37,"column":24}},"38":{"start":{"line":39,"column":0},"end":{"line":39,"column":57}},"39":{"start":{"line":40,"column":0},"end":{"line":40,"column":22}},"40":{"start":{"line":41,"column":0},"end":{"line":41,"column":35}},"41":{"start":{"line":42,"column":0},"end":{"line":42,"column":61}},"43":{"start":{"line":44,"column":0},"end":{"line":44,"column":31}},"44":{"start":{"line":45,"column":0},"end":{"line":45,"column":47}},"45":{"start":{"line":46,"column":0},"end":{"line":46,"column":77}},"46":{"start":{"line":47,"column":0},"end":{"line":47,"column":27}},"48":{"start":{"line":49,"column":0},"end":{"line":49,"column":33}},"49":{"start":{"line":50,"column":0},"end":{"line":50,"column":49}},"50":{"start":{"line":51,"column":0},"end":{"line":51,"column":57}},"51":{"start":{"line":52,"column":0},"end":{"line":52,"column":41}},"54":{"start":{"line":55,"column":0},"end":{"line":55,"column":87}},"55":{"start":{"line":56,"column":0},"end":{"line":56,"column":19}},"56":{"start":{"line":57,"column":0},"end":{"line":57,"column":21}},"57":{"start":{"line":58,"column":0},"end":{"line":58,"column":25}},"58":{"start":{"line":59,"column":0},"end":{"line":59,"column":17}},"59":{"start":{"line":60,"column":0},"end":{"line":60,"column":38}},"60":{"start":{"line":61,"column":0},"end":{"line":61,"column":87}},"61":{"start":{"line":62,"column":0},"end":{"line":62,"column":9}},"62":{"start":{"line":63,"column":0},"end":{"line":63,"column":15}},"63":{"start":{"line":64,"column":0},"end":{"line":64,"column":5}},"65":{"start":{"line":66,"column":0},"end":{"line":66,"column":25}},"66":{"start":{"line":67,"column":0},"end":{"line":67,"column":26}},"67":{"start":{"line":68,"column":0},"end":{"line":68,"column":19}},"68":{"start":{"line":69,"column":0},"end":{"line":69,"column":23}},"69":{"start":{"line":70,"column":0},"end":{"line":70,"column":27}},"70":{"start":{"line":71,"column":0},"end":{"line":71,"column":36}},"71":{"start":{"line":72,"column":0},"end":{"line":72,"column":26}},"72":{"start":{"line":73,"column":0},"end":{"line":73,"column":7}},"73":{"start":{"line":74,"column":0},"end":{"line":74,"column":3}},"75":{"start":{"line":76,"column":0},"end":{"line":76,"column":36}},"76":{"start":{"line":77,"column":0},"end":{"line":77,"column":10}},"77":{"start":{"line":78,"column":0},"end":{"line":78,"column":17}},"78":{"start":{"line":79,"column":0},"end":{"line":79,"column":14}},"79":{"start":{"line":80,"column":0},"end":{"line":80,"column":19}},"80":{"start":{"line":81,"column":0},"end":{"line":81,"column":18}},"81":{"start":{"line":82,"column":0},"end":{"line":82,"column":40}},"82":{"start":{"line":83,"column":0},"end":{"line":83,"column":15}},"83":{"start":{"line":84,"column":0},"end":{"line":84,"column":34}},"84":{"start":{"line":85,"column":0},"end":{"line":85,"column":6}},"85":{"start":{"line":86,"column":0},"end":{"line":86,"column":4}},"86":{"start":{"line":87,"column":0},"end":{"line":87,"column":1}},"89":{"start":{"line":90,"column":0},"end":{"line":90,"column":37}},"90":{"start":{"line":91,"column":0},"end":{"line":91,"column":91}},"91":{"start":{"line":92,"column":0},"end":{"line":92,"column":19}},"92":{"start":{"line":93,"column":0},"end":{"line":93,"column":15}},"93":{"start":{"line":94,"column":0},"end":{"line":94,"column":1}}},"s":{"0":1,"29":8,"30":8,"31":8,"32":8,"33":8,"34":8,"35":8,"36":8,"38":8,"39":8,"40":8,"41":8,"43":8,"44":24,"45":24,"46":24,"48":9,"49":9,"50":9,"51":9,"54":24,"55":24,"56":1,"57":1,"58":1,"59":1,"60":1,"61":1,"62":1,"63":1,"65":8,"66":8,"67":8,"68":8,"69":8,"70":8,"71":8,"72":8,"73":8,"75":8,"76":8,"77":8,"78":8,"79":8,"80":8,"81":8,"82":8,"83":8,"84":8,"85":8,"86":8,"89":1,"90":8,"91":8,"92":8,"93":8},"branchMap":{"0":{"type":"branch","line":30,"loc":{"start":{"line":30,"column":0},"end":{"line":87,"column":1}},"locations":[{"start":{"line":30,"column":0},"end":{"line":87,"column":1}}]},"1":{"type":"branch","line":35,"loc":{"start":{"line":35,"column":22},"end":{"line":35,"column":46}},"locations":[{"start":{"line":35,"column":22},"end":{"line":35,"column":46}}]},"2":{"type":"branch","line":36,"loc":{"start":{"line":36,"column":21},"end":{"line":36,"column":54}},"locations":[{"start":{"line":36,"column":21},"end":{"line":36,"column":54}}]},"3":{"type":"branch","line":44,"loc":{"start":{"line":44,"column":30},"end":{"line":74,"column":3}},"locations":[{"start":{"line":44,"column":30},"end":{"line":74,"column":3}}]},"4":{"type":"branch","line":46,"loc":{"start":{"line":46,"column":59},"end":{"line":46,"column":77}},"locations":[{"start":{"line":46,"column":59},"end":{"line":46,"column":77}}]},"5":{"type":"branch","line":47,"loc":{"start":{"line":47,"column":18},"end":{"line":47,"column":27}},"locations":[{"start":{"line":47,"column":18},"end":{"line":47,"column":27}}]},"6":{"type":"branch","line":47,"loc":{"start":{"line":47,"column":18},"end":{"line":55,"column":43}},"locations":[{"start":{"line":47,"column":18},"end":{"line":55,"column":43}}]},"7":{"type":"branch","line":55,"loc":{"start":{"line":55,"column":29},"end":{"line":55,"column":87}},"locations":[{"start":{"line":55,"column":29},"end":{"line":55,"column":87}}]},"8":{"type":"branch","line":56,"loc":{"start":{"line":56,"column":18},"end":{"line":64,"column":5}},"locations":[{"start":{"line":56,"column":18},"end":{"line":64,"column":5}}]},"9":{"type":"branch","line":64,"loc":{"start":{"line":64,"column":4},"end":{"line":74,"column":3}},"locations":[{"start":{"line":64,"column":4},"end":{"line":74,"column":3}}]},"10":{"type":"branch","line":36,"loc":{"start":{"line":36,"column":29},"end":{"line":36,"column":54}},"locations":[{"start":{"line":36,"column":29},"end":{"line":36,"column":54}}]},"11":{"type":"branch","line":90,"loc":{"start":{"line":90,"column":7},"end":{"line":94,"column":1}},"locations":[{"start":{"line":90,"column":7},"end":{"line":94,"column":1}}]}},"b":{"0":[8],"1":[3],"2":[7],"3":[24],"4":[0],"5":[15],"6":[9],"7":[1],"8":[1],"9":[8],"10":[14],"11":[8]},"fnMap":{"0":{"name":"runPipeline","decl":{"start":{"line":30,"column":0},"end":{"line":87,"column":1}},"loc":{"start":{"line":30,"column":0},"end":{"line":87,"column":1}},"line":30},"1":{"name":"clock","decl":{"start":{"line":36,"column":29},"end":{"line":36,"column":54}},"loc":{"start":{"line":36,"column":29},"end":{"line":36,"column":54}},"line":36},"2":{"name":"createSessionContext","decl":{"start":{"line":90,"column":7},"end":{"line":94,"column":1}},"loc":{"start":{"line":90,"column":7},"end":{"line":94,"column":1}},"line":90}},"f":{"0":8,"1":14,"2":8}}
,"/Users/aliarsalan/throttle.ai/packages/core/src/tokenizer.ts": {"path":"/Users/aliarsalan/throttle.ai/packages/core/src/tokenizer.ts","all":false,"statementMap":{"0":{"start":{"line":1,"column":0},"end":{"line":1,"column":39}},"17":{"start":{"line":18,"column":0},"end":{"line":18,"column":33}},"19":{"start":{"line":20,"column":0},"end":{"line":20,"column":44}},"20":{"start":{"line":21,"column":0},"end":{"line":21,"column":34}},"21":{"start":{"line":22,"column":0},"end":{"line":22,"column":57}},"22":{"start":{"line":23,"column":0},"end":{"line":23,"column":1}},"24":{"start":{"line":25,"column":0},"end":{"line":25,"column":49}},"25":{"start":{"line":26,"column":0},"end":{"line":26,"column":23}},"26":{"start":{"line":27,"column":0},"end":{"line":27,"column":16}},"27":{"start":{"line":28,"column":0},"end":{"line":28,"column":24}},"28":{"start":{"line":29,"column":0},"end":{"line":29,"column":20}},"29":{"start":{"line":30,"column":0},"end":{"line":30,"column":62}},"30":{"start":{"line":31,"column":0},"end":{"line":31,"column":23}},"31":{"start":{"line":32,"column":0},"end":{"line":32,"column":46}},"32":{"start":{"line":33,"column":0},"end":{"line":33,"column":23}},"33":{"start":{"line":34,"column":0},"end":{"line":34,"column":48}},"34":{"start":{"line":35,"column":0},"end":{"line":35,"column":15}},"35":{"start":{"line":36,"column":0},"end":{"line":36,"column":47}},"36":{"start":{"line":37,"column":0},"end":{"line":37,"column":14}},"37":{"start":{"line":38,"column":0},"end":{"line":38,"column":39}},"38":{"start":{"line":39,"column":0},"end":{"line":39,"column":33}},"39":{"start":{"line":40,"column":0},"end":{"line":40,"column":5}},"40":{"start":{"line":41,"column":0},"end":{"line":41,"column":3}},"41":{"start":{"line":42,"column":0},"end":{"line":42,"column":1}},"47":{"start":{"line":48,"column":0},"end":{"line":48,"column":51}},"48":{"start":{"line":49,"column":0},"end":{"line":49,"column":25}},"50":{"start":{"line":51,"column":0},"end":{"line":51,"column":47}},"51":{"start":{"line":52,"column":0},"end":{"line":52,"column":29}},"52":{"start":{"line":53,"column":0},"end":{"line":53,"column":3}},"54":{"start":{"line":55,"column":0},"end":{"line":55,"column":48}},"55":{"start":{"line":56,"column":0},"end":{"line":56,"column":18}},"56":{"start":{"line":57,"column":0},"end":{"line":57,"column":65}},"57":{"start":{"line":58,"column":0},"end":{"line":58,"column":37}},"58":{"start":{"line":59,"column":0},"end":{"line":59,"column":78}},"59":{"start":{"line":60,"column":0},"end":{"line":60,"column":5}},"60":{"start":{"line":61,"column":0},"end":{"line":61,"column":35}},"61":{"start":{"line":62,"column":0},"end":{"line":62,"column":103}},"62":{"start":{"line":63,"column":0},"end":{"line":63,"column":5}},"63":{"start":{"line":64,"column":0},"end":{"line":64,"column":17}},"64":{"start":{"line":65,"column":0},"end":{"line":65,"column":3}},"65":{"start":{"line":66,"column":0},"end":{"line":66,"column":1}},"67":{"start":{"line":68,"column":0},"end":{"line":68,"column":53}},"70":{"start":{"line":71,"column":0},"end":{"line":71,"column":57}},"71":{"start":{"line":72,"column":0},"end":{"line":72,"column":65}},"72":{"start":{"line":73,"column":0},"end":{"line":73,"column":1}},"79":{"start":{"line":80,"column":0},"end":{"line":80,"column":48}},"80":{"start":{"line":81,"column":0},"end":{"line":81,"column":24}},"82":{"start":{"line":83,"column":0},"end":{"line":83,"column":47}},"83":{"start":{"line":84,"column":0},"end":{"line":84,"column":55}},"84":{"start":{"line":85,"column":0},"end":{"line":85,"column":3}},"86":{"start":{"line":87,"column":0},"end":{"line":87,"column":48}},"87":{"start":{"line":88,"column":0},"end":{"line":88,"column":18}},"88":{"start":{"line":89,"column":0},"end":{"line":89,"column":75}},"89":{"start":{"line":90,"column":0},"end":{"line":90,"column":37}},"90":{"start":{"line":91,"column":0},"end":{"line":91,"column":88}},"91":{"start":{"line":92,"column":0},"end":{"line":92,"column":5}},"92":{"start":{"line":93,"column":0},"end":{"line":93,"column":35}},"93":{"start":{"line":94,"column":0},"end":{"line":94,"column":26}},"94":{"start":{"line":95,"column":0},"end":{"line":95,"column":83}},"95":{"start":{"line":96,"column":0},"end":{"line":96,"column":18}},"96":{"start":{"line":97,"column":0},"end":{"line":97,"column":8}},"97":{"start":{"line":98,"column":0},"end":{"line":98,"column":5}},"98":{"start":{"line":99,"column":0},"end":{"line":99,"column":17}},"99":{"start":{"line":100,"column":0},"end":{"line":100,"column":3}},"100":{"start":{"line":101,"column":0},"end":{"line":101,"column":1}},"102":{"start":{"line":103,"column":0},"end":{"line":103,"column":47}}},"s":{"0":1,"17":1,"19":46,"20":46,"21":44,"22":44,"24":24,"25":24,"26":24,"27":20,"28":24,"29":1,"30":24,"31":2,"32":1,"33":1,"34":24,"35":1,"36":24,"37":0,"38":0,"39":0,"40":24,"41":24,"47":1,"48":6,"50":6,"51":5,"52":5,"54":6,"55":19,"56":19,"57":19,"58":19,"59":19,"60":19,"61":1,"62":1,"63":19,"64":19,"65":6,"67":1,"70":1,"71":5,"72":5,"79":1,"80":6,"82":6,"83":6,"84":6,"86":6,"87":3,"88":3,"89":3,"90":1,"91":1,"92":3,"93":0,"94":0,"95":0,"96":0,"97":0,"98":3,"99":3,"100":6,"102":1},"branchMap":{"0":{"type":"branch","line":20,"loc":{"start":{"line":20,"column":0},"end":{"line":23,"column":1}},"locations":[{"start":{"line":20,"column":0},"end":{"line":23,"column":1}}]},"1":{"type":"branch","line":21,"loc":{"start":{"line":21,"column":25},"end":{"line":21,"column":34}},"locations":[{"start":{"line":21,"column":25},"end":{"line":21,"column":34}}]},"2":{"type":"branch","line":21,"loc":{"start":{"line":21,"column":32},"end":{"line":23,"column":1}},"locations":[{"start":{"line":21,"column":32},"end":{"line":23,"column":1}}]},"3":{"type":"branch","line":25,"loc":{"start":{"line":25,"column":0},"end":{"line":42,"column":1}},"locations":[{"start":{"line":25,"column":0},"end":{"line":42,"column":1}}]},"4":{"type":"branch","line":27,"loc":{"start":{"line":27,"column":4},"end":{"line":28,"column":24}},"locations":[{"start":{"line":27,"column":4},"end":{"line":28,"column":24}}]},"5":{"type":"branch","line":29,"loc":{"start":{"line":29,"column":4},"end":{"line":30,"column":62}},"locations":[{"start":{"line":29,"column":4},"end":{"line":30,"column":62}}]},"6":{"type":"branch","line":30,"loc":{"start":{"line":30,"column":47},"end":{"line":30,"column":60}},"locations":[{"start":{"line":30,"column":47},"end":{"line":30,"column":60}}]},"7":{"type":"branch","line":31,"loc":{"start":{"line":31,"column":4},"end":{"line":34,"column":48}},"locations":[{"start":{"line":31,"column":4},"end":{"line":34,"column":48}}]},"8":{"type":"branch","line":32,"loc":{"start":{"line":32,"column":38},"end":{"line":33,"column":23}},"locations":[{"start":{"line":32,"column":38},"end":{"line":33,"column":23}}]},"9":{"type":"branch","line":33,"loc":{"start":{"line":33,"column":16},"end":{"line":34,"column":48}},"locations":[{"start":{"line":33,"column":16},"end":{"line":34,"column":48}}]},"10":{"type":"branch","line":35,"loc":{"start":{"line":35,"column":4},"end":{"line":36,"column":47}},"locations":[{"start":{"line":35,"column":4},"end":{"line":36,"column":47}}]},"11":{"type":"branch","line":36,"loc":{"start":{"line":36,"column":34},"end":{"line":36,"column":45}},"locations":[{"start":{"line":36,"column":34},"end":{"line":36,"column":45}}]},"12":{"type":"branch","line":37,"loc":{"start":{"line":37,"column":4},"end":{"line":40,"column":5}},"locations":[{"start":{"line":37,"column":4},"end":{"line":40,"column":5}}]},"13":{"type":"branch","line":48,"loc":{"start":{"line":48,"column":50},"end":{"line":66,"column":1}},"locations":[{"start":{"line":48,"column":50},"end":{"line":66,"column":1}}]},"14":{"type":"branch","line":51,"loc":{"start":{"line":51,"column":2},"end":{"line":53,"column":3}},"locations":[{"start":{"line":51,"column":2},"end":{"line":53,"column":3}}]},"15":{"type":"branch","line":55,"loc":{"start":{"line":55,"column":2},"end":{"line":65,"column":3}},"locations":[{"start":{"line":55,"column":2},"end":{"line":65,"column":3}}]},"16":{"type":"branch","line":57,"loc":{"start":{"line":57,"column":34},"end":{"line":57,"column":65}},"locations":[{"start":{"line":57,"column":34},"end":{"line":57,"column":65}}]},"17":{"type":"branch","line":59,"loc":{"start":{"line":59,"column":39},"end":{"line":59,"column":78}},"locations":[{"start":{"line":59,"column":39},"end":{"line":59,"column":78}}]},"18":{"type":"branch","line":61,"loc":{"start":{"line":61,"column":34},"end":{"line":63,"column":5}},"locations":[{"start":{"line":61,"column":34},"end":{"line":63,"column":5}}]},"19":{"type":"branch","line":62,"loc":{"start":{"line":62,"column":45},"end":{"line":62,"column":66}},"locations":[{"start":{"line":62,"column":45},"end":{"line":62,"column":66}}]},"20":{"type":"branch","line":62,"loc":{"start":{"line":62,"column":86},"end":{"line":62,"column":100}},"locations":[{"start":{"line":62,"column":86},"end":{"line":62,"column":100}}]},"21":{"type":"branch","line":71,"loc":{"start":{"line":71,"column":7},"end":{"line":73,"column":1}},"locations":[{"start":{"line":71,"column":7},"end":{"line":73,"column":1}}]},"22":{"type":"branch","line":80,"loc":{"start":{"line":80,"column":47},"end":{"line":101,"column":1}},"locations":[{"start":{"line":80,"column":47},"end":{"line":101,"column":1}}]},"23":{"type":"branch","line":83,"loc":{"start":{"line":83,"column":2},"end":{"line":85,"column":3}},"locations":[{"start":{"line":83,"column":2},"end":{"line":85,"column":3}}]},"24":{"type":"branch","line":84,"loc":{"start":{"line":84,"column":27},"end":{"line":84,"column":35}},"locations":[{"start":{"line":84,"column":27},"end":{"line":84,"column":35}}]},"25":{"type":"branch","line":84,"loc":{"start":{"line":84,"column":31},"end":{"line":84,"column":55}},"locations":[{"start":{"line":84,"column":31},"end":{"line":84,"column":55}}]},"26":{"type":"branch","line":87,"loc":{"start":{"line":87,"column":2},"end":{"line":100,"column":3}},"locations":[{"start":{"line":87,"column":2},"end":{"line":100,"column":3}}]},"27":{"type":"branch","line":90,"loc":{"start":{"line":90,"column":36},"end":{"line":92,"column":5}},"locations":[{"start":{"line":90,"column":36},"end":{"line":92,"column":5}}]},"28":{"type":"branch","line":93,"loc":{"start":{"line":93,"column":34},"end":{"line":98,"column":5}},"locations":[{"start":{"line":93,"column":34},"end":{"line":98,"column":5}}]}},"b":{"0":[46],"1":[2],"2":[44],"3":[24],"4":[20],"5":[1],"6":[0],"7":[2],"8":[1],"9":[1],"10":[1],"11":[0],"12":[0],"13":[6],"14":[5],"15":[19],"16":[18],"17":[22],"18":[1],"19":[0],"20":[0],"21":[5],"22":[6],"23":[6],"24":[1],"25":[5],"26":[3],"27":[1],"28":[0]},"fnMap":{"0":{"name":"approxCount","decl":{"start":{"line":20,"column":0},"end":{"line":23,"column":1}},"loc":{"start":{"line":20,"column":0},"end":{"line":23,"column":1}},"line":20},"1":{"name":"blockText","decl":{"start":{"line":25,"column":0},"end":{"line":42,"column":1}},"loc":{"start":{"line":25,"column":0},"end":{"line":42,"column":1}},"line":25},"2":{"name":"<instance_members_initializer>","decl":{"start":{"line":48,"column":50},"end":{"line":66,"column":1}},"loc":{"start":{"line":48,"column":50},"end":{"line":66,"column":1}},"line":48},"3":{"name":"count","decl":{"start":{"line":51,"column":2},"end":{"line":53,"column":3}},"loc":{"start":{"line":51,"column":2},"end":{"line":53,"column":3}},"line":51},"4":{"name":"countRequest","decl":{"start":{"line":55,"column":2},"end":{"line":65,"column":3}},"loc":{"start":{"line":55,"column":2},"end":{"line":65,"column":3}},"line":55},"5":{"name":"isExactForModel","decl":{"start":{"line":71,"column":7},"end":{"line":73,"column":1}},"loc":{"start":{"line":71,"column":7},"end":{"line":73,"column":1}},"line":71},"6":{"name":"<instance_members_initializer>","decl":{"start":{"line":80,"column":47},"end":{"line":101,"column":1}},"loc":{"start":{"line":80,"column":47},"end":{"line":101,"column":1}},"line":80},"7":{"name":"count","decl":{"start":{"line":83,"column":2},"end":{"line":85,"column":3}},"loc":{"start":{"line":83,"column":2},"end":{"line":85,"column":3}},"line":83},"8":{"name":"countRequest","decl":{"start":{"line":87,"column":2},"end":{"line":100,"column":3}},"loc":{"start":{"line":87,"column":2},"end":{"line":100,"column":3}},"line":87}},"f":{"0":46,"1":24,"2":6,"3":5,"4":19,"5":5,"6":6,"7":6,"8":3}}
,"/Users/aliarsalan/throttle.ai/packages/core/src/stages/cache.ts": {"path":"/Users/aliarsalan/throttle.ai/packages/core/src/stages/cache.ts","all":false,"statementMap":{"15":{"start":{"line":16,"column":0},"end":{"line":16,"column":34}},"16":{"start":{"line":17,"column":0},"end":{"line":17,"column":16}},"17":{"start":{"line":18,"column":0},"end":{"line":18,"column":16}},"18":{"start":{"line":19,"column":0},"end":{"line":19,"column":66}},"19":{"start":{"line":20,"column":0},"end":{"line":20,"column":66}},"20":{"start":{"line":21,"column":0},"end":{"line":21,"column":87}},"21":{"start":{"line":22,"column":0},"end":{"line":22,"column":5}},"22":{"start":{"line":23,"column":0},"end":{"line":23,"column":49}},"23":{"start":{"line":24,"column":0},"end":{"line":24,"column":88}},"24":{"start":{"line":25,"column":0},"end":{"line":25,"column":5}},"25":{"start":{"line":26,"column":0},"end":{"line":26,"column":56}},"26":{"start":{"line":27,"column":0},"end":{"line":27,"column":86}},"27":{"start":{"line":28,"column":0},"end":{"line":28,"column":6}},"28":{"start":{"line":29,"column":0},"end":{"line":29,"column":12}},"29":{"start":{"line":30,"column":0},"end":{"line":30,"column":30}},"30":{"start":{"line":31,"column":0},"end":{"line":31,"column":15}},"31":{"start":{"line":32,"column":0},"end":{"line":32,"column":23}},"32":{"start":{"line":33,"column":0},"end":{"line":33,"column":51}},"33":{"start":{"line":34,"column":0},"end":{"line":34,"column":6}},"34":{"start":{"line":35,"column":0},"end":{"line":35,"column":4}},"35":{"start":{"line":36,"column":0},"end":{"line":36,"column":2}}},"s":{"15":1,"16":1,"17":1,"18":1,"19":7,"20":1,"21":1,"22":7,"23":1,"24":1,"25":5,"26":6,"27":5,"28":5,"29":5,"30":5,"31":5,"32":5,"33":5,"34":7,"35":1},"branchMap":{"0":{"type":"branch","line":19,"loc":{"start":{"line":19,"column":2},"end":{"line":35,"column":4}},"locations":[{"start":{"line":19,"column":2},"end":{"line":35,"column":4}}]},"1":{"type":"branch","line":20,"loc":{"start":{"line":20,"column":25},"end":{"line":20,"column":65}},"locations":[{"start":{"line":20,"column":25},"end":{"line":20,"column":65}}]},"2":{"type":"branch","line":20,"loc":{"start":{"line":20,"column":65},"end":{"line":22,"column":5}},"locations":[{"start":{"line":20,"column":65},"end":{"line":22,"column":5}}]},"3":{"type":"branch","line":22,"loc":{"start":{"line":22,"column":4},"end":{"line":23,"column":48}},"locations":[{"start":{"line":22,"column":4},"end":{"line":23,"column":48}}]},"4":{"type":"branch","line":23,"loc":{"start":{"line":23,"column":48},"end":{"line":25,"column":5}},"locations":[{"start":{"line":23,"column":48},"end":{"line":25,"column":5}}]},"5":{"type":"branch","line":25,"loc":{"start":{"line":25,"column":4},"end":{"line":34,"column":6}},"locations":[{"start":{"line":25,"column":4},"end":{"line":34,"column":6}}]},"6":{"type":"branch","line":23,"loc":{"start":{"line":23,"column":24},"end":{"line":23,"column":45}},"locations":[{"start":{"line":23,"column":24},"end":{"line":23,"column":45}}]},"7":{"type":"branch","line":26,"loc":{"start":{"line":26,"column":47},"end":{"line":27,"column":86}},"locations":[{"start":{"line":26,"column":47},"end":{"line":27,"column":86}}]},"8":{"type":"branch","line":27,"loc":{"start":{"line":27,"column":32},"end":{"line":27,"column":84}},"locations":[{"start":{"line":27,"column":32},"end":{"line":27,"column":84}}]},"9":{"type":"branch","line":27,"loc":{"start":{"line":27,"column":80},"end":{"line":27,"column":86}},"locations":[{"start":{"line":27,"column":80},"end":{"line":27,"column":86}}]}},"b":{"0":[7],"1":[6],"2":[1],"3":[6],"4":[1],"5":[5],"6":[7],"7":[6],"8":[5],"9":[1]},"fnMap":{"0":{"name":"run","decl":{"start":{"line":19,"column":2},"end":{"line":35,"column":4}},"loc":{"start":{"line":19,"column":2},"end":{"line":35,"column":4}},"line":19}},"f":{"0":7}}
,"/Users/aliarsalan/throttle.ai/packages/core/src/stages/dedup.ts": {"path":"/Users/aliarsalan/throttle.ai/packages/core/src/stages/dedup.ts","all":false,"statementMap":{"0":{"start":{"line":1,"column":0},"end":{"line":1,"column":103}},"4":{"start":{"line":5,"column":0},"end":{"line":5,"column":26}},"5":{"start":{"line":6,"column":0},"end":{"line":6,"column":104}},"20":{"start":{"line":21,"column":0},"end":{"line":21,"column":34}},"21":{"start":{"line":22,"column":0},"end":{"line":22,"column":16}},"22":{"start":{"line":23,"column":0},"end":{"line":23,"column":17}},"23":{"start":{"line":24,"column":0},"end":{"line":24,"column":66}},"24":{"start":{"line":25,"column":0},"end":{"line":25,"column":35}},"25":{"start":{"line":26,"column":0},"end":{"line":26,"column":22}},"27":{"start":{"line":28,"column":0},"end":{"line":28,"column":46}},"28":{"start":{"line":29,"column":0},"end":{"line":29,"column":64}},"29":{"start":{"line":30,"column":0},"end":{"line":30,"column":78}},"30":{"start":{"line":31,"column":0},"end":{"line":31,"column":35}},"31":{"start":{"line":32,"column":0},"end":{"line":32,"column":22}},"32":{"start":{"line":33,"column":0},"end":{"line":33,"column":49}},"33":{"start":{"line":34,"column":0},"end":{"line":34,"column":9}},"34":{"start":{"line":35,"column":0},"end":{"line":35,"column":29}},"35":{"start":{"line":36,"column":0},"end":{"line":36,"column":21}},"36":{"start":{"line":37,"column":0},"end":{"line":37,"column":9}},"37":{"start":{"line":38,"column":0},"end":{"line":38,"column":31}},"38":{"start":{"line":39,"column":0},"end":{"line":39,"column":7}},"40":{"start":{"line":41,"column":0},"end":{"line":41,"column":12}},"41":{"start":{"line":42,"column":0},"end":{"line":42,"column":32}},"42":{"start":{"line":43,"column":0},"end":{"line":43,"column":15}},"43":{"start":{"line":44,"column":0},"end":{"line":44,"column":24}},"44":{"start":{"line":45,"column":0},"end":{"line":45,"column":97}},"45":{"start":{"line":46,"column":0},"end":{"line":46,"column":6}},"46":{"start":{"line":47,"column":0},"end":{"line":47,"column":4}},"47":{"start":{"line":48,"column":0},"end":{"line":48,"column":2}}},"s":{"0":1,"4":1,"5":1,"20":1,"21":1,"22":1,"23":1,"24":3,"25":3,"27":3,"28":5,"29":6,"30":5,"31":1,"32":1,"33":1,"34":1,"35":1,"36":5,"37":5,"38":3,"40":3,"41":3,"42":3,"43":3,"44":3,"45":3,"46":3,"47":1},"branchMap":{"0":{"type":"branch","line":24,"loc":{"start":{"line":24,"column":2},"end":{"line":47,"column":4}},"locations":[{"start":{"line":24,"column":2},"end":{"line":47,"column":4}}]},"1":{"type":"branch","line":45,"loc":{"start":{"line":45,"column":25},"end":{"line":45,"column":75}},"locations":[{"start":{"line":45,"column":25},"end":{"line":45,"column":75}}]},"2":{"type":"branch","line":45,"loc":{"start":{"line":45,"column":51},"end":{"line":45,"column":97}},"locations":[{"start":{"line":45,"column":51},"end":{"line":45,"column":97}}]},"3":{"type":"branch","line":28,"loc":{"start":{"line":28,"column":38},"end":{"line":39,"column":5}},"locations":[{"start":{"line":28,"column":38},"end":{"line":39,"column":5}}]},"4":{"type":"branch","line":29,"loc":{"start":{"line":29,"column":52},"end":{"line":37,"column":7}},"locations":[{"start":{"line":29,"column":52},"end":{"line":37,"column":7}}]},"5":{"type":"branch","line":30,"loc":{"start":{"line":30,"column":65},"end":{"line":30,"column":78}},"locations":[{"start":{"line":30,"column":65},"end":{"line":30,"column":78}}]},"6":{"type":"branch","line":30,"loc":{"start":{"line":30,"column":72},"end":{"line":36,"column":21}},"locations":[{"start":{"line":30,"column":72},"end":{"line":36,"column":21}}]},"7":{"type":"branch","line":30,"loc":{"start":{"line":30,"column":72},"end":{"line":31,"column":34}},"locations":[{"start":{"line":30,"column":72},"end":{"line":31,"column":34}}]},"8":{"type":"branch","line":31,"loc":{"start":{"line":31,"column":34},"end":{"line":36,"column":21}},"locations":[{"start":{"line":31,"column":34},"end":{"line":36,"column":21}}]}},"b":{"0":[3],"1":[1],"2":[2],"3":[5],"4":[6],"5":[4],"6":[5],"7":[2],"8":[1]},"fnMap":{"0":{"name":"run","decl":{"start":{"line":24,"column":2},"end":{"line":47,"column":4}},"loc":{"start":{"line":24,"column":2},"end":{"line":47,"column":4}},"line":24}},"f":{"0":3}}
,"/Users/aliarsalan/throttle.ai/packages/core/src/stages/filediff.ts": {"path":"/Users/aliarsalan/throttle.ai/packages/core/src/stages/filediff.ts","all":false,"statementMap":{"0":{"start":{"line":1,"column":0},"end":{"line":1,"column":43}},"5":{"start":{"line":6,"column":0},"end":{"line":6,"column":27}},"7":{"start":{"line":8,"column":0},"end":{"line":8,"column":90}},"9":{"start":{"line":10,"column":0},"end":{"line":10,"column":55}},"10":{"start":{"line":11,"column":0},"end":{"line":11,"column":49}},"11":{"start":{"line":12,"column":0},"end":{"line":12,"column":38}},"12":{"start":{"line":13,"column":0},"end":{"line":13,"column":30}},"13":{"start":{"line":14,"column":0},"end":{"line":14,"column":1}},"15":{"start":{"line":16,"column":0},"end":{"line":16,"column":78}},"17":{"start":{"line":18,"column":0},"end":{"line":18,"column":89}},"18":{"start":{"line":19,"column":0},"end":{"line":19,"column":57}},"19":{"start":{"line":20,"column":0},"end":{"line":20,"column":1}},"33":{"start":{"line":34,"column":0},"end":{"line":34,"column":37}},"34":{"start":{"line":35,"column":0},"end":{"line":35,"column":19}},"35":{"start":{"line":36,"column":0},"end":{"line":36,"column":17}},"36":{"start":{"line":37,"column":0},"end":{"line":37,"column":65}},"37":{"start":{"line":38,"column":0},"end":{"line":38,"column":28}},"38":{"start":{"line":39,"column":0},"end":{"line":39,"column":93}},"40":{"start":{"line":41,"column":0},"end":{"line":41,"column":19}},"41":{"start":{"line":42,"column":0},"end":{"line":42,"column":46}},"42":{"start":{"line":43,"column":0},"end":{"line":43,"column":64}},"43":{"start":{"line":44,"column":0},"end":{"line":44,"column":79}},"44":{"start":{"line":45,"column":0},"end":{"line":45,"column":44}},"45":{"start":{"line":46,"column":0},"end":{"line":46,"column":32}},"47":{"start":{"line":48,"column":0},"end":{"line":48,"column":52}},"48":{"start":{"line":49,"column":0},"end":{"line":49,"column":51}},"49":{"start":{"line":50,"column":0},"end":{"line":50,"column":88}},"51":{"start":{"line":52,"column":0},"end":{"line":52,"column":57}},"53":{"start":{"line":54,"column":0},"end":{"line":54,"column":59}},"54":{"start":{"line":55,"column":0},"end":{"line":55,"column":17}},"55":{"start":{"line":56,"column":0},"end":{"line":56,"column":16}},"56":{"start":{"line":57,"column":0},"end":{"line":57,"column":19}},"57":{"start":{"line":58,"column":0},"end":{"line":58,"column":114}},"58":{"start":{"line":59,"column":0},"end":{"line":59,"column":10}},"59":{"start":{"line":60,"column":0},"end":{"line":60,"column":9}},"60":{"start":{"line":61,"column":0},"end":{"line":61,"column":31}},"61":{"start":{"line":62,"column":0},"end":{"line":62,"column":7}},"63":{"start":{"line":64,"column":0},"end":{"line":64,"column":12}},"64":{"start":{"line":65,"column":0},"end":{"line":65,"column":32}},"65":{"start":{"line":66,"column":0},"end":{"line":66,"column":15}},"66":{"start":{"line":67,"column":0},"end":{"line":67,"column":24}},"67":{"start":{"line":68,"column":0},"end":{"line":68,"column":82}},"68":{"start":{"line":69,"column":0},"end":{"line":69,"column":6}},"69":{"start":{"line":70,"column":0},"end":{"line":70,"column":4}},"70":{"start":{"line":71,"column":0},"end":{"line":71,"column":2}}},"s":{"0":1,"5":1,"7":1,"9":4,"10":4,"11":4,"12":4,"13":4,"15":1,"17":1,"18":1,"19":1,"33":1,"34":1,"35":1,"36":1,"37":6,"38":6,"40":4,"41":4,"42":4,"43":4,"44":4,"45":4,"47":4,"48":4,"49":4,"51":1,"53":4,"54":1,"55":1,"56":1,"57":1,"58":1,"59":4,"60":4,"61":4,"63":4,"64":4,"65":4,"66":4,"67":6,"68":6,"69":6,"70":1},"branchMap":{"0":{"type":"branch","line":10,"loc":{"start":{"line":10,"column":0},"end":{"line":14,"column":1}},"locations":[{"start":{"line":10,"column":0},"end":{"line":14,"column":1}}]},"1":{"type":"branch","line":11,"loc":{"start":{"line":11,"column":41},"end":{"line":11,"column":49}},"locations":[{"start":{"line":11,"column":41},"end":{"line":11,"column":49}}]},"2":{"type":"branch","line":13,"loc":{"start":{"line":13,"column":16},"end":{"line":13,"column":30}},"locations":[{"start":{"line":13,"column":16},"end":{"line":13,"column":30}}]},"3":{"type":"branch","line":16,"loc":{"start":{"line":16,"column":0},"end":{"line":20,"column":1}},"locations":[{"start":{"line":16,"column":0},"end":{"line":20,"column":1}}]},"4":{"type":"branch","line":37,"loc":{"start":{"line":37,"column":2},"end":{"line":70,"column":4}},"locations":[{"start":{"line":37,"column":2},"end":{"line":70,"column":4}}]},"5":{"type":"branch","line":39,"loc":{"start":{"line":39,"column":16},"end":{"line":39,"column":93}},"locations":[{"start":{"line":39,"column":16},"end":{"line":39,"column":93}}]},"6":{"type":"branch","line":39,"loc":{"start":{"line":39,"column":91},"end":{"line":68,"column":55}},"locations":[{"start":{"line":39,"column":91},"end":{"line":68,"column":55}}]},"7":{"type":"branch","line":39,"loc":{"start":{"line":39,"column":91},"end":{"line":68,"column":26}},"locations":[{"start":{"line":39,"column":91},"end":{"line":68,"column":26}}]},"8":{"type":"branch","line":68,"loc":{"start":{"line":68,"column":22},"end":{"line":68,"column":55}},"locations":[{"start":{"line":68,"column":22},"end":{"line":68,"column":55}}]},"9":{"type":"branch","line":68,"loc":{"start":{"line":68,"column":42},"end":{"line":68,"column":82}},"locations":[{"start":{"line":68,"column":42},"end":{"line":68,"column":82}}]},"10":{"type":"branch","line":42,"loc":{"start":{"line":42,"column":38},"end":{"line":62,"column":5}},"locations":[{"start":{"line":42,"column":38},"end":{"line":62,"column":5}}]},"11":{"type":"branch","line":43,"loc":{"start":{"line":43,"column":52},"end":{"line":60,"column":7}},"locations":[{"start":{"line":43,"column":52},"end":{"line":60,"column":7}}]},"12":{"type":"branch","line":44,"loc":{"start":{"line":44,"column":66},"end":{"line":44,"column":79}},"locations":[{"start":{"line":44,"column":66},"end":{"line":44,"column":79}}]},"13":{"type":"branch","line":46,"loc":{"start":{"line":46,"column":19},"end":{"line":46,"column":32}},"locations":[{"start":{"line":46,"column":19},"end":{"line":46,"column":32}}]},"14":{"type":"branch","line":50,"loc":{"start":{"line":50,"column":21},"end":{"line":50,"column":55}},"locations":[{"start":{"line":50,"column":21},"end":{"line":50,"column":55}}]},"15":{"type":"branch","line":50,"loc":{"start":{"line":50,"column":55},"end":{"line":50,"column":88}},"locations":[{"start":{"line":50,"column":55},"end":{"line":50,"column":88}}]},"16":{"type":"branch","line":50,"loc":{"start":{"line":50,"column":62},"end":{"line":54,"column":53}},"locations":[{"start":{"line":50,"column":62},"end":{"line":54,"column":53}}]},"17":{"type":"branch","line":54,"loc":{"start":{"line":54,"column":46},"end":{"line":54,"column":59}},"locations":[{"start":{"line":54,"column":46},"end":{"line":54,"column":59}}]},"18":{"type":"branch","line":54,"loc":{"start":{"line":54,"column":53},"end":{"line":59,"column":10}},"locations":[{"start":{"line":54,"column":53},"end":{"line":59,"column":10}}]}},"b":{"0":[4],"1":[0],"2":[0],"3":[1],"4":[6],"5":[2],"6":[5],"7":[4],"8":[1],"9":[3],"10":[4],"11":[4],"12":[0],"13":[0],"14":[2],"15":[3],"16":[1],"17":[0],"18":[1]},"fnMap":{"0":{"name":"detectPath","decl":{"start":{"line":10,"column":0},"end":{"line":14,"column":1}},"loc":{"start":{"line":10,"column":0},"end":{"line":14,"column":1}},"line":10},"1":{"name":"unifiedDiff","decl":{"start":{"line":16,"column":0},"end":{"line":20,"column":1}},"loc":{"start":{"line":16,"column":0},"end":{"line":20,"column":1}},"line":16},"2":{"name":"run","decl":{"start":{"line":37,"column":2},"end":{"line":70,"column":4}},"loc":{"start":{"line":37,"column":2},"end":{"line":70,"column":4}},"line":37}},"f":{"0":4,"1":1,"2":6}}
,"/Users/aliarsalan/throttle.ai/packages/core/src/stages/index.ts": {"path":"/Users/aliarsalan/throttle.ai/packages/core/src/stages/index.ts","all":false,"statementMap":{"0":{"start":{"line":1,"column":0},"end":{"line":1,"column":55}},"16":{"start":{"line":17,"column":0},"end":{"line":17,"column":39}},"17":{"start":{"line":18,"column":0},"end":{"line":18,"column":13}},"18":{"start":{"line":19,"column":0},"end":{"line":19,"column":13}},"19":{"start":{"line":20,"column":0},"end":{"line":20,"column":13}},"20":{"start":{"line":21,"column":0},"end":{"line":21,"column":16}},"21":{"start":{"line":22,"column":0},"end":{"line":22,"column":13}},"22":{"start":{"line":23,"column":0},"end":{"line":23,"column":14}},"23":{"start":{"line":24,"column":0},"end":{"line":24,"column":2}},"26":{"start":{"line":27,"column":0},"end":{"line":27,"column":76}},"27":{"start":{"line":28,"column":0},"end":{"line":28,"column":52}},"28":{"start":{"line":29,"column":0},"end":{"line":29,"column":19}},"29":{"start":{"line":30,"column":0},"end":{"line":30,"column":19}},"30":{"start":{"line":31,"column":0},"end":{"line":31,"column":19}},"31":{"start":{"line":32,"column":0},"end":{"line":32,"column":25}},"32":{"start":{"line":33,"column":0},"end":{"line":33,"column":19}},"33":{"start":{"line":34,"column":0},"end":{"line":34,"column":21}},"34":{"start":{"line":35,"column":0},"end":{"line":35,"column":4}},"35":{"start":{"line":36,"column":0},"end":{"line":36,"column":20}},"36":{"start":{"line":37,"column":0},"end":{"line":37,"column":1}}},"s":{"0":1,"16":1,"17":1,"18":1,"19":1,"20":1,"21":1,"22":1,"23":1,"26":1,"27":31,"28":31,"29":31,"30":31,"31":31,"32":31,"33":31,"34":31,"35":31,"36":31},"branchMap":{"0":{"type":"branch","line":27,"loc":{"start":{"line":27,"column":7},"end":{"line":37,"column":1}},"locations":[{"start":{"line":27,"column":7},"end":{"line":37,"column":1}}]}},"b":{"0":[31]},"fnMap":{"0":{"name":"toggleKeyFor","decl":{"start":{"line":27,"column":7},"end":{"line":37,"column":1}},"loc":{"start":{"line":27,"column":7},"end":{"line":37,"column":1}},"line":27}},"f":{"0":31}}
,"/Users/aliarsalan/throttle.ai/packages/core/src/stages/intent.ts": {"path":"/Users/aliarsalan/throttle.ai/packages/core/src/stages/intent.ts","all":false,"statementMap":{"15":{"start":{"line":16,"column":0},"end":{"line":16,"column":35}},"16":{"start":{"line":17,"column":0},"end":{"line":17,"column":17}},"17":{"start":{"line":18,"column":0},"end":{"line":18,"column":17}},"18":{"start":{"line":19,"column":0},"end":{"line":19,"column":66}},"19":{"start":{"line":20,"column":0},"end":{"line":20,"column":86}},"20":{"start":{"line":21,"column":0},"end":{"line":21,"column":4}},"21":{"start":{"line":22,"column":0},"end":{"line":22,"column":2}}},"s":{"15":1,"16":1,"17":1,"18":1,"19":2,"20":2,"21":1},"branchMap":{"0":{"type":"branch","line":19,"loc":{"start":{"line":19,"column":2},"end":{"line":21,"column":4}},"locations":[{"start":{"line":19,"column":2},"end":{"line":21,"column":4}}]}},"b":{"0":[2]},"fnMap":{"0":{"name":"run","decl":{"start":{"line":19,"column":2},"end":{"line":21,"column":4}},"loc":{"start":{"line":19,"column":2},"end":{"line":21,"column":4}},"line":19}},"f":{"0":2}}
,"/Users/aliarsalan/throttle.ai/packages/core/src/stages/slice.ts": {"path":"/Users/aliarsalan/throttle.ai/packages/core/src/stages/slice.ts","all":false,"statementMap":{"14":{"start":{"line":15,"column":0},"end":{"line":15,"column":34}},"15":{"start":{"line":16,"column":0},"end":{"line":16,"column":16}},"16":{"start":{"line":17,"column":0},"end":{"line":17,"column":17}},"17":{"start":{"line":18,"column":0},"end":{"line":18,"column":66}},"18":{"start":{"line":19,"column":0},"end":{"line":19,"column":80}},"19":{"start":{"line":20,"column":0},"end":{"line":20,"column":4}},"20":{"start":{"line":21,"column":0},"end":{"line":21,"column":2}}},"s":{"14":1,"15":1,"16":1,"17":1,"18":2,"19":2,"20":1},"branchMap":{"0":{"type":"branch","line":18,"loc":{"start":{"line":18,"column":2},"end":{"line":20,"column":4}},"locations":[{"start":{"line":18,"column":2},"end":{"line":20,"column":4}}]}},"b":{"0":[2]},"fnMap":{"0":{"name":"run","decl":{"start":{"line":18,"column":2},"end":{"line":20,"column":4}},"loc":{"start":{"line":18,"column":2},"end":{"line":20,"column":4}},"line":18}},"f":{"0":2}}
,"/Users/aliarsalan/throttle.ai/packages/core/src/stages/strip.ts": {"path":"/Users/aliarsalan/throttle.ai/packages/core/src/stages/strip.ts","all":false,"statementMap":{"0":{"start":{"line":1,"column":0},"end":{"line":1,"column":114}},"16":{"start":{"line":17,"column":0},"end":{"line":17,"column":42}},"17":{"start":{"line":18,"column":0},"end":{"line":18,"column":13}},"18":{"start":{"line":19,"column":0},"end":{"line":19,"column":16}},"19":{"start":{"line":20,"column":0},"end":{"line":20,"column":48}},"20":{"start":{"line":21,"column":0},"end":{"line":21,"column":15}},"21":{"start":{"line":22,"column":0},"end":{"line":22,"column":32}},"22":{"start":{"line":23,"column":0},"end":{"line":23,"column":1}},"24":{"start":{"line":25,"column":0},"end":{"line":25,"column":71}},"25":{"start":{"line":26,"column":0},"end":{"line":26,"column":37}},"26":{"start":{"line":27,"column":0},"end":{"line":27,"column":33}},"27":{"start":{"line":28,"column":0},"end":{"line":28,"column":32}},"28":{"start":{"line":29,"column":0},"end":{"line":29,"column":25}},"29":{"start":{"line":30,"column":0},"end":{"line":30,"column":22}},"30":{"start":{"line":31,"column":0},"end":{"line":31,"column":15}},"31":{"start":{"line":32,"column":0},"end":{"line":32,"column":5}},"32":{"start":{"line":33,"column":0},"end":{"line":33,"column":42}},"33":{"start":{"line":34,"column":0},"end":{"line":34,"column":76}},"34":{"start":{"line":35,"column":0},"end":{"line":35,"column":31}},"35":{"start":{"line":36,"column":0},"end":{"line":36,"column":67}},"36":{"start":{"line":37,"column":0},"end":{"line":37,"column":22}},"37":{"start":{"line":38,"column":0},"end":{"line":38,"column":56}},"38":{"start":{"line":39,"column":0},"end":{"line":39,"column":19}},"39":{"start":{"line":40,"column":0},"end":{"line":40,"column":3}},"40":{"start":{"line":41,"column":0},"end":{"line":41,"column":13}},"41":{"start":{"line":42,"column":0},"end":{"line":42,"column":1}},"43":{"start":{"line":44,"column":0},"end":{"line":44,"column":34}},"44":{"start":{"line":45,"column":0},"end":{"line":45,"column":16}},"45":{"start":{"line":46,"column":0},"end":{"line":46,"column":16}},"46":{"start":{"line":47,"column":0},"end":{"line":47,"column":66}},"48":{"start":{"line":49,"column":0},"end":{"line":49,"column":38}},"49":{"start":{"line":50,"column":0},"end":{"line":50,"column":35}},"50":{"start":{"line":51,"column":0},"end":{"line":51,"column":33}},"51":{"start":{"line":52,"column":0},"end":{"line":52,"column":40}},"52":{"start":{"line":53,"column":0},"end":{"line":53,"column":48}},"53":{"start":{"line":54,"column":0},"end":{"line":54,"column":52}},"54":{"start":{"line":55,"column":0},"end":{"line":55,"column":37}},"55":{"start":{"line":56,"column":0},"end":{"line":56,"column":23}},"56":{"start":{"line":57,"column":0},"end":{"line":57,"column":43}},"57":{"start":{"line":58,"column":0},"end":{"line":58,"column":5}},"59":{"start":{"line":60,"column":0},"end":{"line":60,"column":98}},"61":{"start":{"line":62,"column":0},"end":{"line":62,"column":12}},"62":{"start":{"line":63,"column":0},"end":{"line":63,"column":40}},"63":{"start":{"line":64,"column":0},"end":{"line":64,"column":15}},"64":{"start":{"line":65,"column":0},"end":{"line":65,"column":23}},"65":{"start":{"line":66,"column":0},"end":{"line":66,"column":66}},"66":{"start":{"line":67,"column":0},"end":{"line":67,"column":6}},"67":{"start":{"line":68,"column":0},"end":{"line":68,"column":4}},"68":{"start":{"line":69,"column":0},"end":{"line":69,"column":2}}},"s":{"0":1,"16":13,"17":13,"18":13,"19":13,"20":13,"21":13,"22":13,"24":6,"25":6,"26":6,"27":6,"28":9,"29":1,"30":1,"31":1,"32":8,"33":8,"34":7,"35":7,"36":6,"37":6,"38":6,"39":6,"40":6,"41":6,"43":1,"44":1,"45":1,"46":1,"48":7,"49":7,"50":7,"51":5,"52":5,"53":5,"54":5,"55":4,"56":4,"57":4,"59":7,"61":7,"62":7,"63":7,"64":7,"65":7,"66":7,"67":7,"68":1},"branchMap":{"0":{"type":"branch","line":17,"loc":{"start":{"line":17,"column":0},"end":{"line":23,"column":1}},"locations":[{"start":{"line":17,"column":0},"end":{"line":23,"column":1}}]},"1":{"type":"branch","line":20,"loc":{"start":{"line":20,"column":9},"end":{"line":20,"column":47}},"locations":[{"start":{"line":20,"column":9},"end":{"line":20,"column":47}}]},"2":{"type":"branch","line":25,"loc":{"start":{"line":25,"column":0},"end":{"line":42,"column":1}},"locations":[{"start":{"line":25,"column":0},"end":{"line":42,"column":1}}]},"3":{"type":"branch","line":28,"loc":{"start":{"line":28,"column":31},"end":{"line":40,"column":3}},"locations":[{"start":{"line":28,"column":31},"end":{"line":40,"column":3}}]},"4":{"type":"branch","line":29,"loc":{"start":{"line":29,"column":24},"end":{"line":32,"column":5}},"locations":[{"start":{"line":29,"column":24},"end":{"line":32,"column":5}}]},"5":{"type":"branch","line":32,"loc":{"start":{"line":32,"column":4},"end":{"line":34,"column":76}},"locations":[{"start":{"line":32,"column":4},"end":{"line":34,"column":76}}]},"6":{"type":"branch","line":34,"loc":{"start":{"line":34,"column":37},"end":{"line":34,"column":76}},"locations":[{"start":{"line":34,"column":37},"end":{"line":34,"column":76}}]},"7":{"type":"branch","line":34,"loc":{"start":{"line":34,"column":37},"end":{"line":36,"column":67}},"locations":[{"start":{"line":34,"column":37},"end":{"line":36,"column":67}}]},"8":{"type":"branch","line":36,"loc":{"start":{"line":36,"column":27},"end":{"line":36,"column":67}},"locations":[{"start":{"line":36,"column":27},"end":{"line":36,"column":67}}]},"9":{"type":"branch","line":36,"loc":{"start":{"line":36,"column":27},"end":{"line":40,"column":3}},"locations":[{"start":{"line":36,"column":27},"end":{"line":40,"column":3}}]},"10":{"type":"branch","line":47,"loc":{"start":{"line":47,"column":2},"end":{"line":68,"column":4}},"locations":[{"start":{"line":47,"column":2},"end":{"line":68,"column":4}}]},"11":{"type":"branch","line":51,"loc":{"start":{"line":51,"column":32},"end":{"line":58,"column":5}},"locations":[{"start":{"line":51,"column":32},"end":{"line":58,"column":5}}]},"12":{"type":"branch","line":53,"loc":{"start":{"line":53,"column":39},"end":{"line":53,"column":48}},"locations":[{"start":{"line":53,"column":39},"end":{"line":53,"column":48}}]},"13":{"type":"branch","line":55,"loc":{"start":{"line":55,"column":28},"end":{"line":58,"column":5}},"locations":[{"start":{"line":55,"column":28},"end":{"line":58,"column":5}}]},"14":{"type":"branch","line":55,"loc":{"start":{"line":55,"column":28},"end":{"line":55,"column":37}},"locations":[{"start":{"line":55,"column":28},"end":{"line":55,"column":37}}]},"15":{"type":"branch","line":60,"loc":{"start":{"line":60,"column":38},"end":{"line":60,"column":96}},"locations":[{"start":{"line":60,"column":38},"end":{"line":60,"column":96}}]}},"b":{"0":[13],"1":[17],"2":[6],"3":[9],"4":[1],"5":[8],"6":[1],"7":[7],"8":[1],"9":[6],"10":[7],"11":[5],"12":[0],"13":[4],"14":[1],"15":[6]},"fnMap":{"0":{"name":"cleanText","decl":{"start":{"line":17,"column":0},"end":{"line":23,"column":1}},"loc":{"start":{"line":17,"column":0},"end":{"line":23,"column":1}},"line":17},"1":{"name":"stripMessageContent","decl":{"start":{"line":25,"column":0},"end":{"line":42,"column":1}},"loc":{"start":{"line":25,"column":0},"end":{"line":42,"column":1}},"line":25},"2":{"name":"run","decl":{"start":{"line":47,"column":2},"end":{"line":68,"column":4}},"loc":{"start":{"line":47,"column":2},"end":{"line":68,"column":4}},"line":47}},"f":{"0":13,"1":6,"2":7}}
,"/Users/aliarsalan/throttle.ai/packages/core/src/stages/util.ts": {"path":"/Users/aliarsalan/throttle.ai/packages/core/src/stages/util.ts","all":false,"statementMap":{"3":{"start":{"line":4,"column":0},"end":{"line":4,"column":44}},"4":{"start":{"line":5,"column":0},"end":{"line":5,"column":21}},"5":{"start":{"line":6,"column":0},"end":{"line":6,"column":41}},"6":{"start":{"line":7,"column":0},"end":{"line":7,"column":28}},"7":{"start":{"line":8,"column":0},"end":{"line":8,"column":33}},"8":{"start":{"line":9,"column":0},"end":{"line":9,"column":3}},"9":{"start":{"line":10,"column":0},"end":{"line":10,"column":32}},"10":{"start":{"line":11,"column":0},"end":{"line":11,"column":1}},"12":{"start":{"line":13,"column":0},"end":{"line":13,"column":65}},"13":{"start":{"line":14,"column":0},"end":{"line":14,"column":31}},"14":{"start":{"line":15,"column":0},"end":{"line":15,"column":1}},"17":{"start":{"line":18,"column":0},"end":{"line":18,"column":55}},"18":{"start":{"line":19,"column":0},"end":{"line":19,"column":23}},"19":{"start":{"line":20,"column":0},"end":{"line":20,"column":16}},"20":{"start":{"line":21,"column":0},"end":{"line":21,"column":31}},"21":{"start":{"line":22,"column":0},"end":{"line":22,"column":20}},"22":{"start":{"line":23,"column":0},"end":{"line":23,"column":80}},"23":{"start":{"line":24,"column":0},"end":{"line":24,"column":23}},"24":{"start":{"line":25,"column":0},"end":{"line":25,"column":122}},"25":{"start":{"line":26,"column":0},"end":{"line":26,"column":15}},"26":{"start":{"line":27,"column":0},"end":{"line":27,"column":54}},"27":{"start":{"line":28,"column":0},"end":{"line":28,"column":3}},"28":{"start":{"line":29,"column":0},"end":{"line":29,"column":1}},"31":{"start":{"line":32,"column":0},"end":{"line":32,"column":104}},"32":{"start":{"line":33,"column":0},"end":{"line":33,"column":30}},"33":{"start":{"line":34,"column":0},"end":{"line":34,"column":1}}},"s":{"3":1,"4":0,"5":0,"6":0,"7":0,"8":0,"9":0,"10":0,"12":1,"13":19,"14":19,"17":1,"18":5,"19":5,"20":5,"21":5,"22":0,"23":5,"24":0,"25":5,"26":0,"27":5,"28":5,"31":1,"32":0,"33":0},"branchMap":{"0":{"type":"branch","line":13,"loc":{"start":{"line":13,"column":7},"end":{"line":15,"column":1}},"locations":[{"start":{"line":13,"column":7},"end":{"line":15,"column":1}}]},"1":{"type":"branch","line":18,"loc":{"start":{"line":18,"column":7},"end":{"line":29,"column":1}},"locations":[{"start":{"line":18,"column":7},"end":{"line":29,"column":1}}]},"2":{"type":"branch","line":22,"loc":{"start":{"line":22,"column":4},"end":{"line":23,"column":80}},"locations":[{"start":{"line":22,"column":4},"end":{"line":23,"column":80}}]},"3":{"type":"branch","line":24,"loc":{"start":{"line":24,"column":4},"end":{"line":25,"column":122}},"locations":[{"start":{"line":24,"column":4},"end":{"line":25,"column":122}}]},"4":{"type":"branch","line":26,"loc":{"start":{"line":26,"column":4},"end":{"line":27,"column":54}},"locations":[{"start":{"line":26,"column":4},"end":{"line":27,"column":54}}]}},"b":{"0":[19],"1":[5],"2":[0],"3":[0],"4":[0]},"fnMap":{"0":{"name":"hash","decl":{"start":{"line":4,"column":7},"end":{"line":11,"column":1}},"loc":{"start":{"line":4,"column":7},"end":{"line":11,"column":1}},"line":4},"1":{"name":"isText","decl":{"start":{"line":13,"column":7},"end":{"line":15,"column":1}},"loc":{"start":{"line":13,"column":7},"end":{"line":15,"column":1}},"line":13},"2":{"name":"blockKey","decl":{"start":{"line":18,"column":7},"end":{"line":29,"column":1}},"loc":{"start":{"line":18,"column":7},"end":{"line":29,"column":1}},"line":18},"3":{"name":"withMessages","decl":{"start":{"line":32,"column":7},"end":{"line":34,"column":1}},"loc":{"start":{"line":32,"column":7},"end":{"line":34,"column":1}},"line":32}},"f":{"0":0,"1":19,"2":5,"3":0}}
}
