{"/Users/aliarsalan/throttle.ai/packages/proxy/src/config.ts": {"path":"/Users/aliarsalan/throttle.ai/packages/proxy/src/config.ts","all":false,"statementMap":{"17":{"start":{"line":18,"column":0},"end":{"line":18,"column":52}},"18":{"start":{"line":19,"column":0},"end":{"line":19,"column":41}},"19":{"start":{"line":20,"column":0},"end":{"line":20,"column":35}},"20":{"start":{"line":21,"column":0},"end":{"line":21,"column":2}},"22":{"start":{"line":23,"column":0},"end":{"line":23,"column":50}},"23":{"start":{"line":24,"column":0},"end":{"line":24,"column":33}},"24":{"start":{"line":25,"column":0},"end":{"line":25,"column":1}},"26":{"start":{"line":27,"column":0},"end":{"line":27,"column":79}},"27":{"start":{"line":28,"column":0},"end":{"line":28,"column":10}},"28":{"start":{"line":29,"column":0},"end":{"line":29,"column":38}},"29":{"start":{"line":30,"column":0},"end":{"line":30,"column":41}},"30":{"start":{"line":31,"column":0},"end":{"line":31,"column":15}},"31":{"start":{"line":32,"column":0},"end":{"line":32,"column":94}},"32":{"start":{"line":33,"column":0},"end":{"line":33,"column":85}},"33":{"start":{"line":34,"column":0},"end":{"line":34,"column":6}},"34":{"start":{"line":35,"column":0},"end":{"line":35,"column":50}},"35":{"start":{"line":36,"column":0},"end":{"line":36,"column":4}},"36":{"start":{"line":37,"column":0},"end":{"line":37,"column":1}},"42":{"start":{"line":43,"column":0},"end":{"line":43,"column":43}},"43":{"start":{"line":44,"column":0},"end":{"line":44,"column":9}},"44":{"start":{"line":45,"column":0},"end":{"line":45,"column":19}},"45":{"start":{"line":46,"column":0},"end":{"line":46,"column":15}},"46":{"start":{"line":47,"column":0},"end":{"line":47,"column":15}},"47":{"start":{"line":48,"column":0},"end":{"line":48,"column":22}},"48":{"start":{"line":49,"column":0},"end":{"line":49,"column":12}},"49":{"start":{"line":50,"column":0},"end":{"line":50,"column":20}},"50":{"start":{"line":51,"column":0},"end":{"line":51,"column":3}},"53":{"start":{"line":54,"column":0},"end":{"line":54,"column":42}},"54":{"start":{"line":55,"column":0},"end":{"line":55,"column":18}},"55":{"start":{"line":56,"column":0},"end":{"line":56,"column":14}},"56":{"start":{"line":57,"column":0},"end":{"line":57,"column":19}},"57":{"start":{"line":58,"column":0},"end":{"line":58,"column":22}},"58":{"start":{"line":59,"column":0},"end":{"line":59,"column":3}}},"s":{"17":1,"18":1,"19":1,"20":1,"22":12,"23":12,"24":12,"26":1,"27":6,"28":6,"29":6,"30":6,"31":6,"32":6,"33":6,"34":6,"35":6,"36":6,"42":1,"43":1,"44":1,"45":1,"46":1,"47":1,"48":1,"49":1,"50":1,"53":1,"54":1,"55":1,"56":1,"57":1,"58":1},"branchMap":{"0":{"type":"branch","line":23,"loc":{"start":{"line":23,"column":0},"end":{"line":25,"column":1}},"locations":[{"start":{"line":23,"column":0},"end":{"line":25,"column":1}}]},"1":{"type":"branch","line":27,"loc":{"start":{"line":27,"column":7},"end":{"line":37,"column":1}},"locations":[{"start":{"line":27,"column":7},"end":{"line":37,"column":1}}]},"2":{"type":"branch","line":29,"loc":{"start":{"line":29,"column":14},"end":{"line":29,"column":38}},"locations":[{"start":{"line":29,"column":14},"end":{"line":29,"column":38}}]},"3":{"type":"branch","line":30,"loc":{"start":{"line":30,"column":21},"end":{"line":30,"column":39}},"locations":[{"start":{"line":30,"column":21},"end":{"line":30,"column":39}}]},"4":{"type":"branch","line":32,"loc":{"start":{"line":32,"column":40},"end":{"line":32,"column":92}},"locations":[{"start":{"line":32,"column":40},"end":{"line":32,"column":92}}]},"5":{"type":"branch","line":33,"loc":{"start":{"line":33,"column":37},"end":{"line":33,"column":83}},"locations":[{"start":{"line":33,"column":37},"end":{"line":33,"column":83}}]}},"b":{"0":[12],"1":[6],"2":[5],"3":[5],"4":[4],"5":[5]},"fnMap":{"0":{"name":"stripTrailingSlash","decl":{"start":{"line":23,"column":0},"end":{"line":25,"column":1}},"loc":{"start":{"line":23,"column":0},"end":{"line":25,"column":1}},"line":23},"1":{"name":"loadConfig","decl":{"start":{"line":27,"column":7},"end":{"line":37,"column":1}},"loc":{"start":{"line":27,"column":7},"end":{"line":37,"column":1}},"line":27}},"f":{"0":12,"1":6}}
,"/Users/aliarsalan/throttle.ai/packages/proxy/src/server.ts": {"path":"/Users/aliarsalan/throttle.ai/packages/proxy/src/server.ts","all":false,"statementMap":{"0":{"start":{"line":1,"column":0},"end":{"line":1,"column":28}},"34":{"start":{"line":35,"column":0},"end":{"line":35,"column":53}},"35":{"start":{"line":36,"column":0},"end":{"line":36,"column":55}},"36":{"start":{"line":37,"column":0},"end":{"line":37,"column":50}},"37":{"start":{"line":38,"column":0},"end":{"line":38,"column":44}},"38":{"start":{"line":39,"column":0},"end":{"line":39,"column":67}},"39":{"start":{"line":40,"column":0},"end":{"line":40,"column":45}},"42":{"start":{"line":43,"column":0},"end":{"line":43,"column":49}},"43":{"start":{"line":44,"column":0},"end":{"line":44,"column":61}},"45":{"start":{"line":46,"column":0},"end":{"line":46,"column":25}},"47":{"start":{"line":48,"column":0},"end":{"line":48,"column":95}},"50":{"start":{"line":51,"column":0},"end":{"line":51,"column":71}},"52":{"start":{"line":53,"column":0},"end":{"line":53,"column":38}},"53":{"start":{"line":54,"column":0},"end":{"line":54,"column":57}},"54":{"start":{"line":55,"column":0},"end":{"line":55,"column":22}},"55":{"start":{"line":56,"column":0},"end":{"line":56,"column":87}},"56":{"start":{"line":57,"column":0},"end":{"line":57,"column":5}},"57":{"start":{"line":58,"column":0},"end":{"line":58,"column":30}},"58":{"start":{"line":59,"column":0},"end":{"line":59,"column":5}},"60":{"start":{"line":61,"column":0},"end":{"line":61,"column":41}},"61":{"start":{"line":62,"column":0},"end":{"line":62,"column":37}},"62":{"start":{"line":63,"column":0},"end":{"line":63,"column":32}},"63":{"start":{"line":64,"column":0},"end":{"line":64,"column":5}},"65":{"start":{"line":66,"column":0},"end":{"line":66,"column":38}},"66":{"start":{"line":67,"column":0},"end":{"line":67,"column":41}},"67":{"start":{"line":68,"column":0},"end":{"line":68,"column":40}},"68":{"start":{"line":69,"column":0},"end":{"line":69,"column":11}},"69":{"start":{"line":70,"column":0},"end":{"line":70,"column":34}},"70":{"start":{"line":71,"column":0},"end":{"line":71,"column":15}},"71":{"start":{"line":72,"column":0},"end":{"line":72,"column":102}},"72":{"start":{"line":73,"column":0},"end":{"line":73,"column":7}},"75":{"start":{"line":76,"column":0},"end":{"line":76,"column":49}},"76":{"start":{"line":77,"column":0},"end":{"line":77,"column":40}},"77":{"start":{"line":78,"column":0},"end":{"line":78,"column":62}},"78":{"start":{"line":79,"column":0},"end":{"line":79,"column":26}},"79":{"start":{"line":80,"column":0},"end":{"line":80,"column":35}},"80":{"start":{"line":81,"column":0},"end":{"line":81,"column":17}},"81":{"start":{"line":82,"column":0},"end":{"line":82,"column":9}},"82":{"start":{"line":83,"column":0},"end":{"line":83,"column":77}},"83":{"start":{"line":84,"column":0},"end":{"line":84,"column":80}},"87":{"start":{"line":88,"column":0},"end":{"line":88,"column":28}},"88":{"start":{"line":89,"column":0},"end":{"line":89,"column":39}},"89":{"start":{"line":90,"column":0},"end":{"line":90,"column":34}},"90":{"start":{"line":91,"column":0},"end":{"line":91,"column":40}},"91":{"start":{"line":92,"column":0},"end":{"line":92,"column":39}},"92":{"start":{"line":93,"column":0},"end":{"line":93,"column":20}},"93":{"start":{"line":94,"column":0},"end":{"line":94,"column":11}},"94":{"start":{"line":95,"column":0},"end":{"line":95,"column":7}},"97":{"start":{"line":98,"column":0},"end":{"line":98,"column":92}},"100":{"start":{"line":101,"column":0},"end":{"line":101,"column":80}},"101":{"start":{"line":102,"column":0},"end":{"line":102,"column":29}},"102":{"start":{"line":103,"column":0},"end":{"line":103,"column":11}},"103":{"start":{"line":104,"column":0},"end":{"line":104,"column":49}},"104":{"start":{"line":105,"column":0},"end":{"line":105,"column":25}},"105":{"start":{"line":106,"column":0},"end":{"line":106,"column":72}},"106":{"start":{"line":107,"column":0},"end":{"line":107,"column":45}},"107":{"start":{"line":108,"column":0},"end":{"line":108,"column":11}},"108":{"start":{"line":109,"column":0},"end":{"line":109,"column":21}},"109":{"start":{"line":110,"column":0},"end":{"line":110,"column":22}},"110":{"start":{"line":111,"column":0},"end":{"line":111,"column":95}},"111":{"start":{"line":112,"column":0},"end":{"line":112,"column":14}},"112":{"start":{"line":113,"column":0},"end":{"line":113,"column":10}},"113":{"start":{"line":114,"column":0},"end":{"line":114,"column":7}},"116":{"start":{"line":117,"column":0},"end":{"line":117,"column":42}},"117":{"start":{"line":118,"column":0},"end":{"line":118,"column":32}},"118":{"start":{"line":119,"column":0},"end":{"line":119,"column":40}},"119":{"start":{"line":120,"column":0},"end":{"line":120,"column":54}},"120":{"start":{"line":121,"column":0},"end":{"line":121,"column":9}},"121":{"start":{"line":122,"column":0},"end":{"line":122,"column":7}},"123":{"start":{"line":124,"column":0},"end":{"line":124,"column":27}},"124":{"start":{"line":125,"column":0},"end":{"line":125,"column":24}},"126":{"start":{"line":127,"column":0},"end":{"line":127,"column":39}},"127":{"start":{"line":128,"column":0},"end":{"line":128,"column":1}}},"s":{"0":1,"34":1,"35":13,"36":13,"37":13,"38":13,"39":13,"42":13,"43":13,"45":13,"47":13,"50":13,"52":13,"53":4,"54":4,"55":2,"56":2,"57":2,"58":13,"60":13,"61":1,"62":1,"63":13,"65":13,"66":26,"67":13,"68":13,"69":13,"70":13,"71":1,"72":1,"75":12,"76":12,"77":13,"78":13,"79":13,"80":13,"81":13,"82":13,"83":13,"87":13,"88":11,"89":11,"90":11,"91":11,"92":11,"93":11,"94":11,"97":13,"100":13,"101":13,"102":13,"103":13,"104":13,"105":13,"106":13,"107":13,"108":13,"109":1,"110":1,"111":1,"112":1,"113":1,"116":11,"117":11,"118":11,"119":11,"120":11,"121":26,"123":13,"124":13,"126":13,"127":13},"branchMap":{"0":{"type":"branch","line":35,"loc":{"start":{"line":35,"column":7},"end":{"line":128,"column":1}},"locations":[{"start":{"line":35,"column":7},"end":{"line":128,"column":1}}]},"1":{"type":"branch","line":36,"loc":{"start":{"line":36,"column":27},"end":{"line":36,"column":55}},"locations":[{"start":{"line":36,"column":27},"end":{"line":36,"column":55}}]},"2":{"type":"branch","line":38,"loc":{"start":{"line":38,"column":25},"end":{"line":38,"column":44}},"locations":[{"start":{"line":38,"column":25},"end":{"line":38,"column":44}}]},"3":{"type":"branch","line":39,"loc":{"start":{"line":39,"column":19},"end":{"line":39,"column":67}},"locations":[{"start":{"line":39,"column":19},"end":{"line":39,"column":67}}]},"4":{"type":"branch","line":40,"loc":{"start":{"line":40,"column":19},"end":{"line":40,"column":45}},"locations":[{"start":{"line":40,"column":19},"end":{"line":40,"column":45}}]},"5":{"type":"branch","line":40,"loc":{"start":{"line":40,"column":27},"end":{"line":40,"column":45}},"locations":[{"start":{"line":40,"column":27},"end":{"line":40,"column":45}}]},"6":{"type":"branch","line":48,"loc":{"start":{"line":48,"column":21},"end":{"line":48,"column":93}},"locations":[{"start":{"line":48,"column":21},"end":{"line":48,"column":93}}]},"7":{"type":"branch","line":51,"loc":{"start":{"line":51,"column":26},"end":{"line":51,"column":69}},"locations":[{"start":{"line":51,"column":26},"end":{"line":51,"column":69}}]},"8":{"type":"branch","line":53,"loc":{"start":{"line":53,"column":30},"end":{"line":59,"column":3}},"locations":[{"start":{"line":53,"column":30},"end":{"line":59,"column":3}}]},"9":{"type":"branch","line":55,"loc":{"start":{"line":55,"column":21},"end":{"line":58,"column":30}},"locations":[{"start":{"line":55,"column":21},"end":{"line":58,"column":30}}]},"10":{"type":"branch","line":61,"loc":{"start":{"line":61,"column":33},"end":{"line":64,"column":3}},"locations":[{"start":{"line":61,"column":33},"end":{"line":64,"column":3}}]},"11":{"type":"branch","line":66,"loc":{"start":{"line":66,"column":17},"end":{"line":122,"column":7}},"locations":[{"start":{"line":66,"column":17},"end":{"line":122,"column":7}}]},"12":{"type":"branch","line":67,"loc":{"start":{"line":67,"column":27},"end":{"line":122,"column":5}},"locations":[{"start":{"line":67,"column":27},"end":{"line":122,"column":5}}]},"13":{"type":"branch","line":70,"loc":{"start":{"line":70,"column":32},"end":{"line":71,"column":14}},"locations":[{"start":{"line":70,"column":32},"end":{"line":71,"column":14}}]},"14":{"type":"branch","line":71,"loc":{"start":{"line":71,"column":6},"end":{"line":73,"column":7}},"locations":[{"start":{"line":71,"column":6},"end":{"line":73,"column":7}}]},"15":{"type":"branch","line":73,"loc":{"start":{"line":73,"column":6},"end":{"line":78,"column":52}},"locations":[{"start":{"line":73,"column":6},"end":{"line":78,"column":52}}]},"16":{"type":"branch","line":78,"loc":{"start":{"line":78,"column":47},"end":{"line":78,"column":62}},"locations":[{"start":{"line":78,"column":47},"end":{"line":78,"column":62}}]},"17":{"type":"branch","line":83,"loc":{"start":{"line":83,"column":75},"end":{"line":84,"column":39}},"locations":[{"start":{"line":83,"column":75},"end":{"line":84,"column":39}}]},"18":{"type":"branch","line":84,"loc":{"start":{"line":84,"column":35},"end":{"line":84,"column":80}},"locations":[{"start":{"line":84,"column":35},"end":{"line":84,"column":80}}]},"19":{"type":"branch","line":84,"loc":{"start":{"line":84,"column":78},"end":{"line":88,"column":27}},"locations":[{"start":{"line":84,"column":78},"end":{"line":88,"column":27}}]},"20":{"type":"branch","line":88,"loc":{"start":{"line":88,"column":27},"end":{"line":95,"column":7}},"locations":[{"start":{"line":88,"column":27},"end":{"line":95,"column":7}}]},"21":{"type":"branch","line":95,"loc":{"start":{"line":95,"column":6},"end":{"line":98,"column":61}},"locations":[{"start":{"line":95,"column":6},"end":{"line":98,"column":61}}]},"22":{"type":"branch","line":98,"loc":{"start":{"line":98,"column":54},"end":{"line":98,"column":92}},"locations":[{"start":{"line":98,"column":54},"end":{"line":98,"column":92}}]},"23":{"type":"branch","line":108,"loc":{"start":{"line":108,"column":9},"end":{"line":109,"column":15}},"locations":[{"start":{"line":108,"column":9},"end":{"line":109,"column":15}}]},"24":{"type":"branch","line":109,"loc":{"start":{"line":109,"column":6},"end":{"line":114,"column":7}},"locations":[{"start":{"line":109,"column":6},"end":{"line":114,"column":7}}]},"25":{"type":"branch","line":114,"loc":{"start":{"line":114,"column":6},"end":{"line":121,"column":9}},"locations":[{"start":{"line":114,"column":6},"end":{"line":121,"column":9}}]}},"b":{"0":[13],"1":[0],"2":[0],"3":[12],"4":[11],"5":[7],"6":[1],"7":[2],"8":[4],"9":[2],"10":[1],"11":[26],"12":[13],"13":[12],"14":[1],"15":[12],"16":[5],"17":[12],"18":[1],"19":[12],"20":[11],"21":[12],"22":[0],"23":[11],"24":[1],"25":[11]},"fnMap":{"0":{"name":"createServer","decl":{"start":{"line":35,"column":7},"end":{"line":128,"column":1}},"loc":{"start":{"line":35,"column":7},"end":{"line":128,"column":1}},"line":35},"1":{"name":"log","decl":{"start":{"line":39,"column":30},"end":{"line":39,"column":67}},"loc":{"start":{"line":39,"column":30},"end":{"line":39,"column":67}},"line":39},"2":{"name":"now","decl":{"start":{"line":40,"column":27},"end":{"line":40,"column":45}},"loc":{"start":{"line":40,"column":27},"end":{"line":40,"column":45}},"line":40},"3":{"name":"handle","decl":{"start":{"line":66,"column":17},"end":{"line":122,"column":7}},"loc":{"start":{"line":66,"column":17},"end":{"line":122,"column":7}},"line":66}},"f":{"0":13,"1":0,"2":7,"3":26}}
,"/Users/aliarsalan/throttle.ai/packages/proxy/src/stream.ts": {"path":"/Users/aliarsalan/throttle.ai/packages/proxy/src/stream.ts","all":false,"statementMap":{"0":{"start":{"line":1,"column":0},"end":{"line":1,"column":68}},"11":{"start":{"line":12,"column":0},"end":{"line":12,"column":66}},"12":{"start":{"line":13,"column":0},"end":{"line":13,"column":28}},"13":{"start":{"line":14,"column":0},"end":{"line":14,"column":36}},"14":{"start":{"line":15,"column":0},"end":{"line":15,"column":32}},"15":{"start":{"line":16,"column":0},"end":{"line":16,"column":42}},"17":{"start":{"line":18,"column":0},"end":{"line":18,"column":39}},"18":{"start":{"line":19,"column":0},"end":{"line":19,"column":24}},"19":{"start":{"line":20,"column":0},"end":{"line":20,"column":5}},"20":{"start":{"line":21,"column":0},"end":{"line":21,"column":46}},"23":{"start":{"line":24,"column":0},"end":{"line":24,"column":41}},"24":{"start":{"line":25,"column":0},"end":{"line":25,"column":13}},"25":{"start":{"line":26,"column":0},"end":{"line":26,"column":1}},"28":{"start":{"line":29,"column":0},"end":{"line":29,"column":64}},"29":{"start":{"line":30,"column":0},"end":{"line":30,"column":28}},"30":{"start":{"line":31,"column":0},"end":{"line":31,"column":36}},"31":{"start":{"line":32,"column":0},"end":{"line":32,"column":32}},"32":{"start":{"line":33,"column":0},"end":{"line":33,"column":96}},"33":{"start":{"line":34,"column":0},"end":{"line":34,"column":24}},"34":{"start":{"line":35,"column":0},"end":{"line":35,"column":5}},"35":{"start":{"line":36,"column":0},"end":{"line":36,"column":13}},"36":{"start":{"line":37,"column":0},"end":{"line":37,"column":1}},"39":{"start":{"line":40,"column":0},"end":{"line":40,"column":67}},"40":{"start":{"line":41,"column":0},"end":{"line":41,"column":41}},"41":{"start":{"line":42,"column":0},"end":{"line":42,"column":29}},"42":{"start":{"line":43,"column":0},"end":{"line":43,"column":83}},"43":{"start":{"line":44,"column":0},"end":{"line":44,"column":5}},"44":{"start":{"line":45,"column":0},"end":{"line":45,"column":13}},"45":{"start":{"line":46,"column":0},"end":{"line":46,"column":1}}},"s":{"0":1,"11":1,"12":16,"13":16,"14":29,"15":29,"17":25,"18":17,"19":16,"20":16,"23":16,"24":16,"25":16,"28":1,"29":12,"30":12,"31":16,"32":16,"33":13,"34":12,"35":12,"36":12,"39":1,"40":1,"41":1,"42":3,"43":1,"44":1,"45":1},"branchMap":{"0":{"type":"branch","line":12,"loc":{"start":{"line":12,"column":7},"end":{"line":26,"column":1}},"locations":[{"start":{"line":12,"column":7},"end":{"line":26,"column":1}}]},"1":{"type":"branch","line":14,"loc":{"start":{"line":14,"column":19},"end":{"line":20,"column":3}},"locations":[{"start":{"line":14,"column":19},"end":{"line":20,"column":3}}]},"2":{"type":"branch","line":16,"loc":{"start":{"line":16,"column":35},"end":{"line":16,"column":42}},"locations":[{"start":{"line":16,"column":35},"end":{"line":16,"column":42}}]},"3":{"type":"branch","line":16,"loc":{"start":{"line":16,"column":35},"end":{"line":18,"column":39}},"locations":[{"start":{"line":16,"column":35},"end":{"line":18,"column":39}}]},"4":{"type":"branch","line":18,"loc":{"start":{"line":18,"column":32},"end":{"line":18,"column":39}},"locations":[{"start":{"line":18,"column":32},"end":{"line":18,"column":39}}]},"5":{"type":"branch","line":18,"loc":{"start":{"line":18,"column":32},"end":{"line":19,"column":24}},"locations":[{"start":{"line":18,"column":32},"end":{"line":19,"column":24}}]},"6":{"type":"branch","line":29,"loc":{"start":{"line":29,"column":7},"end":{"line":37,"column":1}},"locations":[{"start":{"line":29,"column":7},"end":{"line":37,"column":1}}]},"7":{"type":"branch","line":31,"loc":{"start":{"line":31,"column":19},"end":{"line":35,"column":3}},"locations":[{"start":{"line":31,"column":19},"end":{"line":35,"column":3}}]},"8":{"type":"branch","line":33,"loc":{"start":{"line":33,"column":14},"end":{"line":33,"column":62}},"locations":[{"start":{"line":33,"column":14},"end":{"line":33,"column":62}}]},"9":{"type":"branch","line":33,"loc":{"start":{"line":33,"column":42},"end":{"line":33,"column":89}},"locations":[{"start":{"line":33,"column":42},"end":{"line":33,"column":89}}]},"10":{"type":"branch","line":33,"loc":{"start":{"line":33,"column":89},"end":{"line":33,"column":96}},"locations":[{"start":{"line":33,"column":89},"end":{"line":33,"column":96}}]},"11":{"type":"branch","line":33,"loc":{"start":{"line":33,"column":89},"end":{"line":34,"column":24}},"locations":[{"start":{"line":33,"column":89},"end":{"line":34,"column":24}}]},"12":{"type":"branch","line":40,"loc":{"start":{"line":40,"column":7},"end":{"line":46,"column":1}},"locations":[{"start":{"line":40,"column":7},"end":{"line":46,"column":1}}]},"13":{"type":"branch","line":42,"loc":{"start":{"line":42,"column":12},"end":{"line":44,"column":3}},"locations":[{"start":{"line":42,"column":12},"end":{"line":44,"column":3}}]},"14":{"type":"branch","line":43,"loc":{"start":{"line":43,"column":54},"end":{"line":43,"column":77}},"locations":[{"start":{"line":43,"column":54},"end":{"line":43,"column":77}}]},"15":{"type":"branch","line":43,"loc":{"start":{"line":43,"column":58},"end":{"line":43,"column":83}},"locations":[{"start":{"line":43,"column":58},"end":{"line":43,"column":83}}]}},"b":{"0":[16],"1":[29],"2":[4],"3":[25],"4":[8],"5":[17],"6":[12],"7":[16],"8":[15],"9":[14],"10":[3],"11":[13],"12":[1],"13":[3],"14":[2],"15":[1]},"fnMap":{"0":{"name":"buildUpstreamHeaders","decl":{"start":{"line":12,"column":7},"end":{"line":26,"column":1}},"loc":{"start":{"line":12,"column":7},"end":{"line":26,"column":1}},"line":12},"1":{"name":"buildClientHeaders","decl":{"start":{"line":29,"column":7},"end":{"line":37,"column":1}},"loc":{"start":{"line":29,"column":7},"end":{"line":37,"column":1}},"line":29},"2":{"name":"redactHeaders","decl":{"start":{"line":40,"column":7},"end":{"line":46,"column":1}},"loc":{"start":{"line":40,"column":7},"end":{"line":46,"column":1}},"line":40}},"f":{"0":16,"1":12,"2":1}}
,"/Users/aliarsalan/throttle.ai/packages/proxy/src/adapters/anthropic.ts": {"path":"/Users/aliarsalan/throttle.ai/packages/proxy/src/adapters/anthropic.ts","all":false,"statementMap":{"20":{"start":{"line":21,"column":0},"end":{"line":21,"column":48}},"21":{"start":{"line":22,"column":0},"end":{"line":22,"column":85}},"22":{"start":{"line":23,"column":0},"end":{"line":23,"column":1}},"24":{"start":{"line":25,"column":0},"end":{"line":25,"column":61}},"25":{"start":{"line":26,"column":0},"end":{"line":26,"column":36}},"26":{"start":{"line":27,"column":0},"end":{"line":27,"column":67}},"27":{"start":{"line":28,"column":0},"end":{"line":28,"column":3}},"28":{"start":{"line":29,"column":0},"end":{"line":29,"column":41}},"29":{"start":{"line":30,"column":0},"end":{"line":30,"column":43}},"30":{"start":{"line":31,"column":0},"end":{"line":31,"column":27}},"31":{"start":{"line":32,"column":0},"end":{"line":32,"column":47}},"32":{"start":{"line":33,"column":0},"end":{"line":33,"column":25}},"33":{"start":{"line":34,"column":0},"end":{"line":34,"column":20}},"34":{"start":{"line":35,"column":0},"end":{"line":35,"column":79}},"35":{"start":{"line":36,"column":0},"end":{"line":36,"column":80}},"36":{"start":{"line":37,"column":0},"end":{"line":37,"column":18}},"37":{"start":{"line":38,"column":0},"end":{"line":38,"column":7}},"38":{"start":{"line":39,"column":0},"end":{"line":39,"column":22}},"39":{"start":{"line":40,"column":0},"end":{"line":40,"column":16}},"40":{"start":{"line":41,"column":0},"end":{"line":41,"column":27}},"41":{"start":{"line":42,"column":0},"end":{"line":42,"column":37}},"42":{"start":{"line":43,"column":0},"end":{"line":43,"column":41}},"43":{"start":{"line":44,"column":0},"end":{"line":44,"column":29}},"44":{"start":{"line":45,"column":0},"end":{"line":45,"column":10}},"45":{"start":{"line":46,"column":0},"end":{"line":46,"column":25}},"46":{"start":{"line":47,"column":0},"end":{"line":47,"column":16}},"47":{"start":{"line":48,"column":0},"end":{"line":48,"column":30}},"48":{"start":{"line":49,"column":0},"end":{"line":49,"column":53}},"49":{"start":{"line":50,"column":0},"end":{"line":50,"column":18}},"50":{"start":{"line":51,"column":0},"end":{"line":51,"column":45}},"51":{"start":{"line":52,"column":0},"end":{"line":52,"column":29}},"52":{"start":{"line":53,"column":0},"end":{"line":53,"column":48}},"53":{"start":{"line":54,"column":0},"end":{"line":54,"column":64}},"54":{"start":{"line":55,"column":0},"end":{"line":55,"column":10}},"55":{"start":{"line":56,"column":0},"end":{"line":56,"column":14}},"56":{"start":{"line":57,"column":0},"end":{"line":57,"column":39}},"57":{"start":{"line":58,"column":0},"end":{"line":58,"column":5}},"58":{"start":{"line":59,"column":0},"end":{"line":59,"column":5}},"59":{"start":{"line":60,"column":0},"end":{"line":60,"column":1}},"61":{"start":{"line":62,"column":0},"end":{"line":62,"column":56}},"62":{"start":{"line":63,"column":0},"end":{"line":63,"column":35}},"63":{"start":{"line":64,"column":0},"end":{"line":64,"column":65}},"64":{"start":{"line":65,"column":0},"end":{"line":65,"column":3}},"65":{"start":{"line":66,"column":0},"end":{"line":66,"column":30}},"66":{"start":{"line":67,"column":0},"end":{"line":67,"column":85}},"67":{"start":{"line":68,"column":0},"end":{"line":68,"column":3}},"68":{"start":{"line":69,"column":0},"end":{"line":69,"column":12}},"69":{"start":{"line":70,"column":0},"end":{"line":70,"column":1}},"71":{"start":{"line":72,"column":0},"end":{"line":72,"column":52}},"72":{"start":{"line":73,"column":0},"end":{"line":73,"column":39}},"73":{"start":{"line":74,"column":0},"end":{"line":74,"column":27}},"74":{"start":{"line":75,"column":0},"end":{"line":75,"column":32}},"75":{"start":{"line":76,"column":0},"end":{"line":76,"column":12}},"76":{"start":{"line":77,"column":0},"end":{"line":77,"column":36}},"77":{"start":{"line":78,"column":0},"end":{"line":78,"column":75}},"78":{"start":{"line":79,"column":0},"end":{"line":79,"column":38}},"79":{"start":{"line":80,"column":0},"end":{"line":80,"column":6}},"80":{"start":{"line":81,"column":0},"end":{"line":81,"column":5}},"81":{"start":{"line":82,"column":0},"end":{"line":82,"column":1}},"83":{"start":{"line":84,"column":0},"end":{"line":84,"column":64}},"84":{"start":{"line":85,"column":0},"end":{"line":85,"column":28}},"85":{"start":{"line":86,"column":0},"end":{"line":86,"column":21}},"86":{"start":{"line":87,"column":0},"end":{"line":87,"column":18}},"87":{"start":{"line":88,"column":0},"end":{"line":88,"column":16}},"88":{"start":{"line":89,"column":0},"end":{"line":89,"column":23}},"89":{"start":{"line":90,"column":0},"end":{"line":90,"column":23}},"90":{"start":{"line":91,"column":0},"end":{"line":91,"column":78}},"91":{"start":{"line":92,"column":0},"end":{"line":92,"column":10}},"92":{"start":{"line":93,"column":0},"end":{"line":93,"column":22}},"93":{"start":{"line":94,"column":0},"end":{"line":94,"column":76}},"94":{"start":{"line":95,"column":0},"end":{"line":95,"column":25}},"95":{"start":{"line":96,"column":0},"end":{"line":96,"column":16}},"96":{"start":{"line":97,"column":0},"end":{"line":97,"column":30}},"97":{"start":{"line":98,"column":0},"end":{"line":98,"column":35}},"98":{"start":{"line":99,"column":0},"end":{"line":99,"column":93}},"99":{"start":{"line":100,"column":0},"end":{"line":100,"column":51}},"100":{"start":{"line":101,"column":0},"end":{"line":101,"column":10}},"101":{"start":{"line":102,"column":0},"end":{"line":102,"column":17}},"102":{"start":{"line":103,"column":0},"end":{"line":103,"column":21}},"103":{"start":{"line":104,"column":0},"end":{"line":104,"column":5}},"104":{"start":{"line":105,"column":0},"end":{"line":105,"column":5}},"105":{"start":{"line":106,"column":0},"end":{"line":106,"column":1}},"107":{"start":{"line":108,"column":0},"end":{"line":108,"column":42}},"108":{"start":{"line":109,"column":0},"end":{"line":109,"column":24}},"109":{"start":{"line":110,"column":0},"end":{"line":110,"column":23}},"111":{"start":{"line":112,"column":0},"end":{"line":112,"column":46}},"112":{"start":{"line":113,"column":0},"end":{"line":113,"column":70}},"113":{"start":{"line":114,"column":0},"end":{"line":114,"column":53}},"114":{"start":{"line":115,"column":0},"end":{"line":115,"column":37}},"115":{"start":{"line":116,"column":0},"end":{"line":116,"column":18}},"116":{"start":{"line":117,"column":0},"end":{"line":117,"column":47}},"117":{"start":{"line":118,"column":0},"end":{"line":118,"column":51}},"118":{"start":{"line":119,"column":0},"end":{"line":119,"column":12}},"119":{"start":{"line":120,"column":0},"end":{"line":120,"column":10}},"120":{"start":{"line":121,"column":0},"end":{"line":121,"column":11}},"122":{"start":{"line":123,"column":0},"end":{"line":123,"column":12}},"123":{"start":{"line":124,"column":0},"end":{"line":124,"column":28}},"124":{"start":{"line":125,"column":0},"end":{"line":125,"column":38}},"125":{"start":{"line":126,"column":0},"end":{"line":126,"column":43}},"126":{"start":{"line":127,"column":0},"end":{"line":127,"column":15}},"127":{"start":{"line":128,"column":0},"end":{"line":128,"column":40}},"128":{"start":{"line":129,"column":0},"end":{"line":129,"column":35}},"129":{"start":{"line":130,"column":0},"end":{"line":130,"column":15}},"130":{"start":{"line":131,"column":0},"end":{"line":131,"column":85}},"131":{"start":{"line":132,"column":0},"end":{"line":132,"column":89}},"132":{"start":{"line":133,"column":0},"end":{"line":133,"column":70}},"133":{"start":{"line":134,"column":0},"end":{"line":134,"column":97}},"134":{"start":{"line":135,"column":0},"end":{"line":135,"column":8}},"135":{"start":{"line":136,"column":0},"end":{"line":136,"column":16}},"136":{"start":{"line":137,"column":0},"end":{"line":137,"column":6}},"137":{"start":{"line":138,"column":0},"end":{"line":138,"column":4}},"139":{"start":{"line":140,"column":0},"end":{"line":140,"column":47}},"142":{"start":{"line":143,"column":0},"end":{"line":143,"column":39}},"143":{"start":{"line":144,"column":0},"end":{"line":144,"column":26}},"145":{"start":{"line":146,"column":0},"end":{"line":146,"column":34}},"146":{"start":{"line":147,"column":0},"end":{"line":147,"column":24}},"147":{"start":{"line":148,"column":0},"end":{"line":148,"column":73}},"148":{"start":{"line":149,"column":0},"end":{"line":149,"column":39}},"149":{"start":{"line":150,"column":0},"end":{"line":150,"column":12}},"150":{"start":{"line":151,"column":0},"end":{"line":151,"column":43}},"151":{"start":{"line":152,"column":0},"end":{"line":152,"column":21}},"152":{"start":{"line":153,"column":0},"end":{"line":153,"column":21}},"153":{"start":{"line":154,"column":0},"end":{"line":154,"column":76}},"154":{"start":{"line":155,"column":0},"end":{"line":155,"column":10}},"155":{"start":{"line":156,"column":0},"end":{"line":156,"column":5}},"157":{"start":{"line":158,"column":0},"end":{"line":158,"column":45}},"158":{"start":{"line":159,"column":0},"end":{"line":159,"column":19}},"159":{"start":{"line":160,"column":0},"end":{"line":160,"column":45}},"160":{"start":{"line":161,"column":0},"end":{"line":161,"column":8}},"162":{"start":{"line":163,"column":0},"end":{"line":163,"column":31}},"163":{"start":{"line":164,"column":0},"end":{"line":164,"column":41}},"164":{"start":{"line":165,"column":0},"end":{"line":165,"column":21}},"165":{"start":{"line":166,"column":0},"end":{"line":166,"column":65}},"166":{"start":{"line":167,"column":0},"end":{"line":167,"column":31}},"167":{"start":{"line":168,"column":0},"end":{"line":168,"column":10}},"168":{"start":{"line":169,"column":0},"end":{"line":169,"column":5}},"169":{"start":{"line":170,"column":0},"end":{"line":170,"column":15}},"170":{"start":{"line":171,"column":0},"end":{"line":171,"column":4}},"171":{"start":{"line":172,"column":0},"end":{"line":172,"column":2}}},"s":{"20":47,"21":47,"22":47,"24":30,"25":30,"26":16,"27":16,"28":30,"29":12,"30":12,"31":12,"32":11,"33":12,"34":4,"35":4,"36":4,"37":4,"38":12,"39":3,"40":3,"41":3,"42":3,"43":3,"44":3,"45":12,"46":3,"47":3,"48":3,"49":3,"50":3,"51":3,"52":0,"53":3,"54":3,"55":12,"56":1,"57":12,"58":12,"59":12,"61":31,"62":31,"63":3,"64":3,"65":31,"66":3,"67":3,"68":25,"69":25,"71":31,"72":31,"73":4,"74":4,"75":4,"76":4,"77":4,"78":4,"79":4,"80":4,"81":4,"83":6,"84":6,"85":6,"86":6,"87":2,"88":2,"89":2,"90":2,"91":2,"92":6,"93":2,"94":6,"95":2,"96":2,"97":2,"98":2,"99":2,"100":2,"101":6,"102":0,"103":6,"104":6,"105":6,"107":1,"108":1,"109":1,"111":1,"112":31,"113":29,"114":27,"115":27,"116":27,"117":27,"118":27,"119":29,"120":2,"122":31,"123":31,"124":31,"125":31,"126":31,"127":31,"128":31,"129":31,"130":31,"131":31,"132":31,"133":31,"134":31,"135":31,"136":31,"137":31,"139":1,"142":6,"143":6,"145":6,"146":3,"147":3,"148":2,"149":2,"150":1,"151":1,"152":1,"153":1,"154":1,"155":1,"157":6,"158":6,"159":6,"160":6,"162":6,"163":2,"164":2,"165":2,"166":2,"167":2,"168":2,"169":6,"170":6,"171":1},"branchMap":{"0":{"type":"branch","line":21,"loc":{"start":{"line":21,"column":0},"end":{"line":23,"column":1}},"locations":[{"start":{"line":21,"column":0},"end":{"line":23,"column":1}}]},"1":{"type":"branch","line":22,"loc":{"start":{"line":22,"column":9},"end":{"line":22,"column":39}},"locations":[{"start":{"line":22,"column":9},"end":{"line":22,"column":39}}]},"2":{"type":"branch","line":22,"loc":{"start":{"line":22,"column":27},"end":{"line":22,"column":60}},"locations":[{"start":{"line":22,"column":27},"end":{"line":22,"column":60}}]},"3":{"type":"branch","line":22,"loc":{"start":{"line":22,"column":55},"end":{"line":22,"column":75}},"locations":[{"start":{"line":22,"column":55},"end":{"line":22,"column":75}}]},"4":{"type":"branch","line":22,"loc":{"start":{"line":22,"column":60},"end":{"line":22,"column":85}},"locations":[{"start":{"line":22,"column":60},"end":{"line":22,"column":85}}]},"5":{"type":"branch","line":25,"loc":{"start":{"line":25,"column":0},"end":{"line":60,"column":1}},"locations":[{"start":{"line":25,"column":0},"end":{"line":60,"column":1}}]},"6":{"type":"branch","line":26,"loc":{"start":{"line":26,"column":35},"end":{"line":28,"column":3}},"locations":[{"start":{"line":26,"column":35},"end":{"line":28,"column":3}}]},"7":{"type":"branch","line":27,"loc":{"start":{"line":27,"column":60},"end":{"line":27,"column":67}},"locations":[{"start":{"line":27,"column":60},"end":{"line":27,"column":67}}]},"8":{"type":"branch","line":28,"loc":{"start":{"line":28,"column":2},"end":{"line":29,"column":38}},"locations":[{"start":{"line":28,"column":2},"end":{"line":29,"column":38}}]},"9":{"type":"branch","line":29,"loc":{"start":{"line":29,"column":31},"end":{"line":29,"column":41}},"locations":[{"start":{"line":29,"column":31},"end":{"line":29,"column":41}}]},"10":{"type":"branch","line":29,"loc":{"start":{"line":29,"column":39},"end":{"line":60,"column":1}},"locations":[{"start":{"line":29,"column":39},"end":{"line":60,"column":1}}]},"11":{"type":"branch","line":30,"loc":{"start":{"line":30,"column":21},"end":{"line":59,"column":3}},"locations":[{"start":{"line":30,"column":21},"end":{"line":59,"column":3}}]},"12":{"type":"branch","line":32,"loc":{"start":{"line":32,"column":16},"end":{"line":32,"column":47}},"locations":[{"start":{"line":32,"column":16},"end":{"line":32,"column":47}}]},"13":{"type":"branch","line":32,"loc":{"start":{"line":32,"column":45},"end":{"line":33,"column":25}},"locations":[{"start":{"line":32,"column":45},"end":{"line":33,"column":25}}]},"14":{"type":"branch","line":34,"loc":{"start":{"line":34,"column":6},"end":{"line":38,"column":7}},"locations":[{"start":{"line":34,"column":6},"end":{"line":38,"column":7}}]},"15":{"type":"branch","line":35,"loc":{"start":{"line":35,"column":65},"end":{"line":35,"column":75}},"locations":[{"start":{"line":35,"column":65},"end":{"line":35,"column":75}}]},"16":{"type":"branch","line":36,"loc":{"start":{"line":36,"column":40},"end":{"line":36,"column":80}},"locations":[{"start":{"line":36,"column":40},"end":{"line":36,"column":80}}]},"17":{"type":"branch","line":39,"loc":{"start":{"line":39,"column":6},"end":{"line":45,"column":10}},"locations":[{"start":{"line":39,"column":6},"end":{"line":45,"column":10}}]},"18":{"type":"branch","line":42,"loc":{"start":{"line":42,"column":27},"end":{"line":42,"column":35}},"locations":[{"start":{"line":42,"column":27},"end":{"line":42,"column":35}}]},"19":{"type":"branch","line":43,"loc":{"start":{"line":43,"column":29},"end":{"line":43,"column":39}},"locations":[{"start":{"line":43,"column":29},"end":{"line":43,"column":39}}]},"20":{"type":"branch","line":46,"loc":{"start":{"line":46,"column":6},"end":{"line":55,"column":10}},"locations":[{"start":{"line":46,"column":6},"end":{"line":55,"column":10}}]},"21":{"type":"branch","line":49,"loc":{"start":{"line":49,"column":34},"end":{"line":49,"column":51}},"locations":[{"start":{"line":49,"column":34},"end":{"line":49,"column":51}}]},"22":{"type":"branch","line":52,"loc":{"start":{"line":52,"column":22},"end":{"line":53,"column":48}},"locations":[{"start":{"line":52,"column":22},"end":{"line":53,"column":48}}]},"23":{"type":"branch","line":54,"loc":{"start":{"line":54,"column":33},"end":{"line":54,"column":60}},"locations":[{"start":{"line":54,"column":33},"end":{"line":54,"column":60}}]},"24":{"type":"branch","line":54,"loc":{"start":{"line":54,"column":56},"end":{"line":54,"column":64}},"locations":[{"start":{"line":54,"column":56},"end":{"line":54,"column":64}}]},"25":{"type":"branch","line":56,"loc":{"start":{"line":56,"column":6},"end":{"line":57,"column":39}},"locations":[{"start":{"line":56,"column":6},"end":{"line":57,"column":39}}]},"26":{"type":"branch","line":62,"loc":{"start":{"line":62,"column":0},"end":{"line":70,"column":1}},"locations":[{"start":{"line":62,"column":0},"end":{"line":70,"column":1}}]},"27":{"type":"branch","line":63,"loc":{"start":{"line":63,"column":34},"end":{"line":65,"column":3}},"locations":[{"start":{"line":63,"column":34},"end":{"line":65,"column":3}}]},"28":{"type":"branch","line":64,"loc":{"start":{"line":64,"column":58},"end":{"line":64,"column":65}},"locations":[{"start":{"line":64,"column":58},"end":{"line":64,"column":65}}]},"29":{"type":"branch","line":65,"loc":{"start":{"line":65,"column":2},"end":{"line":66,"column":29}},"locations":[{"start":{"line":65,"column":2},"end":{"line":66,"column":29}}]},"30":{"type":"branch","line":66,"loc":{"start":{"line":66,"column":29},"end":{"line":68,"column":3}},"locations":[{"start":{"line":66,"column":29},"end":{"line":68,"column":3}}]},"31":{"type":"branch","line":68,"loc":{"start":{"line":68,"column":2},"end":{"line":70,"column":1}},"locations":[{"start":{"line":68,"column":2},"end":{"line":70,"column":1}}]},"32":{"type":"branch","line":67,"loc":{"start":{"line":67,"column":43},"end":{"line":67,"column":83}},"locations":[{"start":{"line":67,"column":43},"end":{"line":67,"column":83}}]},"33":{"type":"branch","line":72,"loc":{"start":{"line":72,"column":0},"end":{"line":82,"column":1}},"locations":[{"start":{"line":72,"column":0},"end":{"line":82,"column":1}}]},"34":{"type":"branch","line":73,"loc":{"start":{"line":73,"column":29},"end":{"line":73,"column":39}},"locations":[{"start":{"line":73,"column":29},"end":{"line":73,"column":39}}]},"35":{"type":"branch","line":73,"loc":{"start":{"line":73,"column":37},"end":{"line":82,"column":1}},"locations":[{"start":{"line":73,"column":37},"end":{"line":82,"column":1}}]},"36":{"type":"branch","line":74,"loc":{"start":{"line":74,"column":19},"end":{"line":81,"column":3}},"locations":[{"start":{"line":74,"column":19},"end":{"line":81,"column":3}}]},"37":{"type":"branch","line":75,"loc":{"start":{"line":75,"column":24},"end":{"line":75,"column":32}},"locations":[{"start":{"line":75,"column":24},"end":{"line":75,"column":32}}]},"38":{"type":"branch","line":77,"loc":{"start":{"line":77,"column":24},"end":{"line":77,"column":34}},"locations":[{"start":{"line":77,"column":24},"end":{"line":77,"column":34}}]},"39":{"type":"branch","line":78,"loc":{"start":{"line":78,"column":24},"end":{"line":78,"column":65}},"locations":[{"start":{"line":78,"column":24},"end":{"line":78,"column":65}}]},"40":{"type":"branch","line":78,"loc":{"start":{"line":78,"column":61},"end":{"line":78,"column":75}},"locations":[{"start":{"line":78,"column":61},"end":{"line":78,"column":75}}]},"41":{"type":"branch","line":79,"loc":{"start":{"line":79,"column":19},"end":{"line":79,"column":38}},"locations":[{"start":{"line":79,"column":19},"end":{"line":79,"column":38}}]},"42":{"type":"branch","line":84,"loc":{"start":{"line":84,"column":0},"end":{"line":106,"column":1}},"locations":[{"start":{"line":84,"column":0},"end":{"line":106,"column":1}}]},"43":{"type":"branch","line":85,"loc":{"start":{"line":85,"column":20},"end":{"line":105,"column":3}},"locations":[{"start":{"line":85,"column":20},"end":{"line":105,"column":3}}]},"44":{"type":"branch","line":87,"loc":{"start":{"line":87,"column":6},"end":{"line":92,"column":10}},"locations":[{"start":{"line":87,"column":6},"end":{"line":92,"column":10}}]},"45":{"type":"branch","line":91,"loc":{"start":{"line":91,"column":16},"end":{"line":91,"column":74}},"locations":[{"start":{"line":91,"column":16},"end":{"line":91,"column":74}}]},"46":{"type":"branch","line":93,"loc":{"start":{"line":93,"column":6},"end":{"line":94,"column":76}},"locations":[{"start":{"line":93,"column":6},"end":{"line":94,"column":76}}]},"47":{"type":"branch","line":95,"loc":{"start":{"line":95,"column":6},"end":{"line":101,"column":10}},"locations":[{"start":{"line":95,"column":6},"end":{"line":101,"column":10}}]},"48":{"type":"branch","line":99,"loc":{"start":{"line":99,"column":53},"end":{"line":99,"column":93}},"locations":[{"start":{"line":99,"column":53},"end":{"line":99,"column":93}}]},"49":{"type":"branch","line":100,"loc":{"start":{"line":100,"column":16},"end":{"line":100,"column":47}},"locations":[{"start":{"line":100,"column":16},"end":{"line":100,"column":47}}]},"50":{"type":"branch","line":102,"loc":{"start":{"line":102,"column":6},"end":{"line":103,"column":21}},"locations":[{"start":{"line":102,"column":6},"end":{"line":103,"column":21}}]},"51":{"type":"branch","line":112,"loc":{"start":{"line":112,"column":2},"end":{"line":138,"column":4}},"locations":[{"start":{"line":112,"column":2},"end":{"line":138,"column":4}}]},"52":{"type":"branch","line":113,"loc":{"start":{"line":113,"column":69},"end":{"line":120,"column":10}},"locations":[{"start":{"line":113,"column":69},"end":{"line":120,"column":10}}]},"53":{"type":"branch","line":120,"loc":{"start":{"line":120,"column":9},"end":{"line":121,"column":11}},"locations":[{"start":{"line":120,"column":9},"end":{"line":121,"column":11}}]},"54":{"type":"branch","line":125,"loc":{"start":{"line":125,"column":25},"end":{"line":125,"column":36}},"locations":[{"start":{"line":125,"column":25},"end":{"line":125,"column":36}}]},"55":{"type":"branch","line":131,"loc":{"start":{"line":131,"column":46},"end":{"line":131,"column":75}},"locations":[{"start":{"line":131,"column":46},"end":{"line":131,"column":75}}]},"56":{"type":"branch","line":131,"loc":{"start":{"line":131,"column":62},"end":{"line":131,"column":85}},"locations":[{"start":{"line":131,"column":62},"end":{"line":131,"column":85}}]},"57":{"type":"branch","line":132,"loc":{"start":{"line":132,"column":49},"end":{"line":132,"column":79}},"locations":[{"start":{"line":132,"column":49},"end":{"line":132,"column":79}}]},"58":{"type":"branch","line":132,"loc":{"start":{"line":132,"column":65},"end":{"line":132,"column":89}},"locations":[{"start":{"line":132,"column":65},"end":{"line":132,"column":89}}]},"59":{"type":"branch","line":133,"loc":{"start":{"line":133,"column":36},"end":{"line":133,"column":60}},"locations":[{"start":{"line":133,"column":36},"end":{"line":133,"column":60}}]},"60":{"type":"branch","line":133,"loc":{"start":{"line":133,"column":52},"end":{"line":133,"column":70}},"locations":[{"start":{"line":133,"column":52},"end":{"line":133,"column":70}}]},"61":{"type":"branch","line":134,"loc":{"start":{"line":134,"column":47},"end":{"line":134,"column":87}},"locations":[{"start":{"line":134,"column":47},"end":{"line":134,"column":87}}]},"62":{"type":"branch","line":134,"loc":{"start":{"line":134,"column":57},"end":{"line":134,"column":97}},"locations":[{"start":{"line":134,"column":57},"end":{"line":134,"column":97}}]},"63":{"type":"branch","line":114,"loc":{"start":{"line":114,"column":26},"end":{"line":120,"column":9}},"locations":[{"start":{"line":114,"column":26},"end":{"line":120,"column":9}}]},"64":{"type":"branch","line":115,"loc":{"start":{"line":115,"column":29},"end":{"line":115,"column":37}},"locations":[{"start":{"line":115,"column":29},"end":{"line":115,"column":37}}]},"65":{"type":"branch","line":117,"loc":{"start":{"line":117,"column":23},"end":{"line":117,"column":47}},"locations":[{"start":{"line":117,"column":23},"end":{"line":117,"column":47}}]},"66":{"type":"branch","line":140,"loc":{"start":{"line":140,"column":2},"end":{"line":171,"column":4}},"locations":[{"start":{"line":140,"column":2},"end":{"line":171,"column":4}}]},"67":{"type":"branch","line":146,"loc":{"start":{"line":146,"column":33},"end":{"line":156,"column":5}},"locations":[{"start":{"line":146,"column":33},"end":{"line":156,"column":5}}]},"68":{"type":"branch","line":148,"loc":{"start":{"line":148,"column":72},"end":{"line":156,"column":5}},"locations":[{"start":{"line":148,"column":72},"end":{"line":156,"column":5}}]},"69":{"type":"branch","line":150,"loc":{"start":{"line":150,"column":4},"end":{"line":156,"column":5}},"locations":[{"start":{"line":150,"column":4},"end":{"line":156,"column":5}}]},"70":{"type":"branch","line":163,"loc":{"start":{"line":163,"column":30},"end":{"line":169,"column":5}},"locations":[{"start":{"line":163,"column":30},"end":{"line":169,"column":5}}]},"71":{"type":"branch","line":151,"loc":{"start":{"line":151,"column":34},"end":{"line":155,"column":8}},"locations":[{"start":{"line":151,"column":34},"end":{"line":155,"column":8}}]},"72":{"type":"branch","line":154,"loc":{"start":{"line":154,"column":68},"end":{"line":154,"column":76}},"locations":[{"start":{"line":154,"column":68},"end":{"line":154,"column":76}}]},"73":{"type":"branch","line":158,"loc":{"start":{"line":158,"column":36},"end":{"line":161,"column":6}},"locations":[{"start":{"line":158,"column":36},"end":{"line":161,"column":6}}]},"74":{"type":"branch","line":164,"loc":{"start":{"line":164,"column":32},"end":{"line":168,"column":8}},"locations":[{"start":{"line":164,"column":32},"end":{"line":168,"column":8}}]},"75":{"type":"branch","line":166,"loc":{"start":{"line":166,"column":57},"end":{"line":166,"column":65}},"locations":[{"start":{"line":166,"column":57},"end":{"line":166,"column":65}}]}},"b":{"0":[47],"1":[44],"2":[42],"3":[42],"4":[5],"5":[30],"6":[16],"7":[0],"8":[14],"9":[2],"10":[12],"11":[12],"12":[1],"13":[11],"14":[4],"15":[0],"16":[2],"17":[3],"18":[0],"19":[0],"20":[3],"21":[0],"22":[0],"23":[1],"24":[2],"25":[1],"26":[31],"27":[3],"28":[0],"29":[28],"30":[3],"31":[25],"32":[3],"33":[31],"34":[27],"35":[4],"36":[4],"37":[0],"38":[1],"39":[3],"40":[1],"41":[1],"42":[6],"43":[6],"44":[2],"45":[0],"46":[2],"47":[2],"48":[0],"49":[0],"50":[0],"51":[31],"52":[29],"53":[2],"54":[7],"55":[4],"56":[27],"57":[1],"58":[30],"59":[1],"60":[30],"61":[1],"62":[30],"63":[27],"64":[2],"65":[3],"66":[6],"67":[3],"68":[2],"69":[1],"70":[2],"71":[1],"72":[0],"73":[6],"74":[2],"75":[0]},"fnMap":{"0":{"name":"asObj","decl":{"start":{"line":21,"column":0},"end":{"line":23,"column":1}},"loc":{"start":{"line":21,"column":0},"end":{"line":23,"column":1}},"line":21},"1":{"name":"normalizeContent","decl":{"start":{"line":25,"column":0},"end":{"line":60,"column":1}},"loc":{"start":{"line":25,"column":0},"end":{"line":60,"column":1}},"line":25},"2":{"name":"normalizeSystem","decl":{"start":{"line":62,"column":0},"end":{"line":70,"column":1}},"loc":{"start":{"line":62,"column":0},"end":{"line":70,"column":1}},"line":62},"3":{"name":"normalizeTools","decl":{"start":{"line":72,"column":0},"end":{"line":82,"column":1}},"loc":{"start":{"line":72,"column":0},"end":{"line":82,"column":1}},"line":72},"4":{"name":"denormalizeContent","decl":{"start":{"line":84,"column":0},"end":{"line":106,"column":1}},"loc":{"start":{"line":84,"column":0},"end":{"line":106,"column":1}},"line":84},"5":{"name":"normalize","decl":{"start":{"line":112,"column":2},"end":{"line":138,"column":4}},"loc":{"start":{"line":112,"column":2},"end":{"line":138,"column":4}},"line":112},"6":{"name":"denormalize","decl":{"start":{"line":140,"column":2},"end":{"line":171,"column":4}},"loc":{"start":{"line":140,"column":2},"end":{"line":171,"column":4}},"line":140}},"f":{"0":47,"1":30,"2":31,"3":31,"4":6,"5":31,"6":6}}
,"/Users/aliarsalan/throttle.ai/packages/proxy/src/adapters/openai.ts": {"path":"/Users/aliarsalan/throttle.ai/packages/proxy/src/adapters/openai.ts","all":false,"statementMap":{"27":{"start":{"line":28,"column":0},"end":{"line":28,"column":48}},"28":{"start":{"line":29,"column":0},"end":{"line":29,"column":85}},"29":{"start":{"line":30,"column":0},"end":{"line":30,"column":1}},"31":{"start":{"line":32,"column":0},"end":{"line":32,"column":61}},"32":{"start":{"line":33,"column":0},"end":{"line":33,"column":36}},"33":{"start":{"line":34,"column":0},"end":{"line":34,"column":67}},"34":{"start":{"line":35,"column":0},"end":{"line":35,"column":3}},"35":{"start":{"line":36,"column":0},"end":{"line":36,"column":32}},"37":{"start":{"line":38,"column":0},"end":{"line":38,"column":14}},"38":{"start":{"line":39,"column":0},"end":{"line":39,"column":3}},"39":{"start":{"line":40,"column":0},"end":{"line":40,"column":46}},"40":{"start":{"line":41,"column":0},"end":{"line":41,"column":26}},"41":{"start":{"line":42,"column":0},"end":{"line":42,"column":84}},"42":{"start":{"line":43,"column":0},"end":{"line":43,"column":38}},"43":{"start":{"line":44,"column":0},"end":{"line":44,"column":5}},"44":{"start":{"line":45,"column":0},"end":{"line":45,"column":1}},"46":{"start":{"line":47,"column":0},"end":{"line":47,"column":52}},"47":{"start":{"line":48,"column":0},"end":{"line":48,"column":39}},"48":{"start":{"line":49,"column":0},"end":{"line":49,"column":27}},"49":{"start":{"line":50,"column":0},"end":{"line":50,"column":32}},"50":{"start":{"line":51,"column":0},"end":{"line":51,"column":42}},"51":{"start":{"line":52,"column":0},"end":{"line":52,"column":12}},"52":{"start":{"line":53,"column":0},"end":{"line":53,"column":34}},"53":{"start":{"line":54,"column":0},"end":{"line":54,"column":71}},"55":{"start":{"line":56,"column":0},"end":{"line":56,"column":34}},"56":{"start":{"line":57,"column":0},"end":{"line":57,"column":6}},"57":{"start":{"line":58,"column":0},"end":{"line":58,"column":5}},"58":{"start":{"line":59,"column":0},"end":{"line":59,"column":1}},"61":{"start":{"line":62,"column":0},"end":{"line":62,"column":76}},"62":{"start":{"line":63,"column":0},"end":{"line":63,"column":48}},"63":{"start":{"line":64,"column":0},"end":{"line":64,"column":38}},"64":{"start":{"line":65,"column":0},"end":{"line":65,"column":40}},"65":{"start":{"line":66,"column":0},"end":{"line":66,"column":1}},"67":{"start":{"line":68,"column":0},"end":{"line":68,"column":85}},"68":{"start":{"line":69,"column":0},"end":{"line":69,"column":57}},"69":{"start":{"line":70,"column":0},"end":{"line":70,"column":32}},"70":{"start":{"line":71,"column":0},"end":{"line":71,"column":61}},"71":{"start":{"line":72,"column":0},"end":{"line":72,"column":3}},"72":{"start":{"line":73,"column":0},"end":{"line":73,"column":111}},"73":{"start":{"line":74,"column":0},"end":{"line":74,"column":1}},"75":{"start":{"line":76,"column":0},"end":{"line":76,"column":39}},"76":{"start":{"line":77,"column":0},"end":{"line":77,"column":21}},"77":{"start":{"line":78,"column":0},"end":{"line":78,"column":31}},"79":{"start":{"line":80,"column":0},"end":{"line":80,"column":46}},"80":{"start":{"line":81,"column":0},"end":{"line":81,"column":70}},"81":{"start":{"line":82,"column":0},"end":{"line":82,"column":53}},"82":{"start":{"line":83,"column":0},"end":{"line":83,"column":37}},"83":{"start":{"line":84,"column":0},"end":{"line":84,"column":18}},"84":{"start":{"line":85,"column":0},"end":{"line":85,"column":47}},"85":{"start":{"line":86,"column":0},"end":{"line":86,"column":51}},"86":{"start":{"line":87,"column":0},"end":{"line":87,"column":12}},"87":{"start":{"line":88,"column":0},"end":{"line":88,"column":10}},"88":{"start":{"line":89,"column":0},"end":{"line":89,"column":11}},"90":{"start":{"line":91,"column":0},"end":{"line":91,"column":12}},"91":{"start":{"line":92,"column":0},"end":{"line":92,"column":25}},"92":{"start":{"line":93,"column":0},"end":{"line":93,"column":38}},"93":{"start":{"line":94,"column":0},"end":{"line":94,"column":81}},"94":{"start":{"line":95,"column":0},"end":{"line":95,"column":15}},"95":{"start":{"line":96,"column":0},"end":{"line":96,"column":40}},"96":{"start":{"line":97,"column":0},"end":{"line":97,"column":35}},"97":{"start":{"line":98,"column":0},"end":{"line":98,"column":15}},"98":{"start":{"line":99,"column":0},"end":{"line":99,"column":18}},"99":{"start":{"line":100,"column":0},"end":{"line":100,"column":45}},"100":{"start":{"line":101,"column":0},"end":{"line":101,"column":29}},"101":{"start":{"line":102,"column":0},"end":{"line":102,"column":60}},"102":{"start":{"line":103,"column":0},"end":{"line":103,"column":42}},"103":{"start":{"line":104,"column":0},"end":{"line":104,"column":26}},"104":{"start":{"line":105,"column":0},"end":{"line":105,"column":89}},"105":{"start":{"line":106,"column":0},"end":{"line":106,"column":70}},"106":{"start":{"line":107,"column":0},"end":{"line":107,"column":77}},"107":{"start":{"line":108,"column":0},"end":{"line":108,"column":8}},"108":{"start":{"line":109,"column":0},"end":{"line":109,"column":16}},"109":{"start":{"line":110,"column":0},"end":{"line":110,"column":6}},"110":{"start":{"line":111,"column":0},"end":{"line":111,"column":4}},"112":{"start":{"line":113,"column":0},"end":{"line":113,"column":47}},"113":{"start":{"line":114,"column":0},"end":{"line":114,"column":39}},"114":{"start":{"line":115,"column":0},"end":{"line":115,"column":26}},"115":{"start":{"line":116,"column":0},"end":{"line":116,"column":53}},"117":{"start":{"line":118,"column":0},"end":{"line":118,"column":47}},"118":{"start":{"line":119,"column":0},"end":{"line":119,"column":86}},"119":{"start":{"line":120,"column":0},"end":{"line":120,"column":63}},"122":{"start":{"line":123,"column":0},"end":{"line":123,"column":64}},"125":{"start":{"line":126,"column":0},"end":{"line":126,"column":33}},"126":{"start":{"line":127,"column":0},"end":{"line":127,"column":66}},"127":{"start":{"line":128,"column":0},"end":{"line":128,"column":7}},"128":{"start":{"line":129,"column":0},"end":{"line":129,"column":17}},"129":{"start":{"line":130,"column":0},"end":{"line":130,"column":7}},"131":{"start":{"line":132,"column":0},"end":{"line":132,"column":31}},"132":{"start":{"line":133,"column":0},"end":{"line":133,"column":83}},"133":{"start":{"line":134,"column":0},"end":{"line":134,"column":5}},"134":{"start":{"line":135,"column":0},"end":{"line":135,"column":15}},"135":{"start":{"line":136,"column":0},"end":{"line":136,"column":4}},"136":{"start":{"line":137,"column":0},"end":{"line":137,"column":2}}},"s":{"27":48,"28":48,"29":48,"31":18,"32":18,"33":11,"34":11,"35":14,"37":5,"38":5,"39":2,"40":4,"41":4,"42":2,"43":2,"44":2,"46":19,"47":19,"48":3,"49":3,"50":3,"51":3,"52":3,"53":3,"55":3,"56":3,"57":3,"58":3,"61":11,"62":11,"63":10,"64":11,"65":11,"67":9,"68":9,"69":9,"70":7,"71":7,"72":2,"73":2,"75":1,"76":1,"77":1,"79":1,"80":19,"81":17,"82":18,"83":18,"84":18,"85":18,"86":18,"87":17,"88":2,"90":19,"91":19,"92":19,"93":19,"94":19,"95":19,"96":19,"97":19,"98":19,"99":19,"100":1,"101":18,"102":1,"103":17,"104":19,"105":19,"106":19,"107":19,"108":19,"109":19,"110":19,"112":1,"113":6,"114":6,"115":6,"117":6,"118":11,"119":11,"122":11,"125":11,"126":9,"127":9,"128":11,"129":6,"131":6,"132":1,"133":1,"134":6,"135":6,"136":1},"branchMap":{"0":{"type":"branch","line":28,"loc":{"start":{"line":28,"column":0},"end":{"line":30,"column":1}},"locations":[{"start":{"line":28,"column":0},"end":{"line":30,"column":1}}]},"1":{"type":"branch","line":29,"loc":{"start":{"line":29,"column":9},"end":{"line":29,"column":39}},"locations":[{"start":{"line":29,"column":9},"end":{"line":29,"column":39}}]},"2":{"type":"branch","line":29,"loc":{"start":{"line":29,"column":27},"end":{"line":29,"column":60}},"locations":[{"start":{"line":29,"column":27},"end":{"line":29,"column":60}}]},"3":{"type":"branch","line":29,"loc":{"start":{"line":29,"column":55},"end":{"line":29,"column":75}},"locations":[{"start":{"line":29,"column":55},"end":{"line":29,"column":75}}]},"4":{"type":"branch","line":29,"loc":{"start":{"line":29,"column":60},"end":{"line":29,"column":85}},"locations":[{"start":{"line":29,"column":60},"end":{"line":29,"column":85}}]},"5":{"type":"branch","line":32,"loc":{"start":{"line":32,"column":0},"end":{"line":45,"column":1}},"locations":[{"start":{"line":32,"column":0},"end":{"line":45,"column":1}}]},"6":{"type":"branch","line":33,"loc":{"start":{"line":33,"column":35},"end":{"line":35,"column":3}},"locations":[{"start":{"line":33,"column":35},"end":{"line":35,"column":3}}]},"7":{"type":"branch","line":34,"loc":{"start":{"line":34,"column":60},"end":{"line":34,"column":67}},"locations":[{"start":{"line":34,"column":60},"end":{"line":34,"column":67}}]},"8":{"type":"branch","line":35,"loc":{"start":{"line":35,"column":2},"end":{"line":39,"column":3}},"locations":[{"start":{"line":35,"column":2},"end":{"line":39,"column":3}}]},"9":{"type":"branch","line":35,"loc":{"start":{"line":35,"column":2},"end":{"line":36,"column":31}},"locations":[{"start":{"line":35,"column":2},"end":{"line":36,"column":31}}]},"10":{"type":"branch","line":36,"loc":{"start":{"line":36,"column":31},"end":{"line":39,"column":3}},"locations":[{"start":{"line":36,"column":31},"end":{"line":39,"column":3}}]},"11":{"type":"branch","line":39,"loc":{"start":{"line":39,"column":2},"end":{"line":45,"column":1}},"locations":[{"start":{"line":39,"column":2},"end":{"line":45,"column":1}}]},"12":{"type":"branch","line":40,"loc":{"start":{"line":40,"column":21},"end":{"line":44,"column":3}},"locations":[{"start":{"line":40,"column":21},"end":{"line":44,"column":3}}]},"13":{"type":"branch","line":42,"loc":{"start":{"line":42,"column":32},"end":{"line":43,"column":38}},"locations":[{"start":{"line":42,"column":32},"end":{"line":43,"column":38}}]},"14":{"type":"branch","line":42,"loc":{"start":{"line":42,"column":70},"end":{"line":42,"column":80}},"locations":[{"start":{"line":42,"column":70},"end":{"line":42,"column":80}}]},"15":{"type":"branch","line":47,"loc":{"start":{"line":47,"column":0},"end":{"line":59,"column":1}},"locations":[{"start":{"line":47,"column":0},"end":{"line":59,"column":1}}]},"16":{"type":"branch","line":48,"loc":{"start":{"line":48,"column":29},"end":{"line":48,"column":39}},"locations":[{"start":{"line":48,"column":29},"end":{"line":48,"column":39}}]},"17":{"type":"branch","line":48,"loc":{"start":{"line":48,"column":37},"end":{"line":59,"column":1}},"locations":[{"start":{"line":48,"column":37},"end":{"line":59,"column":1}}]},"18":{"type":"branch","line":49,"loc":{"start":{"line":49,"column":19},"end":{"line":58,"column":3}},"locations":[{"start":{"line":49,"column":19},"end":{"line":58,"column":3}}]},"19":{"type":"branch","line":50,"loc":{"start":{"line":50,"column":24},"end":{"line":50,"column":32}},"locations":[{"start":{"line":50,"column":24},"end":{"line":50,"column":32}}]},"20":{"type":"branch","line":51,"loc":{"start":{"line":51,"column":34},"end":{"line":51,"column":42}},"locations":[{"start":{"line":51,"column":34},"end":{"line":51,"column":42}}]},"21":{"type":"branch","line":53,"loc":{"start":{"line":53,"column":22},"end":{"line":53,"column":32}},"locations":[{"start":{"line":53,"column":22},"end":{"line":53,"column":32}}]},"22":{"type":"branch","line":54,"loc":{"start":{"line":54,"column":22},"end":{"line":54,"column":61}},"locations":[{"start":{"line":54,"column":22},"end":{"line":54,"column":61}}]},"23":{"type":"branch","line":54,"loc":{"start":{"line":54,"column":57},"end":{"line":54,"column":71}},"locations":[{"start":{"line":54,"column":57},"end":{"line":54,"column":71}}]},"24":{"type":"branch","line":56,"loc":{"start":{"line":56,"column":19},"end":{"line":56,"column":34}},"locations":[{"start":{"line":56,"column":19},"end":{"line":56,"column":34}}]},"25":{"type":"branch","line":62,"loc":{"start":{"line":62,"column":0},"end":{"line":66,"column":1}},"locations":[{"start":{"line":62,"column":0},"end":{"line":66,"column":1}}]},"26":{"type":"branch","line":63,"loc":{"start":{"line":63,"column":35},"end":{"line":63,"column":48}},"locations":[{"start":{"line":63,"column":35},"end":{"line":63,"column":48}}]},"27":{"type":"branch","line":63,"loc":{"start":{"line":63,"column":42},"end":{"line":65,"column":31}},"locations":[{"start":{"line":63,"column":42},"end":{"line":65,"column":31}}]},"28":{"type":"branch","line":68,"loc":{"start":{"line":68,"column":0},"end":{"line":74,"column":1}},"locations":[{"start":{"line":68,"column":0},"end":{"line":74,"column":1}}]},"29":{"type":"branch","line":70,"loc":{"start":{"line":70,"column":6},"end":{"line":70,"column":31}},"locations":[{"start":{"line":70,"column":6},"end":{"line":70,"column":31}}]},"30":{"type":"branch","line":70,"loc":{"start":{"line":70,"column":31},"end":{"line":72,"column":3}},"locations":[{"start":{"line":70,"column":31},"end":{"line":72,"column":3}}]},"31":{"type":"branch","line":72,"loc":{"start":{"line":72,"column":2},"end":{"line":74,"column":1}},"locations":[{"start":{"line":72,"column":2},"end":{"line":74,"column":1}}]},"32":{"type":"branch","line":69,"loc":{"start":{"line":69,"column":31},"end":{"line":69,"column":55}},"locations":[{"start":{"line":69,"column":31},"end":{"line":69,"column":55}}]},"33":{"type":"branch","line":71,"loc":{"start":{"line":71,"column":22},"end":{"line":71,"column":50}},"locations":[{"start":{"line":71,"column":22},"end":{"line":71,"column":50}}]},"34":{"type":"branch","line":73,"loc":{"start":{"line":73,"column":20},"end":{"line":73,"column":109}},"locations":[{"start":{"line":73,"column":20},"end":{"line":73,"column":109}}]},"35":{"type":"branch","line":73,"loc":{"start":{"line":73,"column":39},"end":{"line":73,"column":82}},"locations":[{"start":{"line":73,"column":39},"end":{"line":73,"column":82}}]},"36":{"type":"branch","line":73,"loc":{"start":{"line":73,"column":77},"end":{"line":73,"column":109}},"locations":[{"start":{"line":73,"column":77},"end":{"line":73,"column":109}}]},"37":{"type":"branch","line":80,"loc":{"start":{"line":80,"column":2},"end":{"line":111,"column":4}},"locations":[{"start":{"line":80,"column":2},"end":{"line":111,"column":4}}]},"38":{"type":"branch","line":81,"loc":{"start":{"line":81,"column":69},"end":{"line":88,"column":10}},"locations":[{"start":{"line":81,"column":69},"end":{"line":88,"column":10}}]},"39":{"type":"branch","line":88,"loc":{"start":{"line":88,"column":9},"end":{"line":89,"column":11}},"locations":[{"start":{"line":88,"column":9},"end":{"line":89,"column":11}}]},"40":{"type":"branch","line":93,"loc":{"start":{"line":93,"column":25},"end":{"line":93,"column":36}},"locations":[{"start":{"line":93,"column":25},"end":{"line":93,"column":36}}]},"41":{"type":"branch","line":100,"loc":{"start":{"line":100,"column":37},"end":{"line":101,"column":29}},"locations":[{"start":{"line":100,"column":37},"end":{"line":101,"column":29}}]},"42":{"type":"branch","line":101,"loc":{"start":{"line":101,"column":19},"end":{"line":104,"column":26}},"locations":[{"start":{"line":101,"column":19},"end":{"line":104,"column":26}}]},"43":{"type":"branch","line":102,"loc":{"start":{"line":102,"column":52},"end":{"line":103,"column":42}},"locations":[{"start":{"line":102,"column":52},"end":{"line":103,"column":42}}]},"44":{"type":"branch","line":103,"loc":{"start":{"line":103,"column":21},"end":{"line":104,"column":26}},"locations":[{"start":{"line":103,"column":21},"end":{"line":104,"column":26}}]},"45":{"type":"branch","line":105,"loc":{"start":{"line":105,"column":49},"end":{"line":105,"column":79}},"locations":[{"start":{"line":105,"column":49},"end":{"line":105,"column":79}}]},"46":{"type":"branch","line":106,"loc":{"start":{"line":106,"column":36},"end":{"line":106,"column":60}},"locations":[{"start":{"line":106,"column":36},"end":{"line":106,"column":60}}]},"47":{"type":"branch","line":107,"loc":{"start":{"line":107,"column":37},"end":{"line":107,"column":67}},"locations":[{"start":{"line":107,"column":37},"end":{"line":107,"column":67}}]},"48":{"type":"branch","line":107,"loc":{"start":{"line":107,"column":47},"end":{"line":107,"column":77}},"locations":[{"start":{"line":107,"column":47},"end":{"line":107,"column":77}}]},"49":{"type":"branch","line":82,"loc":{"start":{"line":82,"column":26},"end":{"line":88,"column":9}},"locations":[{"start":{"line":82,"column":26},"end":{"line":88,"column":9}}]},"50":{"type":"branch","line":83,"loc":{"start":{"line":83,"column":29},"end":{"line":83,"column":37}},"locations":[{"start":{"line":83,"column":29},"end":{"line":83,"column":37}}]},"51":{"type":"branch","line":85,"loc":{"start":{"line":85,"column":23},"end":{"line":85,"column":47}},"locations":[{"start":{"line":85,"column":23},"end":{"line":85,"column":47}}]},"52":{"type":"branch","line":113,"loc":{"start":{"line":113,"column":2},"end":{"line":136,"column":4}},"locations":[{"start":{"line":113,"column":2},"end":{"line":136,"column":4}}]},"53":{"type":"branch","line":132,"loc":{"start":{"line":132,"column":30},"end":{"line":134,"column":5}},"locations":[{"start":{"line":132,"column":30},"end":{"line":134,"column":5}}]},"54":{"type":"branch","line":118,"loc":{"start":{"line":118,"column":36},"end":{"line":130,"column":5}},"locations":[{"start":{"line":118,"column":36},"end":{"line":130,"column":5}}]},"55":{"type":"branch","line":119,"loc":{"start":{"line":119,"column":48},"end":{"line":119,"column":76}},"locations":[{"start":{"line":119,"column":48},"end":{"line":119,"column":76}}]},"56":{"type":"branch","line":119,"loc":{"start":{"line":119,"column":72},"end":{"line":119,"column":86}},"locations":[{"start":{"line":119,"column":72},"end":{"line":119,"column":86}}]},"57":{"type":"branch","line":123,"loc":{"start":{"line":123,"column":32},"end":{"line":123,"column":49}},"locations":[{"start":{"line":123,"column":32},"end":{"line":123,"column":49}}]},"58":{"type":"branch","line":126,"loc":{"start":{"line":126,"column":32},"end":{"line":128,"column":7}},"locations":[{"start":{"line":126,"column":32},"end":{"line":128,"column":7}}]},"59":{"type":"branch","line":133,"loc":{"start":{"line":133,"column":32},"end":{"line":133,"column":81}},"locations":[{"start":{"line":133,"column":32},"end":{"line":133,"column":81}}]}},"b":{"0":[48],"1":[46],"2":[46],"3":[46],"4":[2],"5":[18],"6":[11],"7":[0],"8":[14],"9":[7],"10":[5],"11":[2],"12":[4],"13":[2],"14":[0],"15":[19],"16":[16],"17":[3],"18":[3],"19":[0],"20":[1],"21":[1],"22":[1],"23":[2],"24":[1],"25":[11],"26":[1],"27":[10],"28":[9],"29":[7],"30":[7],"31":[2],"32":[10],"33":[7],"34":[3],"35":[2],"36":[1],"37":[19],"38":[17],"39":[2],"40":[5],"41":[1],"42":[18],"43":[1],"44":[17],"45":[0],"46":[0],"47":[1],"48":[18],"49":[18],"50":[1],"51":[1],"52":[6],"53":[1],"54":[11],"55":[10],"56":[1],"57":[1],"58":[9],"59":[1]},"fnMap":{"0":{"name":"asObj","decl":{"start":{"line":28,"column":0},"end":{"line":30,"column":1}},"loc":{"start":{"line":28,"column":0},"end":{"line":30,"column":1}},"line":28},"1":{"name":"normalizeContent","decl":{"start":{"line":32,"column":0},"end":{"line":45,"column":1}},"loc":{"start":{"line":32,"column":0},"end":{"line":45,"column":1}},"line":32},"2":{"name":"normalizeTools","decl":{"start":{"line":47,"column":0},"end":{"line":59,"column":1}},"loc":{"start":{"line":47,"column":0},"end":{"line":59,"column":1}},"line":47},"3":{"name":"rawContentWasString","decl":{"start":{"line":62,"column":0},"end":{"line":66,"column":1}},"loc":{"start":{"line":62,"column":0},"end":{"line":66,"column":1}},"line":62},"4":{"name":"denormalizeContent","decl":{"start":{"line":68,"column":0},"end":{"line":74,"column":1}},"loc":{"start":{"line":68,"column":0},"end":{"line":74,"column":1}},"line":68},"5":{"name":"normalize","decl":{"start":{"line":80,"column":2},"end":{"line":111,"column":4}},"loc":{"start":{"line":80,"column":2},"end":{"line":111,"column":4}},"line":80},"6":{"name":"denormalize","decl":{"start":{"line":113,"column":2},"end":{"line":136,"column":4}},"loc":{"start":{"line":113,"column":2},"end":{"line":136,"column":4}},"line":113}},"f":{"0":48,"1":18,"2":19,"3":11,"4":9,"5":19,"6":6}}
}
